\BOOKMARK [0][-]{chapter.1}{\376\377\000P\000r\000o\000b\000a\000b\000i\000l\000i\000d\000a\000d}{}% 1
\BOOKMARK [1][-]{section.1.1}{\376\377\000F\000u\000n\000d\000a\000m\000e\000n\000t\000o\000s\000\040\000d\000e\000\040\000p\000r\000o\000b\000a\000b\000i\000l\000i\000d\000a\000d}{chapter.1}% 2
\BOOKMARK [1][-]{section.1.2}{\376\377\000P\000r\000o\000b\000a\000b\000i\000l\000i\000d\000a\000d\000\040\000c\000o\000n\000d\000i\000c\000i\000o\000n\000a\000l}{chapter.1}% 3
\BOOKMARK [1][-]{section.1.3}{\376\377\000A\000n\000\341\000l\000i\000s\000i\000s\000\040\000c\000o\000m\000b\000i\000n\000a\000t\000o\000r\000i\000o}{chapter.1}% 4
\BOOKMARK [1][-]{section.1.4}{\376\377\000V\000a\000r\000i\000a\000b\000l\000e\000s\000\040\000a\000l\000e\000a\000t\000o\000r\000i\000a\000s}{chapter.1}% 5
\BOOKMARK [1][-]{section.1.5}{\376\377\000F\000u\000n\000c\000i\000o\000n\000e\000s\000\040\000d\000e\000\040\000p\000r\000o\000b\000a\000b\000i\000l\000i\000d\000a\000d\000\040\000d\000i\000s\000c\000r\000e\000t\000a\000s}{chapter.1}% 6
\BOOKMARK [1][-]{section.1.6}{\376\377\000F\000u\000n\000c\000i\000o\000n\000e\000s\000\040\000d\000e\000\040\000d\000i\000s\000t\000r\000i\000b\000u\000c\000i\000\363\000n\000\040\000p\000a\000r\000a\000\040\000v\000a\000r\000i\000a\000b\000l\000e\000s\000\040\000a\000l\000e\000a\000t\000o\000r\000i\000a\000s\000\040\000d\000i\000s\000c\000r\000e\000t\000a\000s}{chapter.1}% 7
\BOOKMARK [1][-]{section.1.7}{\376\377\000V\000a\000r\000i\000a\000b\000l\000e\000\040\000A\000l\000e\000a\000t\000o\000r\000i\000a\000s\000\040\000C\000o\000n\000t\000i\000n\000u\000a\000s}{chapter.1}% 8
\BOOKMARK [1][-]{section.1.8}{\376\377\000I\000n\000t\000e\000r\000p\000r\000e\000t\000a\000c\000i\000\363\000n\000\040\000g\000r\000\341\000f\000i\000c\000a}{chapter.1}% 9
\BOOKMARK [1][-]{section.1.9}{\376\377\000D\000i\000s\000t\000r\000i\000b\000u\000c\000i\000\363\000n\000\040\000c\000o\000n\000j\000u\000n\000t\000a\000\040\000d\000e\000\040\000p\000r\000o\000b\000a\000b\000i\000l\000i\000d\000a\000d}{chapter.1}% 10
\BOOKMARK [1][-]{section.1.10}{\376\377\000V\000a\000r\000i\000a\000b\000l\000e\000s\000\040\000A\000l\000e\000a\000t\000o\000r\000i\000a\000s\000\040\000I\000n\000d\000e\000p\000e\000n\000d\000i\000e\000n\000t\000e\000s}{chapter.1}% 11
\BOOKMARK [1][-]{section.1.11}{\376\377\000D\000i\000s\000t\000r\000i\000b\000u\000c\000i\000\363\000n\000\040\000C\000o\000n\000d\000i\000c\000i\000o\000n\000a\000l}{chapter.1}% 12
\BOOKMARK [1][-]{section.1.12}{\376\377\000D\000e\000f\000i\000n\000i\000c\000i\000\363\000n\000\040\000d\000e\000\040\000E\000s\000p\000e\000r\000a\000n\000z\000a\000\040\000M\000a\000t\000e\000m\000\341\000t\000i\000c\000a}{chapter.1}% 13
\BOOKMARK [1][-]{section.1.13}{\376\377\000V\000a\000r\000i\000a\000n\000z\000a\000\040\000y\000\040\000D\000e\000s\000v\000i\000a\000c\000i\000\363\000n\000\040\000E\000s\000t\000\341\000n\000d\000a\000r}{chapter.1}% 14
\BOOKMARK [1][-]{section.1.14}{\376\377\000C\000o\000v\000a\000r\000i\000a\000n\000z\000a}{chapter.1}% 15
\BOOKMARK [1][-]{section.1.15}{\376\377\000L\000a\000\040\000D\000i\000s\000t\000r\000i\000b\000u\000c\000i\000\363\000n\000\040\000B\000i\000n\000o\000m\000i\000a\000l}{chapter.1}% 16
\BOOKMARK [1][-]{section.1.16}{\376\377\000D\000i\000s\000t\000r\000i\000b\000u\000c\000i\000\363\000n\000\040\000N\000o\000r\000m\000a\000l}{chapter.1}% 17
\BOOKMARK [1][-]{section.1.17}{\376\377\000R\000e\000l\000a\000c\000i\000\363\000n\000\040\000e\000n\000t\000r\000e\000\040\000l\000a\000s\000\040\000d\000i\000s\000t\000r\000i\000b\000u\000c\000i\000o\000n\000e\000s\000\040\000b\000i\000n\000o\000m\000i\000a\000l\000\040\000y\000\040\000n\000o\000r\000m\000a\000l}{chapter.1}% 18
\BOOKMARK [1][-]{section.1.18}{\376\377\000L\000a\000\040\000D\000i\000s\000t\000r\000i\000b\000u\000c\000i\000\363\000n\000\040\000d\000e\000\040\000P\000o\000i\000s\000s\000o\000n}{chapter.1}% 19
\BOOKMARK [1][-]{section.1.19}{\376\377\000R\000e\000l\000a\000c\000i\000\363\000n\000\040\000e\000n\000t\000r\000e\000\040\000l\000a\000s\000\040\000D\000i\000s\000t\000r\000i\000b\000u\000c\000i\000o\000n\000e\000s\000\040\000B\000i\000n\000o\000m\000i\000a\000l\000e\000s\000\040\000y\000\040\000d\000e\000\040\000P\000o\000i\000s\000s\000o\000n}{chapter.1}% 20
\BOOKMARK [1][-]{section.1.20}{\376\377\000D\000i\000s\000t\000r\000i\000b\000u\000c\000i\000\363\000n\000\040\000m\000u\000l\000t\000i\000n\000o\000m\000i\000a\000l}{chapter.1}% 21
\BOOKMARK [1][-]{section.1.21}{\376\377\000P\000r\000o\000b\000l\000e\000m\000a\000s\000\040\000R\000e\000s\000u\000e\000l\000t\000o\000s}{chapter.1}% 22
