This is pdfTeX, Version 3.141592653-2.6-1.40.22 (MiKTeX 21.3) (preloaded format=pdflatex 2021.5.25)  6 JUL 2021 10:59
entering extended mode
**"./[000] Estad√≠stica Matem√°tica.tex"
([000] Estad√≠stica Matem√°tica.tex
LaTeX2e <2020-10-01> patch level 4
L3 programming layer <2021-05-11>
(C:\Users\julih\AppData\Local\Programs\MiKTeX\tex/latex/tufte-latex\tufte-book.
cls
Document Class: tufte-book 2015/06/21 v3.5.2 Tufte-book class

(C:\Users\julih\AppData\Local\Programs\MiKTeX\tex/latex/tufte-latex\tufte-commo
n.def
File: tufte-common.def 2015/06/21 v3.5.2 Common code for the Tufte-LaTeX styles


(C:\Users\julih\AppData\Local\Programs\MiKTeX\tex/latex/xkeyval\xkeyval.sty
Package: xkeyval 2020/11/20 v2.8 package option processing (HA)

(C:\Users\julih\AppData\Local\Programs\MiKTeX\tex/generic/xkeyval\xkeyval.tex
(C:\Users\julih\AppData\Local\Programs\MiKTeX\tex/generic/xkeyval\xkvutils.tex
\XKV@toks=\toks15
\XKV@tempa@toks=\toks16

(C:\Users\julih\AppData\Local\Programs\MiKTeX\tex/generic/xkeyval\keyval.tex))
\XKV@depth=\count179
File: xkeyval.tex 2014/12/03 v2.7a key=value parser (HA)
)) (C:\Users\julih\AppData\Local\Programs\MiKTeX\tex/latex/xifthen\xifthen.sty
Package: xifthen 2015/11/05 v1.4.0 Extended ifthen features

(C:\Users\julih\AppData\Local\Programs\MiKTeX\tex/latex/latex-tools\calc.sty
Package: calc 2017/05/25 v4.3 Infix arithmetic (KKT,FJ)
\calc@Acount=\count180
\calc@Bcount=\count181
\calc@Adimen=\dimen138
\calc@Bdimen=\dimen139
\calc@Askip=\skip47
\calc@Bskip=\skip48
LaTeX Info: Redefining \setlength on input line 80.
LaTeX Info: Redefining \addtolength on input line 81.
\calc@Ccount=\count182
\calc@Cskip=\skip49
)
(C:\Users\julih\AppData\Local\Programs\MiKTeX\tex/latex/base\ifthen.sty
Package: ifthen 2014/09/29 v1.1c Standard LaTeX ifthen package (DPC)
)
(C:\Users\julih\AppData\Local\Programs\MiKTeX\tex/latex/ifmtarg\ifmtarg.sty
Package: ifmtarg 2018/04/16 v1.2b check for an empty argument
))
(C:\Users\julih\AppData\Local\Programs\MiKTeX\tex/latex/hardwrap\hardwrap.sty
Package: hardwrap 2011/02/12 v0.2 Hard wrap messages

(C:\Users\julih\AppData\Local\Programs\MiKTeX\tex/latex/ifplatform\ifplatform.s
ty
Package: ifplatform 2017/10/13 v0.4a Testing for the operating system

(C:\Users\julih\AppData\Local\Programs\MiKTeX\tex/latex/latex-tools\shellesc.st
y
Package: shellesc 2019/11/08 v1.0c unified shell escape interface for LaTeX
Package shellesc Info: Restricted shell escape enabled on input line 77.
)
(C:\Users\julih\AppData\Local\Programs\MiKTeX\tex/generic/pdftexcmds\pdftexcmds
.sty
Package: pdftexcmds 2020-06-27 v0.33 Utility functions of pdfTeX for LuaTeX (HO
)

(C:\Users\julih\AppData\Local\Programs\MiKTeX\tex/generic/infwarerr\infwarerr.s
ty
Package: infwarerr 2019/12/03 v1.5 Providing info/warning/error messages (HO)
) (C:\Users\julih\AppData\Local\Programs\MiKTeX\tex/generic/iftex\iftex.sty
Package: iftex 2020/03/06 v1.0d TeX engine tests
)
(C:\Users\julih\AppData\Local\Programs\MiKTeX\tex/generic/ltxcmds\ltxcmds.sty
Package: ltxcmds 2020-05-10 v1.25 LaTeX kernel commands for general use (HO)
)
Package pdftexcmds Info: \pdf@primitive is available.
Package pdftexcmds Info: \pdf@ifprimitive is available.
Package pdftexcmds Info: \pdfdraftmode found.
)
(C:\Users\julih\AppData\Local\Programs\MiKTeX\tex/generic/catchfile\catchfile.s
ty
Package: catchfile 2019/12/09 v1.8 Catch the contents of a file (HO)

(C:\Users\julih\AppData\Local\Programs\MiKTeX\tex/generic/etexcmds\etexcmds.sty
Package: etexcmds 2019/12/15 v1.7 Avoid name clashes with e-TeX commands (HO)
)) (C:\Users\julih\AppData\Local\Programs\MiKTeX\tex/generic/iftex\ifluatex.sty
Package: ifluatex 2019/10/25 v1.5 ifluatex legacy package. Use iftex instead.
)

Package ifplatform Warning: 
    shell escape is disabled, so I can only detect \ifwindows.

) (C:\Users\julih\AppData\Local\Programs\MiKTeX\tex/generic/iftex\ifxetex.sty
Package: ifxetex 2019/10/25 v0.7 ifxetex legacy package. Use iftex instead.
)
\hw@charcount=\count183
\hw@wordcount=\count184
\hw@maxprintline=\count185
)

Class tufte-book Warning: Option `12pt' is not supported -- ignoring option

Class tufte-book Info: Loading the base class `book'
(C:\Users\julih\AppData\Local\Programs\MiKTeX\tex/latex/base\book.cls
Document Class: book 2020/04/10 v1.4m Standard LaTeX document class
(C:\Users\julih\AppData\Local\Programs\MiKTeX\tex/latex/base\bk10.clo
File: bk10.clo 2020/04/10 v1.4m Standard LaTeX file (size option)
)
\c@part=\count186
\c@chapter=\count187
\c@section=\count188
\c@subsection=\count189
\c@subsubsection=\count190
\c@paragraph=\count191
\c@subparagraph=\count192
\c@figure=\count193
\c@table=\count194
\abovecaptionskip=\skip50
\belowcaptionskip=\skip51
\bibindent=\dimen140
)
(C:\Users\julih\AppData\Local\Programs\MiKTeX\tex/generic/iftex\ifpdf.sty
Package: ifpdf 2019/10/25 v3.4 ifpdf legacy package. Use iftex instead.
)
(C:\Users\julih\AppData\Local\Programs\MiKTeX\tex/latex/titlesec\titlesec.sty
Package: titlesec 2019/10/16 v2.13 Sectioning titles
\ttl@box=\box47
\beforetitleunit=\skip52
\aftertitleunit=\skip53
\ttl@plus=\dimen141
\ttl@minus=\dimen142
\ttl@toksa=\toks17
\titlewidth=\dimen143
\titlewidthlast=\dimen144
\titlewidthfirst=\dimen145
)
(C:\Users\julih\AppData\Local\Programs\MiKTeX\tex/latex/titlesec\titletoc.sty
Package: titletoc 2019/10/16 v2.13 TOC entries
\ttl@leftsep=\dimen146
)
(C:\Users\julih\AppData\Local\Programs\MiKTeX\tex/latex/hyperref\hyperref.sty
Package: hyperref 2021-02-27 v7.00k Hypertext links for LaTeX

(C:\Users\julih\AppData\Local\Programs\MiKTeX\tex/generic/kvsetkeys\kvsetkeys.s
ty
Package: kvsetkeys 2019/12/15 v1.18 Key value parser (HO)
)
(C:\Users\julih\AppData\Local\Programs\MiKTeX\tex/generic/kvdefinekeys\kvdefine
keys.sty
Package: kvdefinekeys 2019-12-19 v1.6 Define keys (HO)
)
(C:\Users\julih\AppData\Local\Programs\MiKTeX\tex/generic/pdfescape\pdfescape.s
ty
Package: pdfescape 2019/12/09 v1.15 Implements pdfTeX's escape features (HO)
) (C:\Users\julih\AppData\Local\Programs\MiKTeX\tex/latex/hycolor\hycolor.sty
Package: hycolor 2020-01-27 v1.10 Color options for hyperref/bookmark (HO)
)
(C:\Users\julih\AppData\Local\Programs\MiKTeX\tex/latex/letltxmacro\letltxmacro
.sty
Package: letltxmacro 2019/12/03 v1.6 Let assignment for LaTeX macros (HO)
)
(C:\Users\julih\AppData\Local\Programs\MiKTeX\tex/latex/auxhook\auxhook.sty
Package: auxhook 2019-12-17 v1.6 Hooks for auxiliary files (HO)
)
(C:\Users\julih\AppData\Local\Programs\MiKTeX\tex/latex/kvoptions\kvoptions.sty
Package: kvoptions 2020-10-07 v3.14 Key value format for package options (HO)
)
\@linkdim=\dimen147
\Hy@linkcounter=\count195
\Hy@pagecounter=\count196
 (C:\Users\julih\AppData\Local\Programs\MiKTeX\tex/latex/hyperref\pd1enc.def
File: pd1enc.def 2021-02-27 v7.00k Hyperref: PDFDocEncoding definition (HO)
Now handling font encoding PD1 ...
... no UTF-8 mapping file for font encoding PD1
)
(C:\Users\julih\AppData\Local\Programs\MiKTeX\tex/latex/hyperref\hyperref-langp
atches.def
File: hyperref-langpatches.def 2021-02-27 v7.00k Hyperref: patches for babel la
nguages
)
(C:\Users\julih\AppData\Local\Programs\MiKTeX\tex/generic/intcalc\intcalc.sty
Package: intcalc 2019/12/15 v1.3 Expandable calculations with integers (HO)
)
\Hy@SavedSpaceFactor=\count197

(C:\Users\julih\AppData\Local\Programs\MiKTeX\tex/latex/hyperref\puenc.def
File: puenc.def 2021-02-27 v7.00k Hyperref: PDF Unicode definition (HO)
Now handling font encoding PU ...
... no UTF-8 mapping file for font encoding PU
)
Package hyperref Info: Option `unicode' set `true' on input line 4073.
Package hyperref Info: Option `hyperfootnotes' set `false' on input line 4073.
Package hyperref Info: Hyper figures OFF on input line 4192.
Package hyperref Info: Link nesting OFF on input line 4197.
Package hyperref Info: Hyper index ON on input line 4200.
Package hyperref Info: Plain pages OFF on input line 4207.
Package hyperref Info: Backreferencing OFF on input line 4212.
Package hyperref Info: Implicit mode ON; LaTeX internals redefined.
Package hyperref Info: Bookmarks ON on input line 4445.
\c@Hy@tempcnt=\count198

(C:\Users\julih\AppData\Local\Programs\MiKTeX\tex/latex/url\url.sty
\Urlmuskip=\muskip16
Package: url 2013/09/16  ver 3.4  Verb mode for urls, etc.
)
LaTeX Info: Redefining \url on input line 4804.
\XeTeXLinkMargin=\dimen148

(C:\Users\julih\AppData\Local\Programs\MiKTeX\tex/generic/bitset\bitset.sty
Package: bitset 2019/12/09 v1.3 Handle bit-vector datatype (HO)

(C:\Users\julih\AppData\Local\Programs\MiKTeX\tex/generic/bigintcalc\bigintcalc
.sty
Package: bigintcalc 2019/12/15 v1.5 Expandable calculations on big integers (HO
)
))
\Fld@menulength=\count199
\Field@Width=\dimen149
\Fld@charsize=\dimen150
Package hyperref Info: Hyper figures OFF on input line 6075.
Package hyperref Info: Link nesting OFF on input line 6080.
Package hyperref Info: Hyper index ON on input line 6083.
Package hyperref Info: backreferencing OFF on input line 6090.
Package hyperref Info: Link coloring OFF on input line 6095.
Package hyperref Info: Link coloring with OCG OFF on input line 6100.
Package hyperref Info: PDF/A mode OFF on input line 6105.
LaTeX Info: Redefining \ref on input line 6145.
LaTeX Info: Redefining \pageref on input line 6149.

(C:\Users\julih\AppData\Local\Programs\MiKTeX\tex/latex/base\atbegshi-ltx.sty
Package: atbegshi-ltx 2020/08/17 v1.0a Emulation of the original atbegshi packa
ge
with kernel methods
)
\Hy@abspage=\count266
\c@Item=\count267
)
Package hyperref Info: Driver (autodetected): hpdftex.
(C:\Users\julih\AppData\Local\Programs\MiKTeX\tex/latex/hyperref\hpdftex.def
File: hpdftex.def 2021-02-27 v7.00k Hyperref driver for pdfTeX

(C:\Users\julih\AppData\Local\Programs\MiKTeX\tex/latex/base\atveryend-ltx.sty
Package: atveryend-ltx 2020/08/19 v1.0a Emulation of the original atvery packag
e
with kernel methods
)
\Fld@listcount=\count268
\c@bookmark@seq@number=\count269

(C:\Users\julih\AppData\Local\Programs\MiKTeX\tex/latex/rerunfilecheck\rerunfil
echeck.sty
Package: rerunfilecheck 2019/12/05 v1.9 Rerun checks for auxiliary files (HO)

(C:\Users\julih\AppData\Local\Programs\MiKTeX\tex/generic/uniquecounter\uniquec
ounter.sty
Package: uniquecounter 2019/12/15 v1.4 Provide unlimited unique counter (HO)
)
Package uniquecounter Info: New unique counter `rerunfilecheck' on input line 2
86.
)
\Hy@SectionHShift=\skip54
)
(C:\Users\julih\AppData\Local\Programs\MiKTeX\tex/latex/ragged2e\ragged2e.sty
Package: ragged2e 2021/02/05 v3.0 ragged2e Package

(C:\Users\julih\AppData\Local\Programs\MiKTeX\tex/latex/everysel\everysel.sty
Package: everysel 2021/01/20 v2.1 EverySelectfont Package (MS)

(C:\Users\julih\AppData\Local\Programs\MiKTeX\tex/latex/everysel\everysel-2011-
10-28.sty))
\CenteringLeftskip=\skip55
\RaggedLeftLeftskip=\skip56
\RaggedRightLeftskip=\skip57
\CenteringRightskip=\skip58
\RaggedLeftRightskip=\skip59
\RaggedRightRightskip=\skip60
\CenteringParfillskip=\skip61
\RaggedLeftParfillskip=\skip62
\RaggedRightParfillskip=\skip63
\JustifyingParfillskip=\skip64
\CenteringParindent=\skip65
\RaggedLeftParindent=\skip66
\RaggedRightParindent=\skip67
\JustifyingParindent=\skip68
)
(C:\Users\julih\AppData\Local\Programs\MiKTeX\tex/latex/geometry\geometry.sty
Package: geometry 2020/01/02 v5.9 Page Geometry

(C:\Users\julih\AppData\Local\Programs\MiKTeX\tex/generic/iftex\ifvtex.sty
Package: ifvtex 2019/10/25 v1.7 ifvtex legacy package. Use iftex instead.
)
\Gm@cnth=\count270
\Gm@cntv=\count271
\c@Gm@tempcnt=\count272
\Gm@bindingoffset=\dimen151
\Gm@wd@mp=\dimen152
\Gm@odd@mp=\dimen153
\Gm@even@mp=\dimen154
\Gm@layoutwidth=\dimen155
\Gm@layoutheight=\dimen156
\Gm@layouthoffset=\dimen157
\Gm@layoutvoffset=\dimen158
\Gm@dimlist=\toks18

(C:\Users\julih\AppData\Local\Programs\MiKTeX\tex/latex/geometry\geometry.cfg))

(C:\Users\julih\AppData\Local\Programs\MiKTeX\tex/latex/changepage\changepage.s
ty
Package: changepage 2009/10/20 v1.0c check page and change page layout
\c@cp@cntr=\count273
\cp@tempcnt=\count274
)
\@tufte@overhang=\skip69
\@tufte@fullwidth=\skip70
\@tufte@caption@fill=\skip71

(C:\Users\julih\AppData\Local\Programs\MiKTeX\tex/latex/paralist\paralist.sty
Package: paralist 2017/01/22 v2.7 Extended list environments
\pltopsep=\skip72
\plpartopsep=\skip73
\plitemsep=\skip74
\plparsep=\skip75
\pl@lab=\toks19
)
(C:\Users\julih\AppData\Local\Programs\MiKTeX\tex/latex/textcase\textcase.sty
Package: textcase 2019/09/14 v1.00 Text only upper/lower case changing (DPC)
)
(C:\Users\julih\AppData\Local\Programs\MiKTeX\tex/latex/microtype\letterspace.s
ty
Package: letterspace 2021/03/14 v2.8c Robust letterspacing (RS)
LaTeX Info: Redefining \lsstyle on input line 346.
LaTeX Info: Redefining \lslig on input line 347.
LaTeX Info: Redefining \textls on input line 372.
\MT@outer@kern=\dimen159
)
(C:\Users\julih\AppData\Local\Programs\MiKTeX\tex/latex/setspace\setspace.sty
Package: setspace 2011/12/19 v6.7a set line spacing
)
(C:\Users\julih\AppData\Local\Programs\MiKTeX\tex/latex/xcolor\xcolor.sty
Package: xcolor 2016/05/11 v2.12 LaTeX color extensions (UK)

(C:\Users\julih\AppData\Local\Programs\MiKTeX\tex/latex/graphics-cfg\color.cfg
File: color.cfg 2016/01/02 v1.6 sample color configuration
)
Package xcolor Info: Package option `usenames' ignored on input line 216.
Package xcolor Info: Driver file: pdftex.def on input line 225.

(C:\Users\julih\AppData\Local\Programs\MiKTeX\tex/latex/graphics-def\pdftex.def
File: pdftex.def 2020/10/05 v1.2a Graphics/color driver for pdftex
)
Package xcolor Info: Model `cmy' substituted by `cmy0' on input line 1348.
Package xcolor Info: Model `hsb' substituted by `rgb' on input line 1352.
Package xcolor Info: Model `RGB' extended on input line 1364.
Package xcolor Info: Model `HTML' substituted by `rgb' on input line 1366.
Package xcolor Info: Model `Hsb' substituted by `hsb' on input line 1367.
Package xcolor Info: Model `tHsb' substituted by `hsb' on input line 1368.
Package xcolor Info: Model `HSB' substituted by `hsb' on input line 1369.
Package xcolor Info: Model `Gray' substituted by `gray' on input line 1370.
Package xcolor Info: Model `wave' substituted by `hsb' on input line 1371.
 (C:\Users\julih\AppData\Local\Programs\MiKTeX\tex/latex/graphics\dvipsnam.def
File: dvipsnam.def 2016/06/17 v3.0m Driver-dependent file (DPC,SPQR)
) (C:\Users\julih\AppData\Local\Programs\MiKTeX\tex/latex/xcolor\svgnam.def
File: svgnam.def 2016/05/11 v2.12 Predefined colors according to SVG 1.1 (UK)
))
(C:\Users\julih\AppData\Local\Programs\MiKTeX\tex/latex/natbib\natbib.sty
Package: natbib 2010/09/13 8.31b (PWD, AO)
\bibhang=\skip76
\bibsep=\skip77
LaTeX Info: Redefining \cite on input line 694.
\c@NAT@ctr=\count275
)
(C:\Users\julih\AppData\Local\Programs\MiKTeX\tex/latex/natbib\bibentry.sty
Package: bibentry 2007/10/30 1.5 (PWD)
)
No file "[000] Estad√≠stica Matem√°tica".bbl.
\c@@tufte@num@bibkeys=\count276
(C:\Users\julih\AppData\Local\Programs\MiKTeX\tex/latex/sauerj\optparams.sty
Package: optparams 2004/08/14 v0.9 multiple optional parameters in macros
)
\@tufte@sidenote@vertical@offset=\skip78

(C:\Users\julih\AppData\Local\Programs\MiKTeX\tex/latex/placeins\placeins.sty
Package: placeins 2005/04/18  v 2.2
)
\@tufte@margin@floatbox=\box48
\@tufte@figure@box=\box49
\@tufte@caption@box=\box50
\@tufte@caption@vertical@offset=\skip79
\@tufte@float@contents@width=\skip80

(C:\Users\julih\AppData\Local\Programs\MiKTeX\tex/latex/psnfss\mathpazo.sty
Package: mathpazo 2020/03/25 PSNFSS-v9.3 Palatino w/ Pazo Math (D.Puga, WaS) 
\symupright=\mathgroup4
)
(C:\Users\julih\AppData\Local\Programs\MiKTeX\tex/latex/psnfss\helvet.sty
Package: helvet 2020/03/25 PSNFSS-v9.3 (WaS) 
)
(C:\Users\julih\AppData\Local\Programs\MiKTeX\tex/latex/bera\beramono.sty
Package: beramono 2004/01/31 (WaS)
)
(C:\Users\julih\AppData\Local\Programs\MiKTeX\tex/latex/base\fontenc.sty
Package: fontenc 2020/08/10 v2.0s Standard LaTeX package
LaTeX Font Info:    Trying to load font information for T1+pplj on input line 1
12.

(C:\Users\julih\AppData\Local\Programs\MiKTeX\tex/latex/psnfss\t1pplj.fd
File: t1pplj.fd 2004/09/06 font definitions for T1/pplj.
))
(C:\Users\julih\AppData\Local\Programs\MiKTeX\tex/latex/base\textcomp.sty
Package: textcomp 2020/02/02 v2.0n Standard LaTeX package
)
(C:\Users\julih\AppData\Local\Programs\MiKTeX\tex/latex/fancyhdr\fancyhdr.sty
Package: fancyhdr 2021/01/28 v4.0.1 Extensive control of page headers and foote
rs
\f@nch@headwidth=\skip81
\f@nch@O@elh=\skip82
\f@nch@O@erh=\skip83
\f@nch@O@olh=\skip84
\f@nch@O@orh=\skip85
\f@nch@O@elf=\skip86
\f@nch@O@erf=\skip87
\f@nch@O@olf=\skip88
\f@nch@O@orf=\skip89
)
\tufteskipamount=\skip90

(C:\Users\julih\AppData\Local\Programs\MiKTeX\tex/latex/latex-tools\multicol.st
y
Package: multicol 2019/12/09 v1.8y multicolumn formatting (FMi)
\c@tracingmulticols=\count277
\mult@box=\box51
\multicol@leftmargin=\dimen160
\c@unbalance=\count278
\c@collectmore=\count279
\doublecol@number=\count280
\multicoltolerance=\count281
\multicolpretolerance=\count282
\full@width=\dimen161
\page@free=\dimen162
\premulticols=\dimen163
\postmulticols=\dimen164
\multicolsep=\skip91
\multicolbaselineskip=\skip92
\partial@page=\box52
\last@line=\box53
\maxbalancingoverflow=\dimen165
\mult@rightbox=\box54
\mult@grightbox=\box55
\mult@gfirstbox=\box56
\mult@firstbox=\box57
\@tempa=\box58
\@tempa=\box59
\@tempa=\box60
\@tempa=\box61
\@tempa=\box62
\@tempa=\box63
\@tempa=\box64
\@tempa=\box65
\@tempa=\box66
\@tempa=\box67
\@tempa=\box68
\@tempa=\box69
\@tempa=\box70
\@tempa=\box71
\@tempa=\box72
\@tempa=\box73
\@tempa=\box74
\@tempa=\box75
\@tempa=\box76
\@tempa=\box77
\@tempa=\box78
\@tempa=\box79
\@tempa=\box80
\@tempa=\box81
\@tempa=\box82
\@tempa=\box83
\@tempa=\box84
\@tempa=\box85
\@tempa=\box86
\@tempa=\box87
\@tempa=\box88
\@tempa=\box89
\@tempa=\box90
\@tempa=\box91
\@tempa=\box92
\@tempa=\box93
\@tempa=\box94
\c@minrows=\count283
\c@columnbadness=\count284
\c@finalcolumnbadness=\count285
\last@try=\dimen166
\multicolovershoot=\dimen167
\multicolundershoot=\dimen168
\mult@nat@firstbox=\box95
\colbreak@box=\box96
\mc@col@check@num=\count286
))) (_paquetes.tex
(C:\Users\julih\AppData\Local\Programs\MiKTeX\tex/latex/base\fontenc.sty
Package: fontenc 2020/08/10 v2.0s Standard LaTeX package
)
(C:\Users\julih\AppData\Local\Programs\MiKTeX\tex/latex/graphics\graphicx.sty
Package: graphicx 2020/09/09 v1.2b Enhanced LaTeX Graphics (DPC,SPQR)

(C:\Users\julih\AppData\Local\Programs\MiKTeX\tex/latex/graphics\graphics.sty
Package: graphics 2020/08/30 v1.4c Standard LaTeX Graphics (DPC,SPQR)

(C:\Users\julih\AppData\Local\Programs\MiKTeX\tex/latex/graphics\trig.sty
Package: trig 2016/01/03 v1.10 sin cos tan (DPC)
)
(C:\Users\julih\AppData\Local\Programs\MiKTeX\tex/latex/graphics-cfg\graphics.c
fg
File: graphics.cfg 2016/06/04 v1.11 sample graphics configuration
)
Package graphics Info: Driver file: pdftex.def on input line 105.
)
\Gin@req@height=\dimen169
\Gin@req@width=\dimen170
) (C:\Users\julih\AppData\Local\Programs\MiKTeX\tex/latex/base\inputenc.sty
Package: inputenc 2020/08/01 v1.3d Input encoding file
\inpenc@prehook=\toks20
\inpenc@posthook=\toks21
) (C:\Users\julih\AppData\Local\Programs\MiKTeX\tex/generic/babel\babel.sty
Package: babel 2021/05/16 3.59 The Babel package

(C:\Users\julih\AppData\Local\Programs\MiKTeX\tex/generic/babel\babel.def
File: babel.def 2021/05/16 3.59 Babel common definitions
\babel@savecnt=\count287
\U@D=\dimen171
\l@unhyphenated=\language79

(C:\Users\julih\AppData\Local\Programs\MiKTeX\tex/generic/babel\txtbabel.def)
\bbl@readstream=\read2
)
\bbl@dirlevel=\count288

*************************************
* Local config file bblopts.cfg used
*
(C:\Users\julih\AppData\Local\Programs\MiKTeX\tex/latex/arabi\bblopts.cfg
File: bblopts.cfg 2005/09/08 v0.1 add Arabic and Farsi to "declared" options of
 babel
)
(C:\Users\julih\AppData\Local\Programs\MiKTeX\tex/latex/babel-spanish\spanish.l
df
Language: spanish.ldf 2016/03/03 v5.0p Spanish support from the babel system
\es@quottoks=\toks22
\es@quotdepth=\count289
Package babel Info: Making " an active character on input line 561.
)) (C:\Users\julih\AppData\Local\Programs\MiKTeX\tex/latex/base\fontenc.sty
Package: fontenc 2020/08/10 v2.0s Standard LaTeX package
)
(C:\Users\julih\AppData\Local\Programs\MiKTeX\tex/latex/amsmath\amsmath.sty
Package: amsmath 2020/09/23 v2.17i AMS math features
\@mathmargin=\skip93

For additional information on amsmath, use the `?' option.
(C:\Users\julih\AppData\Local\Programs\MiKTeX\tex/latex/amsmath\amstext.sty
Package: amstext 2000/06/29 v2.01 AMS text

(C:\Users\julih\AppData\Local\Programs\MiKTeX\tex/latex/amsmath\amsgen.sty
File: amsgen.sty 1999/11/30 v2.0 generic functions
\@emptytoks=\toks23
\ex@=\dimen172
))
(C:\Users\julih\AppData\Local\Programs\MiKTeX\tex/latex/amsmath\amsbsy.sty
Package: amsbsy 1999/11/29 v1.2d Bold Symbols
\pmbraise@=\dimen173
)
(C:\Users\julih\AppData\Local\Programs\MiKTeX\tex/latex/amsmath\amsopn.sty
Package: amsopn 2016/03/08 v2.02 operator names
)
\inf@bad=\count290
LaTeX Info: Redefining \frac on input line 234.
\uproot@=\count291
\leftroot@=\count292
LaTeX Info: Redefining \overline on input line 399.
\classnum@=\count293
\DOTSCASE@=\count294
LaTeX Info: Redefining \ldots on input line 496.
LaTeX Info: Redefining \dots on input line 499.
LaTeX Info: Redefining \cdots on input line 620.
\Mathstrutbox@=\box97
\strutbox@=\box98
\big@size=\dimen174
LaTeX Font Info:    Redeclaring font encoding OML on input line 743.
LaTeX Font Info:    Redeclaring font encoding OMS on input line 744.
\macc@depth=\count295
\c@MaxMatrixCols=\count296
\dotsspace@=\muskip17
\c@parentequation=\count297
\dspbrk@lvl=\count298
\tag@help=\toks24
\row@=\count299
\column@=\count300
\maxfields@=\count301
\andhelp@=\toks25
\eqnshift@=\dimen175
\alignsep@=\dimen176
\tagshift@=\dimen177
\tagwidth@=\dimen178
\totwidth@=\dimen179
\lineht@=\dimen180
\@envbody=\toks26
\multlinegap=\skip94
\multlinetaggap=\skip95
\mathdisplay@stack=\toks27
LaTeX Info: Redefining \[ on input line 2923.
LaTeX Info: Redefining \] on input line 2924.
)
(C:\Users\julih\AppData\Local\Programs\MiKTeX\tex/latex/amsfonts\amssymb.sty
Package: amssymb 2013/01/14 v3.01 AMS font symbols

(C:\Users\julih\AppData\Local\Programs\MiKTeX\tex/latex/amsfonts\amsfonts.sty
Package: amsfonts 2013/01/14 v3.01 Basic AMSFonts support
\symAMSa=\mathgroup5
\symAMSb=\mathgroup6
LaTeX Font Info:    Redeclaring math symbol \hbar on input line 98.
LaTeX Font Info:    Overwriting math alphabet `\mathfrak' in version `bold'
(Font)                  U/euf/m/n --> U/euf/b/n on input line 106.
)) (C:\Users\julih\AppData\Local\Programs\MiKTeX\tex/latex/jknappen\mathrsfs.st
y
Package: mathrsfs 1996/01/01 Math RSFS package v1.0 (jk)
\symrsfs=\mathgroup7
) (C:\Users\julih\AppData\Local\Programs\MiKTeX\tex/latex/yfonts\yfonts.sty
Package: yfonts 2019/04/04 v1.4 (WaS&NP)
Now handling font encoding LY ...
... no UTF-8 mapping file for font encoding LY
Now handling font encoding LYG ...
... no UTF-8 mapping file for font encoding LYG
LaTeX Info: Composite with undeclared \" in encoding LYG on input line 58.
)
(C:\Users\julih\AppData\Local\Programs\MiKTeX\tex/latex/latex-tools\enumerate.s
ty
Package: enumerate 2015/07/23 v3.00 enumerate extensions (DPC)
\@enLab=\toks28
)
(C:\Users\julih\AppData\Local\Programs\MiKTeX\tex/latex/mathtools\mathtools.sty
Package: mathtools 2021/04/12 v1.27 mathematical typesetting tools
(C:\Users\julih\AppData\Local\Programs\MiKTeX\tex/latex/mathtools\mhsetup.sty
Package: mhsetup 2021/03/18 v1.4 programming setup (MH)
)
LaTeX Info: Thecontrolsequence`\('isalreadyrobust on input line 130.
LaTeX Info: Thecontrolsequence`\)'isalreadyrobust on input line 130.
LaTeX Info: Thecontrolsequence`\['isalreadyrobust on input line 130.
LaTeX Info: Thecontrolsequence`\]'isalreadyrobust on input line 130.
\g_MT_multlinerow_int=\count302
\l_MT_multwidth_dim=\dimen181
\origjot=\skip96
\l_MT_shortvdotswithinadjustabove_dim=\dimen182
\l_MT_shortvdotswithinadjustbelow_dim=\dimen183
\l_MT_above_intertext_sep=\dimen184
\l_MT_below_intertext_sep=\dimen185
\l_MT_above_shortintertext_sep=\dimen186
\l_MT_below_shortintertext_sep=\dimen187
\xmathstrut@box=\box99
\xmathstrut@dim=\dimen188
) (C:\Users\julih\AppData\Local\Programs\MiKTeX\tex/latex/lm\lmodern.sty
Package: lmodern 2009/10/30 v1.6 Latin Modern Fonts
LaTeX Font Info:    Overwriting symbol font `operators' in version `normal'
(Font)                  OT1/pplx/m/n --> OT1/lmr/m/n on input line 22.
LaTeX Font Info:    Overwriting symbol font `letters' in version `normal'
(Font)                  OML/zplm/m/it --> OML/lmm/m/it on input line 23.
LaTeX Font Info:    Overwriting symbol font `symbols' in version `normal'
(Font)                  OMS/zplm/m/n --> OMS/lmsy/m/n on input line 24.
LaTeX Font Info:    Overwriting symbol font `largesymbols' in version `normal'
(Font)                  OMX/zplm/m/n --> OMX/lmex/m/n on input line 25.
LaTeX Font Info:    Overwriting symbol font `operators' in version `bold'
(Font)                  OT1/pplx/b/n --> OT1/lmr/bx/n on input line 26.
LaTeX Font Info:    Overwriting symbol font `letters' in version `bold'
(Font)                  OML/zplm/b/it --> OML/lmm/b/it on input line 27.
LaTeX Font Info:    Overwriting symbol font `symbols' in version `bold'
(Font)                  OMS/zplm/b/n --> OMS/lmsy/b/n on input line 28.
LaTeX Font Info:    Overwriting symbol font `largesymbols' in version `bold'
(Font)                  OMX/zplm/m/n --> OMX/lmex/m/n on input line 29.
LaTeX Font Info:    Overwriting math alphabet `\mathbf' in version `normal'
(Font)                  OT1/zplm/b/n --> OT1/lmr/bx/n on input line 31.
LaTeX Font Info:    Overwriting math alphabet `\mathsf' in version `normal'
(Font)                  OT1/cmss/m/n --> OT1/lmss/m/n on input line 32.
LaTeX Font Info:    Overwriting math alphabet `\mathit' in version `normal'
(Font)                  OT1/pplx/m/it --> OT1/lmr/m/it on input line 33.
LaTeX Font Info:    Overwriting math alphabet `\mathtt' in version `normal'
(Font)                  OT1/cmtt/m/n --> OT1/lmtt/m/n on input line 34.
LaTeX Font Info:    Overwriting math alphabet `\mathbf' in version `bold'
(Font)                  OT1/zplm/b/n --> OT1/lmr/bx/n on input line 35.
LaTeX Font Info:    Overwriting math alphabet `\mathsf' in version `bold'
(Font)                  OT1/cmss/bx/n --> OT1/lmss/bx/n on input line 36.
LaTeX Font Info:    Overwriting math alphabet `\mathit' in version `bold'
(Font)                  OT1/pplx/b/it --> OT1/lmr/bx/it on input line 37.
LaTeX Font Info:    Overwriting math alphabet `\mathtt' in version `bold'
(Font)                  OT1/cmtt/m/n --> OT1/lmtt/m/n on input line 38.
)
(C:\Users\julih\AppData\Local\Programs\MiKTeX\tex/latex/fancyvrb\fancyvrb.sty
Package: fancyvrb 2021/01/20 v3.7 verbatim text (tvz,hv)
\FV@CodeLineNo=\count303
\FV@InFile=\read3
\FV@TabBox=\box100
\c@FancyVerbLine=\count304
\FV@StepNumber=\count305
\FV@OutFile=\write3
)
(C:\Users\julih\AppData\Local\Programs\MiKTeX\tex/latex/wrapfig\wrapfig.sty
\wrapoverhang=\dimen189
\WF@size=\dimen190
\c@WF@wrappedlines=\count306
\WF@box=\box101
\WF@everypar=\toks29
Package: wrapfig 2003/01/31  v 3.6
)
(C:\Users\julih\AppData\Local\Programs\MiKTeX\tex/latex/floatflt\floatflt.sty
Package: floatflt 1997/07/16 v. 1.31
\c@OptionTest=\count307
\figbox=\box102
\tabbox=\box103
\pagebox=\box104
\ffigcount=\count308
\ftabcount=\count309
\fftest=\count310
\hangcount=\count311
\nosuccesstryfig=\count312
\nosuccesstrytab=\count313
\figgutter=\dimen191
\tabgutter=\dimen192
\htdone=\dimen193
\pageht=\dimen194
\startpageht=\dimen195
\tabbredd=\dimen196
\floatfltwidth=\dimen197
\fltitemwidth=\dimen198
\outputpretest=\toks30
)
(C:\Users\julih\AppData\Local\Programs\MiKTeX\tex/latex/filecontents\fileconten
ts.sty
Package: filecontents 2019/09/20 v1.5 Create an external file from within a LaT
eX document


Package filecontents Warning: This package is obsolete. Disabling it and
(filecontents)                passing control to the filecontents environment
(filecontents)                defined by the LaTeX kernel.

) (C:\Users\julih\AppData\Local\Programs\MiKTeX\tex/latex/booktabs\booktabs.sty
Package: booktabs 2020/01/12 v1.61803398 Publication quality tables
\heavyrulewidth=\dimen199
\lightrulewidth=\dimen256
\cmidrulewidth=\dimen257
\belowrulesep=\dimen258
\belowbottomsep=\dimen259
\aboverulesep=\dimen260
\abovetopsep=\dimen261
\cmidrulesep=\dimen262
\cmidrulekern=\dimen263
\defaultaddspace=\dimen264
\@cmidla=\count314
\@cmidlb=\count315
\@aboverulesep=\dimen265
\@belowrulesep=\dimen266
\@thisruleclass=\count316
\@lastruleclass=\count317
\@thisrulewidth=\dimen267
)
(C:\Users\julih\AppData\Local\Programs\MiKTeX\tex/latex/pgf/frontendlayer\tikz.
sty
(C:\Users\julih\AppData\Local\Programs\MiKTeX\tex/latex/pgf/basiclayer\pgf.sty
(C:\Users\julih\AppData\Local\Programs\MiKTeX\tex/latex/pgf/utilities\pgfrcs.st
y
(C:\Users\julih\AppData\Local\Programs\MiKTeX\tex/generic/pgf/utilities\pgfutil
-common.tex
\pgfutil@everybye=\toks31
\pgfutil@tempdima=\dimen268
\pgfutil@tempdimb=\dimen269

(C:\Users\julih\AppData\Local\Programs\MiKTeX\tex/generic/pgf/utilities\pgfutil
-common-lists.tex))
(C:\Users\julih\AppData\Local\Programs\MiKTeX\tex/generic/pgf/utilities\pgfutil
-latex.def
\pgfutil@abb=\box105
)
(C:\Users\julih\AppData\Local\Programs\MiKTeX\tex/generic/pgf/utilities\pgfrcs.
code.tex
(C:\Users\julih\AppData\Local\Programs\MiKTeX\tex/generic/pgf\pgf.revision.tex)
Package: pgfrcs 2021/05/15 v3.1.9a (3.1.9a)
))
Package: pgf 2021/05/15 v3.1.9a (3.1.9a)

(C:\Users\julih\AppData\Local\Programs\MiKTeX\tex/latex/pgf/basiclayer\pgfcore.
sty
(C:\Users\julih\AppData\Local\Programs\MiKTeX\tex/latex/pgf/systemlayer\pgfsys.
sty
(C:\Users\julih\AppData\Local\Programs\MiKTeX\tex/generic/pgf/systemlayer\pgfsy
s.code.tex
Package: pgfsys 2021/05/15 v3.1.9a (3.1.9a)

(C:\Users\julih\AppData\Local\Programs\MiKTeX\tex/generic/pgf/utilities\pgfkeys
.code.tex
\pgfkeys@pathtoks=\toks32
\pgfkeys@temptoks=\toks33

(C:\Users\julih\AppData\Local\Programs\MiKTeX\tex/generic/pgf/utilities\pgfkeys
filtered.code.tex
\pgfkeys@tmptoks=\toks34
))
\pgf@x=\dimen270
\pgf@y=\dimen271
\pgf@xa=\dimen272
\pgf@ya=\dimen273
\pgf@xb=\dimen274
\pgf@yb=\dimen275
\pgf@xc=\dimen276
\pgf@yc=\dimen277
\pgf@xd=\dimen278
\pgf@yd=\dimen279
\w@pgf@writea=\write4
\r@pgf@reada=\read4
\c@pgf@counta=\count318
\c@pgf@countb=\count319
\c@pgf@countc=\count320
\c@pgf@countd=\count321
\t@pgf@toka=\toks35
\t@pgf@tokb=\toks36
\t@pgf@tokc=\toks37
\pgf@sys@id@count=\count322

(C:\Users\julih\AppData\Local\Programs\MiKTeX\tex/generic/pgf/systemlayer\pgf.c
fg
File: pgf.cfg 2021/05/15 v3.1.9a (3.1.9a)
)
Driver file for pgf: pgfsys-pdftex.def

(C:\Users\julih\AppData\Local\Programs\MiKTeX\tex/generic/pgf/systemlayer\pgfsy
s-pdftex.def
File: pgfsys-pdftex.def 2021/05/15 v3.1.9a (3.1.9a)

(C:\Users\julih\AppData\Local\Programs\MiKTeX\tex/generic/pgf/systemlayer\pgfsy
s-common-pdf.def
File: pgfsys-common-pdf.def 2021/05/15 v3.1.9a (3.1.9a)
)))
(C:\Users\julih\AppData\Local\Programs\MiKTeX\tex/generic/pgf/systemlayer\pgfsy
ssoftpath.code.tex
File: pgfsyssoftpath.code.tex 2021/05/15 v3.1.9a (3.1.9a)
\pgfsyssoftpath@smallbuffer@items=\count323
\pgfsyssoftpath@bigbuffer@items=\count324
)
(C:\Users\julih\AppData\Local\Programs\MiKTeX\tex/generic/pgf/systemlayer\pgfsy
sprotocol.code.tex
File: pgfsysprotocol.code.tex 2021/05/15 v3.1.9a (3.1.9a)
))
(C:\Users\julih\AppData\Local\Programs\MiKTeX\tex/generic/pgf/basiclayer\pgfcor
e.code.tex
Package: pgfcore 2021/05/15 v3.1.9a (3.1.9a)

(C:\Users\julih\AppData\Local\Programs\MiKTeX\tex/generic/pgf/math\pgfmath.code
.tex
(C:\Users\julih\AppData\Local\Programs\MiKTeX\tex/generic/pgf/math\pgfmathcalc.
code.tex
(C:\Users\julih\AppData\Local\Programs\MiKTeX\tex/generic/pgf/math\pgfmathutil.
code.tex)
(C:\Users\julih\AppData\Local\Programs\MiKTeX\tex/generic/pgf/math\pgfmathparse
r.code.tex
\pgfmath@dimen=\dimen280
\pgfmath@count=\count325
\pgfmath@box=\box106
\pgfmath@toks=\toks38
\pgfmath@stack@operand=\toks39
\pgfmath@stack@operation=\toks40
)
(C:\Users\julih\AppData\Local\Programs\MiKTeX\tex/generic/pgf/math\pgfmathfunct
ions.code.tex
(C:\Users\julih\AppData\Local\Programs\MiKTeX\tex/generic/pgf/math\pgfmathfunct
ions.basic.code.tex)
(C:\Users\julih\AppData\Local\Programs\MiKTeX\tex/generic/pgf/math\pgfmathfunct
ions.trigonometric.code.tex)
(C:\Users\julih\AppData\Local\Programs\MiKTeX\tex/generic/pgf/math\pgfmathfunct
ions.random.code.tex)
(C:\Users\julih\AppData\Local\Programs\MiKTeX\tex/generic/pgf/math\pgfmathfunct
ions.comparison.code.tex)
(C:\Users\julih\AppData\Local\Programs\MiKTeX\tex/generic/pgf/math\pgfmathfunct
ions.base.code.tex)
(C:\Users\julih\AppData\Local\Programs\MiKTeX\tex/generic/pgf/math\pgfmathfunct
ions.round.code.tex)
(C:\Users\julih\AppData\Local\Programs\MiKTeX\tex/generic/pgf/math\pgfmathfunct
ions.misc.code.tex)
(C:\Users\julih\AppData\Local\Programs\MiKTeX\tex/generic/pgf/math\pgfmathfunct
ions.integerarithmetics.code.tex)))
(C:\Users\julih\AppData\Local\Programs\MiKTeX\tex/generic/pgf/math\pgfmathfloat
.code.tex
\c@pgfmathroundto@lastzeros=\count326
))
(C:\Users\julih\AppData\Local\Programs\MiKTeX\tex/generic/pgf/math\pgfint.code.
tex)
(C:\Users\julih\AppData\Local\Programs\MiKTeX\tex/generic/pgf/basiclayer\pgfcor
epoints.code.tex
File: pgfcorepoints.code.tex 2021/05/15 v3.1.9a (3.1.9a)
\pgf@picminx=\dimen281
\pgf@picmaxx=\dimen282
\pgf@picminy=\dimen283
\pgf@picmaxy=\dimen284
\pgf@pathminx=\dimen285
\pgf@pathmaxx=\dimen286
\pgf@pathminy=\dimen287
\pgf@pathmaxy=\dimen288
\pgf@xx=\dimen289
\pgf@xy=\dimen290
\pgf@yx=\dimen291
\pgf@yy=\dimen292
\pgf@zx=\dimen293
\pgf@zy=\dimen294
)
(C:\Users\julih\AppData\Local\Programs\MiKTeX\tex/generic/pgf/basiclayer\pgfcor
epathconstruct.code.tex
File: pgfcorepathconstruct.code.tex 2021/05/15 v3.1.9a (3.1.9a)
\pgf@path@lastx=\dimen295
\pgf@path@lasty=\dimen296
)
(C:\Users\julih\AppData\Local\Programs\MiKTeX\tex/generic/pgf/basiclayer\pgfcor
epathusage.code.tex
File: pgfcorepathusage.code.tex 2021/05/15 v3.1.9a (3.1.9a)
\pgf@shorten@end@additional=\dimen297
\pgf@shorten@start@additional=\dimen298
)
(C:\Users\julih\AppData\Local\Programs\MiKTeX\tex/generic/pgf/basiclayer\pgfcor
escopes.code.tex
File: pgfcorescopes.code.tex 2021/05/15 v3.1.9a (3.1.9a)
\pgfpic=\box107
\pgf@hbox=\box108
\pgf@layerbox@main=\box109
\pgf@picture@serial@count=\count327
)
(C:\Users\julih\AppData\Local\Programs\MiKTeX\tex/generic/pgf/basiclayer\pgfcor
egraphicstate.code.tex
File: pgfcoregraphicstate.code.tex 2021/05/15 v3.1.9a (3.1.9a)
\pgflinewidth=\dimen299
)
(C:\Users\julih\AppData\Local\Programs\MiKTeX\tex/generic/pgf/basiclayer\pgfcor
etransformations.code.tex
File: pgfcoretransformations.code.tex 2021/05/15 v3.1.9a (3.1.9a)
\pgf@pt@x=\dimen300
\pgf@pt@y=\dimen301
\pgf@pt@temp=\dimen302
)
(C:\Users\julih\AppData\Local\Programs\MiKTeX\tex/generic/pgf/basiclayer\pgfcor
equick.code.tex
File: pgfcorequick.code.tex 2021/05/15 v3.1.9a (3.1.9a)
)
(C:\Users\julih\AppData\Local\Programs\MiKTeX\tex/generic/pgf/basiclayer\pgfcor
eobjects.code.tex
File: pgfcoreobjects.code.tex 2021/05/15 v3.1.9a (3.1.9a)
)
(C:\Users\julih\AppData\Local\Programs\MiKTeX\tex/generic/pgf/basiclayer\pgfcor
epathprocessing.code.tex
File: pgfcorepathprocessing.code.tex 2021/05/15 v3.1.9a (3.1.9a)
)
(C:\Users\julih\AppData\Local\Programs\MiKTeX\tex/generic/pgf/basiclayer\pgfcor
earrows.code.tex
File: pgfcorearrows.code.tex 2021/05/15 v3.1.9a (3.1.9a)
\pgfarrowsep=\dimen303
)
(C:\Users\julih\AppData\Local\Programs\MiKTeX\tex/generic/pgf/basiclayer\pgfcor
eshade.code.tex
File: pgfcoreshade.code.tex 2021/05/15 v3.1.9a (3.1.9a)
\pgf@max=\dimen304
\pgf@sys@shading@range@num=\count328
\pgf@shadingcount=\count329
)
(C:\Users\julih\AppData\Local\Programs\MiKTeX\tex/generic/pgf/basiclayer\pgfcor
eimage.code.tex
File: pgfcoreimage.code.tex 2021/05/15 v3.1.9a (3.1.9a)

(C:\Users\julih\AppData\Local\Programs\MiKTeX\tex/generic/pgf/basiclayer\pgfcor
eexternal.code.tex
File: pgfcoreexternal.code.tex 2021/05/15 v3.1.9a (3.1.9a)
\pgfexternal@startupbox=\box110
))
(C:\Users\julih\AppData\Local\Programs\MiKTeX\tex/generic/pgf/basiclayer\pgfcor
elayers.code.tex
File: pgfcorelayers.code.tex 2021/05/15 v3.1.9a (3.1.9a)
)
(C:\Users\julih\AppData\Local\Programs\MiKTeX\tex/generic/pgf/basiclayer\pgfcor
etransparency.code.tex
File: pgfcoretransparency.code.tex 2021/05/15 v3.1.9a (3.1.9a)
)
(C:\Users\julih\AppData\Local\Programs\MiKTeX\tex/generic/pgf/basiclayer\pgfcor
epatterns.code.tex
File: pgfcorepatterns.code.tex 2021/05/15 v3.1.9a (3.1.9a)
)
(C:\Users\julih\AppData\Local\Programs\MiKTeX\tex/generic/pgf/basiclayer\pgfcor
erdf.code.tex
File: pgfcorerdf.code.tex 2021/05/15 v3.1.9a (3.1.9a)
)))
(C:\Users\julih\AppData\Local\Programs\MiKTeX\tex/generic/pgf/modules\pgfmodule
shapes.code.tex
File: pgfmoduleshapes.code.tex 2021/05/15 v3.1.9a (3.1.9a)
\pgfnodeparttextbox=\box111
)
(C:\Users\julih\AppData\Local\Programs\MiKTeX\tex/generic/pgf/modules\pgfmodule
plot.code.tex
File: pgfmoduleplot.code.tex 2021/05/15 v3.1.9a (3.1.9a)
)
(C:\Users\julih\AppData\Local\Programs\MiKTeX\tex/latex/pgf/compatibility\pgfco
mp-version-0-65.sty
Package: pgfcomp-version-0-65 2021/05/15 v3.1.9a (3.1.9a)
\pgf@nodesepstart=\dimen305
\pgf@nodesepend=\dimen306
)
(C:\Users\julih\AppData\Local\Programs\MiKTeX\tex/latex/pgf/compatibility\pgfco
mp-version-1-18.sty
Package: pgfcomp-version-1-18 2021/05/15 v3.1.9a (3.1.9a)
))
(C:\Users\julih\AppData\Local\Programs\MiKTeX\tex/latex/pgf/utilities\pgffor.st
y
(C:\Users\julih\AppData\Local\Programs\MiKTeX\tex/latex/pgf/utilities\pgfkeys.s
ty
(C:\Users\julih\AppData\Local\Programs\MiKTeX\tex/generic/pgf/utilities\pgfkeys
.code.tex))
(C:\Users\julih\AppData\Local\Programs\MiKTeX\tex/latex/pgf/math\pgfmath.sty
(C:\Users\julih\AppData\Local\Programs\MiKTeX\tex/generic/pgf/math\pgfmath.code
.tex))
(C:\Users\julih\AppData\Local\Programs\MiKTeX\tex/generic/pgf/utilities\pgffor.
code.tex
Package: pgffor 2021/05/15 v3.1.9a (3.1.9a)

(C:\Users\julih\AppData\Local\Programs\MiKTeX\tex/generic/pgf/math\pgfmath.code
.tex)
\pgffor@iter=\dimen307
\pgffor@skip=\dimen308
\pgffor@stack=\toks41
\pgffor@toks=\toks42
))
(C:\Users\julih\AppData\Local\Programs\MiKTeX\tex/generic/pgf/frontendlayer/tik
z\tikz.code.tex
Package: tikz 2021/05/15 v3.1.9a (3.1.9a)

(C:\Users\julih\AppData\Local\Programs\MiKTeX\tex/generic/pgf/libraries\pgflibr
aryplothandlers.code.tex
File: pgflibraryplothandlers.code.tex 2021/05/15 v3.1.9a (3.1.9a)
\pgf@plot@mark@count=\count330
\pgfplotmarksize=\dimen309
)
\tikz@lastx=\dimen310
\tikz@lasty=\dimen311
\tikz@lastxsaved=\dimen312
\tikz@lastysaved=\dimen313
\tikz@lastmovetox=\dimen314
\tikz@lastmovetoy=\dimen315
\tikzleveldistance=\dimen316
\tikzsiblingdistance=\dimen317
\tikz@figbox=\box112
\tikz@figbox@bg=\box113
\tikz@tempbox=\box114
\tikz@tempbox@bg=\box115
\tikztreelevel=\count331
\tikznumberofchildren=\count332
\tikznumberofcurrentchild=\count333
\tikz@fig@count=\count334

(C:\Users\julih\AppData\Local\Programs\MiKTeX\tex/generic/pgf/modules\pgfmodule
matrix.code.tex
File: pgfmodulematrix.code.tex 2021/05/15 v3.1.9a (3.1.9a)
\pgfmatrixcurrentrow=\count335
\pgfmatrixcurrentcolumn=\count336
\pgf@matrix@numberofcolumns=\count337
)
\tikz@expandcount=\count338

(C:\Users\julih\AppData\Local\Programs\MiKTeX\tex/generic/pgf/frontendlayer/tik
z/libraries\tikzlibrarytopaths.code.tex
File: tikzlibrarytopaths.code.tex 2021/05/15 v3.1.9a (3.1.9a)
)))
(C:\Users\julih\AppData\Local\Programs\MiKTeX\tex/generic/pgf/frontendlayer/tik
z/libraries\tikzlibrarymatrix.code.tex
File: tikzlibrarymatrix.code.tex 2021/05/15 v3.1.9a (3.1.9a)
)
(C:\Users\julih\AppData\Local\Programs\MiKTeX\tex/generic/pgf/frontendlayer/tik
z/libraries\tikzlibraryarrows.code.tex
File: tikzlibraryarrows.code.tex 2021/05/15 v3.1.9a (3.1.9a)

(C:\Users\julih\AppData\Local\Programs\MiKTeX\tex/generic/pgf/libraries\pgflibr
aryarrows.code.tex
File: pgflibraryarrows.code.tex 2021/05/15 v3.1.9a (3.1.9a)
\arrowsize=\dimen318
))
(C:\Users\julih\AppData\Local\Programs\MiKTeX\tex/generic/pgf/frontendlayer/tik
z/libraries\tikzlibrarydecorations.pathmorphing.code.tex
(C:\Users\julih\AppData\Local\Programs\MiKTeX\tex/generic/pgf/frontendlayer/tik
z/libraries\tikzlibrarydecorations.code.tex
(C:\Users\julih\AppData\Local\Programs\MiKTeX\tex/generic/pgf/modules\pgfmodule
decorations.code.tex
\pgfdecoratedcompleteddistance=\dimen319
\pgfdecoratedremainingdistance=\dimen320
\pgfdecoratedinputsegmentcompleteddistance=\dimen321
\pgfdecoratedinputsegmentremainingdistance=\dimen322
\pgf@decorate@distancetomove=\dimen323
\pgf@decorate@repeatstate=\count339
\pgfdecorationsegmentamplitude=\dimen324
\pgfdecorationsegmentlength=\dimen325
)
\tikz@lib@dec@box=\box116
)
(C:\Users\julih\AppData\Local\Programs\MiKTeX\tex/generic/pgf/libraries/decorat
ions\pgflibrarydecorations.pathmorphing.code.tex))
(C:\Users\julih\AppData\Local\Programs\MiKTeX\tex/latex/amscls\amsthm.sty
Package: amsthm 2020/05/29 v2.20.6
\thm@style=\toks43
\thm@bodyfont=\toks44
\thm@headfont=\toks45
\thm@notefont=\toks46
\thm@headpunct=\toks47
\thm@preskip=\skip97
\thm@postskip=\skip98
\thm@headsep=\skip99
\dth@everypar=\toks48
)
Package hyperref Info: Option `colorlinks' set `true' on input line 39.

(C:\Users\julih\AppData\Local\Programs\MiKTeX\tex/latex/listings\listings.sty
\lst@mode=\count340
\lst@gtempboxa=\box117
\lst@token=\toks49
\lst@length=\count341
\lst@currlwidth=\dimen326
\lst@column=\count342
\lst@pos=\count343
\lst@lostspace=\dimen327
\lst@width=\dimen328
\lst@newlines=\count344
\lst@lineno=\count345
\lst@maxwidth=\dimen329

(C:\Users\julih\AppData\Local\Programs\MiKTeX\tex/latex/listings\lstmisc.sty
File: lstmisc.sty 2020/03/24 1.8d (Carsten Heinz)
\c@lstnumber=\count346
\lst@skipnumbers=\count347
\lst@framebox=\box118
)
(C:\Users\julih\AppData\Local\Programs\MiKTeX\tex/latex/listings\listings.cfg
File: listings.cfg 2020/03/24 1.8d listings configuration
))
Package: listings 2020/03/24 1.8d (Carsten Heinz)
) (C:\Users\julih\AppData\Local\Programs\MiKTeX\tex/latex/units\units.sty
Package: units 1998/08/04 v0.9b Typesetting units

(C:\Users\julih\AppData\Local\Programs\MiKTeX\tex/latex/units\nicefrac.sty
Package: nicefrac 1998/08/04 v0.9b Nice fractions
\L@UnitsRaiseDisplaystyle=\skip100
\L@UnitsRaiseTextstyle=\skip101
\L@UnitsRaiseScriptstyle=\skip102
))
(_tufte.tex) (_comandos.tex) (_entornos.tex
\c@thm=\count348
\c@prop=\count349
\c@lem=\count350
\c@cor=\count351
\c@alg=\count352
\c@ans=\count353
\c@defn=\count354
\c@problema=\count355
\c@axiom=\count356
\c@ejemplo=\count357
\c@rem=\count358
\c@ilu=\count359

(C:\Users\julih\AppData\Local\Programs\MiKTeX\tex/latex/framed\framed.sty
Package: framed 2011/10/22 v 0.96: framed or shaded text with page breaks
\OuterFrameSep=\skip103
\fb@frw=\dimen330
\fb@frh=\dimen331
\FrameRule=\dimen332
\FrameSep=\dimen333
))
(_md_comandos.tex) (_md_entornos.tex
\c@conj=\count360
\c@tdv=\count361
\c@claim=\count362
)
\c@case=\count363
 (_trig_comandos.tex) (_pe_comandos.tex)
(_color-listings.tex)
LaTeX Font Info:    Trying to load font information for T1+lmr on input line 34
.

(C:\Users\julih\AppData\Local\Programs\MiKTeX\tex/latex/lm\t1lmr.fd
File: t1lmr.fd 2009/10/30 v1.6 Font defs for Latin Modern
)
(C:\Users\julih\AppData\Local\Programs\MiKTeX\tex/latex/l3backend\l3backend-pdf
tex.def
File: l3backend-pdftex.def 2021-05-07 L3 backend support: PDF output (pdfTeX)
\l__color_backend_stack_int=\count364
\l__pdf_internal_box=\box119
)

LaTeX Warning: Unused global option(s):
    [12pt].

([000] Estad√≠stica Matem√°tica.aux
LaTeX Info: Redefining \. on input line 22.
LaTeX Info: Redefining \% on input line 22.


LaTeX Warning: Label `eq:3.50' multiply defined.


LaTeX Warning: Label `eq:7.3_' multiply defined.


LaTeX Warning: Label `kum0403' multiply defined.

)
\openout1 = `"[000] Estad√≠stica Matem√°tica.aux"'.

LaTeX Font Info:    Checking defaults for OML/cmm/m/it on input line 34.
LaTeX Font Info:    ... okay on input line 34.
LaTeX Font Info:    Checking defaults for OMS/cmsy/m/n on input line 34.
LaTeX Font Info:    ... okay on input line 34.
LaTeX Font Info:    Checking defaults for OT1/cmr/m/n on input line 34.
LaTeX Font Info:    ... okay on input line 34.
LaTeX Font Info:    Checking defaults for T1/cmr/m/n on input line 34.
LaTeX Font Info:    ... okay on input line 34.
LaTeX Font Info:    Checking defaults for TS1/cmr/m/n on input line 34.
LaTeX Font Info:    ... okay on input line 34.
LaTeX Font Info:    Checking defaults for OMX/cmex/m/n on input line 34.
LaTeX Font Info:    ... okay on input line 34.
LaTeX Font Info:    Checking defaults for U/cmr/m/n on input line 34.
LaTeX Font Info:    ... okay on input line 34.
LaTeX Font Info:    Checking defaults for PD1/pdf/m/n on input line 34.
LaTeX Font Info:    ... okay on input line 34.
LaTeX Font Info:    Checking defaults for PU/pdf/m/n on input line 34.
LaTeX Font Info:    ... okay on input line 34.
LaTeX Font Info:    Checking defaults for LY/yfrak/m/n on input line 34.
LaTeX Font Info:    ... okay on input line 34.
LaTeX Font Info:    Checking defaults for LYG/ygoth/m/n on input line 34.
LaTeX Font Info:    ... okay on input line 34.
Package hyperref Info: Link coloring ON on input line 34.
 (C:\Users\julih\AppData\Local\Programs\MiKTeX\tex/latex/hyperref\nameref.sty
Package: nameref 2021-04-02 v2.47 Cross-referencing by name of section

(C:\Users\julih\AppData\Local\Programs\MiKTeX\tex/latex/refcount\refcount.sty
Package: refcount 2019/12/15 v3.6 Data extraction from label references (HO)
)
(C:\Users\julih\AppData\Local\Programs\MiKTeX\tex/generic/gettitlestring\gettit
lestring.sty
Package: gettitlestring 2019/12/15 v1.6 Cleanup title references (HO)
)
\c@section@level=\count365
)
LaTeX Info: Redefining \ref on input line 34.
LaTeX Info: Redefining \pageref on input line 34.
LaTeX Info: Redefining \nameref on input line 34.
 ([000] Estad√≠stica Matem√°tica.out)
([000] Estad√≠stica Matem√°tica.out)
\@outlinefile=\write5
\openout5 = `"[000] Estad√≠stica Matem√°tica.out"'.

 ABD: EverySelectfont initializing macros
LaTeX Info: Redefining \selectfont on input line 34.

*geometry* driver: auto-detecting
*geometry* detected driver: pdftex
*geometry* verbose mode - [ preamble ] result:
* driver: pdftex
* paper: letterpaper
* layout: <same size as paper>
* layoutoffset:(h,v)=(0.0pt,0.0pt)
* modes: twoside asymmetric 
* h-part:(L,W,R)=(72.26999pt, 312.0pt, 230.02501pt)
* v-part:(T,H,B)=(72.26999pt, 616.0pt, 106.7pt)
* \paperwidth=614.295pt
* \paperheight=794.96999pt
* \textwidth=312.0pt
* \textheight=616.0pt
* \oddsidemargin=0.0pt
* \evensidemargin=0.0pt
* \topmargin=-42.0pt
* \headheight=14.0pt
* \headsep=28.0pt
* \topskip=10.0pt
* \footskip=25.29494pt
* \marginparwidth=144.0pt
* \marginparsep=24.0pt
* \columnsep=10.0pt
* \skip\footins=9.0pt plus 4.0pt minus 2.0pt
* \hoffset=0.0pt
* \voffset=0.0pt
* \mag=1000
* \@twocolumnfalse
* \@twosidetrue
* \@mparswitchfalse
* \@reversemarginfalse
* (1in=72.27pt=25.4mm, 1cm=28.453pt)

\langwohyphens=\language80

(C:\Users\julih\AppData\Local\Programs\MiKTeX\tex/context/base/mkii\supp-pdf.mk
ii
[Loading MPS to PDF converter (version 2006.09.02).]
\scratchcounter=\count366
\scratchdimen=\dimen334
\scratchbox=\box120
\nofMPsegments=\count367
\nofMParguments=\count368
\everyMPshowfont=\toks50
\MPscratchCnt=\count369
\MPscratchDim=\dimen335
\MPnumerator=\count370
\makeMPintoPDFobject=\count371
\everyMPtoPDFconversion=\toks51
)
(C:\Users\julih\AppData\Local\Programs\MiKTeX\tex/latex/epstopdf-pkg\epstopdf-b
ase.sty
Package: epstopdf-base 2020-01-24 v2.11 Base part for package epstopdf
Package epstopdf-base Info: Redefining graphics rule for `.eps' on input line 4
85.

(C:\Users\julih\AppData\Local\Programs\MiKTeX\tex/latex/00miktex\epstopdf-sys.c
fg
File: epstopdf-sys.cfg 2021/03/18 v2.0 Configuration of epstopdf for MiKTeX
))
LaTeX Info: Redefining \. on input line 34.
LaTeX Info: Redefining \% on input line 34.
\c@lstlisting=\count372
LaTeX Font Info:    Trying to load font information for T1+lmss on input line 3
5.
 (C:\Users\julih\AppData\Local\Programs\MiKTeX\tex/latex/lm\t1lmss.fd
File: t1lmss.fd 2009/10/30 v1.6 Font defs for Latin Modern
)
Overfull \hbox (15.10158pt too wide) in paragraph at lines 35--35
[]\T1/lmss/m/n/36/200ls ESTADÕSTICA MA-TE-M¡- 
 []

[1


{C:/Users/julih/AppData/Local/MiKTeX/pdftex/config/pdftex.map}]
LaTeX Font Info:    Trying to load font information for OT1+lmr on input line 3
6.

(C:\Users\julih\AppData\Local\Programs\MiKTeX\tex/latex/lm\ot1lmr.fd
File: ot1lmr.fd 2009/10/30 v1.6 Font defs for Latin Modern
)
LaTeX Font Info:    Trying to load font information for OML+lmm on input line 3
6.

(C:\Users\julih\AppData\Local\Programs\MiKTeX\tex/latex/lm\omllmm.fd
File: omllmm.fd 2009/10/30 v1.6 Font defs for Latin Modern
)
LaTeX Font Info:    Trying to load font information for OMS+lmsy on input line 
36.

(C:\Users\julih\AppData\Local\Programs\MiKTeX\tex/latex/lm\omslmsy.fd
File: omslmsy.fd 2009/10/30 v1.6 Font defs for Latin Modern
)
LaTeX Font Info:    Trying to load font information for OMX+lmex on input line 
36.

(C:\Users\julih\AppData\Local\Programs\MiKTeX\tex/latex/lm\omxlmex.fd
File: omxlmex.fd 2009/10/30 v1.6 Font defs for Latin Modern
)
LaTeX Font Info:    External font `lmex10' loaded for size
(Font)              <10> on input line 36.
LaTeX Font Info:    External font `lmex10' loaded for size
(Font)              <7.6> on input line 36.
LaTeX Font Info:    External font `lmex10' loaded for size
(Font)              <6> on input line 36.
LaTeX Font Info:    Trying to load font information for OT1+zplm on input line 
36.

(C:\Users\julih\AppData\Local\Programs\MiKTeX\tex/latex/psnfss\ot1zplm.fd
File: ot1zplm.fd 2002/09/08 Fontinst v1.914 font definitions for OT1/zplm.
)
LaTeX Font Info:    Font shape `U/msa/m/n' will be
(Font)              scaled to size 10.42007pt on input line 36.
LaTeX Font Info:    Font shape `U/msa/m/n' will be
(Font)              scaled to size 7.91925pt on input line 36.
LaTeX Font Info:    Font shape `U/msa/m/n' will be
(Font)              scaled to size 6.25204pt on input line 36.
LaTeX Font Info:    Font shape `U/msb/m/n' will be
(Font)              scaled to size 10.42007pt on input line 36.
LaTeX Font Info:    Font shape `U/msb/m/n' will be
(Font)              scaled to size 7.91925pt on input line 36.
LaTeX Font Info:    Font shape `U/msb/m/n' will be
(Font)              scaled to size 6.25204pt on input line 36.
LaTeX Font Info:    Trying to load font information for U+rsfs on input line 36
.

(C:\Users\julih\AppData\Local\Programs\MiKTeX\tex/latex/jknappen\ursfs.fd
File: ursfs.fd 1998/03/24 rsfs font definition file (jk)
)
Underfull \hbox (badness 10000) in paragraph at lines 38--40
[]\T1/lmr/m/n/10 This work is li-cen-sed un-der the Crea-ti-ve Com-mons Re-co-n
o-ci-
 []


Underfull \hbox (badness 10000) in paragraph at lines 38--40
\T1/lmr/m/n/10 mien-to 4.0 In-ter-na-cio-nal Li-cen-se. To view a copy of this 
li-cen-se,
 []

<./licencia/by.png, id=201, 97.0827pt x 33.9669pt>
File: ./licencia/by.png Graphic file (type png)
<use ./licencia/by.png>
Package pdftex.def Info: ./licencia/by.png  used on input line 41.
(pdftex.def)             Requested size: 97.08244pt x 33.96681pt.
[2

 <./licencia/by.png>] ([000] Estad√≠stica Matem√°tica.toc
LaTeX Info: Redefining \. on input line 1.
LaTeX Info: Redefining \% on input line 1.
 [3

]
LaTeX Font Info:    External font `lmex10' loaded for size
(Font)              <12> on input line 84.
LaTeX Font Info:    External font `lmex10' loaded for size
(Font)              <9> on input line 84.
LaTeX Font Info:    External font `lmex10' loaded for size
(Font)              <7> on input line 84.
LaTeX Font Info:    Font shape `U/msa/m/n' will be
(Font)              scaled to size 12.50409pt on input line 84.
LaTeX Font Info:    Font shape `U/msa/m/n' will be
(Font)              scaled to size 9.37807pt on input line 84.
LaTeX Font Info:    Font shape `U/msa/m/n' will be
(Font)              scaled to size 7.29405pt on input line 84.
LaTeX Font Info:    Font shape `U/msb/m/n' will be
(Font)              scaled to size 12.50409pt on input line 84.
LaTeX Font Info:    Font shape `U/msb/m/n' will be
(Font)              scaled to size 9.37807pt on input line 84.
LaTeX Font Info:    Font shape `U/msb/m/n' will be
(Font)              scaled to size 7.29405pt on input line 84.
LaTeX Font Info:    Trying to load font information for T1+lmtt on input line 1
14.

(C:\Users\julih\AppData\Local\Programs\MiKTeX\tex/latex/lm\t1lmtt.fd
File: t1lmtt.fd 2009/10/30 v1.6 Font defs for Latin Modern
))
\tf@toc=\write6
\openout6 = `"[000] Estad√≠stica Matem√°tica.toc"'.


(estadistica-descriptiva.tex [4]
Cap\'{\i }tulo 1.
LaTeX Font Info:    External font `lmex10' loaded for size
(Font)              <20.74> on input line 1.
LaTeX Font Info:    External font `lmex10' loaded for size
(Font)              <14.4> on input line 1.
LaTeX Font Info:    Font shape `U/msa/m/n' will be
(Font)              scaled to size 21.61124pt on input line 1.
LaTeX Font Info:    Font shape `U/msa/m/n' will be
(Font)              scaled to size 15.0049pt on input line 1.
LaTeX Font Info:    Font shape `U/msb/m/n' will be
(Font)              scaled to size 21.61124pt on input line 1.
LaTeX Font Info:    Font shape `U/msb/m/n' will be
(Font)              scaled to size 15.0049pt on input line 1.
[5

]
Overfull \hbox (7.7452pt too wide) in paragraph at lines 86--87
[]\T1/lmr/m/n/10 Si los n˙-me-ros $\OML/lmm/m/it/10 X[]\OT1/lmr/m/n/10 , \OML/l
mm/m/it/10 X[]\OT1/lmr/m/n/10 , ..., \OML/lmm/m/it/10 X[]$ \T1/lmr/m/n/10 se pr
e-sen-tan con \T1/lmr/m/it/10 fre-cuen-cias $\OML/lmm/m/it/10 f[]\OT1/lmr/m/n/1
0 , \OML/lmm/m/it/10 f[]\OT1/lmr/m/n/10 , ..., \OML/lmm/m/it/10 f[]$ 
 []

[6] [7]
(C:\Users\julih\AppData\Local\Programs\MiKTeX\tex/latex/listings\lstlang1.sty
File: lstlang1.sty 2020/03/24 1.8d listings language file
)
LaTeX Font Info:    External font `lmex10' loaded for size
(Font)              <8> on input line 225.
LaTeX Font Info:    External font `lmex10' loaded for size
(Font)              <5> on input line 225.
LaTeX Font Info:    Font shape `U/msa/m/n' will be
(Font)              scaled to size 8.33606pt on input line 225.
LaTeX Font Info:    Font shape `U/msa/m/n' will be
(Font)              scaled to size 5.21004pt on input line 225.
LaTeX Font Info:    Font shape `U/msb/m/n' will be
(Font)              scaled to size 8.33606pt on input line 225.
LaTeX Font Info:    Font shape `U/msb/m/n' will be
(Font)              scaled to size 5.21004pt on input line 225.

Overfull \hbox (185.92331pt too wide) in paragraph at lines 225--225
$[]$[][]\T1/lmr/m/n/8 https://github.com/numpy/numpy/blob/v1.13.0/numpy/core/fr
omnumeric.py#L2806- 
 []


LaTeX Warning: Marginpar on page 8 moved.


Overfull \hbox (143.64854pt too wide) in paragraph at lines 246--246
$[]$[][]\T1/lmr/m/n/8 https://docs.scipy.org/doc/numpy/reference/generated/nump
y.median.html[][]  
 []


LaTeX Warning: Marginpar on page 8 moved.

[8]

LaTeX Warning: Marginpar on page 9 moved.

[9]
<./images/tab0301.png, id=464, 819.8128pt x 227.34938pt>
File: ./images/tab0301.png Graphic file (type png)
<use ./images/tab0301.png>
Package pdftex.def Info: ./images/tab0301.png  used on input line 359.
(pdftex.def)             Requested size: 284.52756pt x 78.90741pt.

Overfull \hbox (6.58385pt too wide) in paragraph at lines 380--381
[][]\T1/lmr/bx/n/10 Problema 1.7. []\T1/lmr/m/n/10 De-mos-trar que la su-ma de 
las des-via-cio-nes $\OML/lmm/m/it/10 d[]\OT1/lmr/m/n/10 , \OML/lmm/m/it/10 d[]
\OT1/lmr/m/n/10 , ..., \OML/lmm/m/it/10 d[]$ 
 []


Overfull \hbox (11.36919pt too wide) in paragraph at lines 395--396
[][]\T1/lmr/bx/n/10 Problema 1.9. []\T1/lmr/m/n/10 Ha-lle la me-dia arit-mÈ-ti-
ca de los n˙-me-ros 5,8,11,9,12,6,14 
 []

<./images/tab0307.png, id=466, 475.02469pt x 392.21532pt>
File: ./images/tab0307.png Graphic file (type png)
<use ./images/tab0307.png>
Package pdftex.def Info: ./images/tab0307.png  used on input line 413.
(pdftex.def)             Requested size: 172.29893pt x 142.26378pt.
[10 <./images/tab0301.png>] [11 <./images/tab0307.png>]
Overfull \hbox (128.11221pt too wide) in paragraph at lines 521--521
$[]$\T1/lmr/m/n/8 https://docs.scipy.org/doc/numpy/reference/generated/numpy.st
d.html  
 []


LaTeX Warning: Marginpar on page 12 moved.

[12]
<./images/tab0302.png, id=516, 834.11626pt x 350.05782pt>
File: ./images/tab0302.png Graphic file (type png)
<use ./images/tab0302.png>
Package pdftex.def Info: ./images/tab0302.png  used on input line 575.
(pdftex.def)             Requested size: 284.52756pt x 119.408pt.
<./images/tab0201.png, id=517, 621.07031pt x 350.81062pt>
File: ./images/tab0201.png Graphic file (type png)
<use ./images/tab0201.png>
Package pdftex.def Info: ./images/tab0201.png  used on input line 590.
(pdftex.def)             Requested size: 251.86378pt x 142.26378pt.
 [13 <./images/tab0302.png>]
File: ./images/tab0201.png Graphic file (type png)
<use ./images/tab0201.png>
Package pdftex.def Info: ./images/tab0201.png  used on input line 619.
(pdftex.def)             Requested size: 251.86378pt x 142.26378pt.
File: ./images/tab0201.png Graphic file (type png)
<use ./images/tab0201.png>
Package pdftex.def Info: ./images/tab0201.png  used on input line 644.
(pdftex.def)             Requested size: 251.86378pt x 142.26378pt.
<./images/tab0205.png, id=555, 548.80031pt x 405.76593pt>
File: ./images/tab0205.png Graphic file (type png)
<use ./images/tab0205.png>
Package pdftex.def Info: ./images/tab0205.png  used on input line 659.
(pdftex.def)             Requested size: 192.41794pt x 142.26378pt.
 [14 <./images/tab0201.png>] [15 <./images/tab0205.png>] [16]
<./images/correlationMatrix.png, id=597, 938.00438pt x 258.9675pt>
File: ./images/correlationMatrix.png Graphic file (type png)
<use ./images/correlationMatrix.png>
Package pdftex.def Info: ./images/correlationMatrix.png  used on input line 810
.
(pdftex.def)             Requested size: 284.52756pt x 78.55226pt.
 [17 <./images/correlationMatrix.png>]
<./images/tvVsSales.png, id=643, 373.395pt x 264.99pt>
File: ./images/tvVsSales.png Graphic file (type png)
<use ./images/tvVsSales.png>
Package pdftex.def Info: ./images/tvVsSales.png  used on input line 845.
(pdftex.def)             Requested size: 284.52756pt x 201.93227pt.
<./images/radioVsSales.png, id=644, 373.395pt x 264.99pt>
File: ./images/radioVsSales.png Graphic file (type png)
<use ./images/radioVsSales.png>
Package pdftex.def Info: ./images/radioVsSales.png  used on input line 851.
(pdftex.def)             Requested size: 284.52756pt x 201.93227pt.
<./images/newsVsSales.png, id=645, 373.395pt x 264.99pt>
File: ./images/newsVsSales.png Graphic file (type png)
<use ./images/newsVsSales.png>
Package pdftex.def Info: ./images/newsVsSales.png  used on input line 857.
(pdftex.def)             Requested size: 284.52756pt x 201.93227pt.
 [18 <./images/tvVsSales.png> <./images/radioVsSales.png>]) ([200] Probabilidad
 b√°sica.tex [19 <./images/newsVsSales.png>] [20

]
Cap\'{\i }tulo 2.
([201] Fundamentos de probabilidad.tex
Overfull \hbox (3.27684pt too wide) in paragraph at lines 61--62
\T1/lmr/m/n/10 da-do por $[] \OT1/lmr/m/n/10 ,$ \T1/lmr/m/n/10 mien-tras que ot
ro es-t· da-do por $[] \OT1/lmr/m/n/10 .$  
 []

[21]
<./pe/pands0101.png, id=694, 557.83406pt x 392.21532pt>
File: ./pe/pands0101.png Graphic file (type png)
<use ./pe/pands0101.png>
Package pdftex.def Info: ./pe/pands0101.png  used on input line 77.
(pdftex.def)             Requested size: 142.26378pt x 100.02255pt.
LaTeX Font Info:    Trying to load font information for U+fplmbb on input line 
86.
 (C:\Users\julih\AppData\Local\Programs\MiKTeX\tex/latex/psnfss\ufplmbb.fd
File: ufplmbb.fd 2003/10/30 Fontinst v1.914 font definitions for U/fplmbb.
)
<./pe/pands0102.png, id=695, 364.36125pt x 296.60812pt>
File: ./pe/pands0102.png Graphic file (type png)
<use ./pe/pands0102.png>
Package pdftex.def Info: ./pe/pands0102.png  used on input line 103.
(pdftex.def)             Requested size: 104.8559pt x 85.35826pt.
[22 <./pe/pands0101.png> <./pe/pands0102.png>] [23] [24] [25])
([202] Probabilidad condicional.tex
<./pe/pands0103.png, id=762, 688.07062pt x 376.40625pt>
File: ./pe/pands0103.png Graphic file (type png)
<use ./pe/pands0103.png>
Package pdftex.def Info: ./pe/pands0103.png  used on input line 6.
(pdftex.def)             Requested size: 142.26378pt x 77.82428pt.
 [26] [27 <./pe/pands0103.png>])
([203] An√°lisis combinatorio.tex [28] [29]) ([200][Problemas].tex
([201][Problemas] Fundamentos de probabilidad.tex
<./pe/deck.jpg, id=835, 738.76pt x 304.13625pt>
File: ./pe/deck.jpg Graphic file (type jpg)
<use ./pe/deck.jpg>
Package pdftex.def Info: ./pe/deck.jpg  used on input line 17.
(pdftex.def)             Requested size: 284.52756pt x 117.1369pt.
 [30] [31 <./pe/deck.jpg>])))
(pe-02 Variables Aletorias.tex [32]
Cap\'{\i }tulo 3.
[33

]
Overfull \hbox (7.81061pt too wide) in paragraph at lines 70--70
|[]\T1/lmr/m/it/12 Funciones de dis-tri-bu-ciÛn pa-ra va-ria-bles alea-to-rias 
dis-cre-tas| 
 []

<./pe/pands0201.png, id=905, 592.46344pt x 473.51906pt>
File: ./pe/pands0201.png Graphic file (type png)
<use ./pe/pands0201.png>
Package pdftex.def Info: ./pe/pands0201.png  used on input line 105.
(pdftex.def)             Requested size: 249.19455pt x 199.16928pt.
[34 <./pe/pands0201.png>]
<./pe/pands0206.png, id=915, 749.80125pt x 295.85532pt>
File: ./pe/pands0206.png Graphic file (type png)
<use ./pe/pands0206.png>
Package pdftex.def Info: ./pe/pands0206.png  used on input line 144.
(pdftex.def)             Requested size: 284.52756pt x 112.26817pt.
<./pe/pands0207.png, id=917, 784.43062pt x 309.40594pt>
File: ./pe/pands0207.png Graphic file (type png)
<use ./pe/pands0207.png>
Package pdftex.def Info: ./pe/pands0207.png  used on input line 164.
(pdftex.def)             Requested size: 284.52756pt x 112.22641pt.
 [35 <./pe/pands0206.png> <./pe/pands0207.png>]
[36

]
Cap\'{\i }tulo 4.
[37]
<./pe/pands0202.png, id=951, 777.65532pt x 408.02437pt>
File: ./pe/pands0202.png Graphic file (type png)
<use ./pe/pands0202.png>
Package pdftex.def Info: ./pe/pands0202.png  used on input line 322.
(pdftex.def)             Requested size: 271.13922pt x 142.26378pt.
<./pe/pands0203.png, id=952, 715.92468pt x 371.13657pt>
File: ./pe/pands0203.png Graphic file (type png)
<use ./pe/pands0203.png>
Package pdftex.def Info: ./pe/pands0203.png  used on input line 332.
(pdftex.def)             Requested size: 274.42473pt x 142.26378pt.
 [38] [39 <./pe/pands0202.png> <./pe/pands0203.png>]
<./pe/tab0203.png, id=979, 794.97pt x 354.57469pt>
File: ./pe/tab0203.png Graphic file (type png)
<use ./pe/tab0203.png>
Package pdftex.def Info: ./pe/tab0203.png  used on input line 373.
(pdftex.def)             Requested size: 318.96492pt x 142.26378pt.

Overfull \hbox (6.96492pt too wide) in paragraph at lines 373--376
 [][] 
 []

[40 <./pe/tab0203.png>]
<./pe/pands0204.png, id=990, 770.12718pt x 366.61969pt>
File: ./pe/pands0204.png Graphic file (type png)
<use ./pe/pands0204.png>
Package pdftex.def Info: ./pe/pands0204.png  used on input line 438.
(pdftex.def)             Requested size: 179.29948pt x 85.35826pt.
 [41 <./pe/pands0204.png>]
<./pe/tab0206.png, id=1006, 800.9925pt x 411.78844pt>
File: ./pe/tab0206.png Graphic file (type png)
<use ./pe/tab0206.png>
Package pdftex.def Info: ./pe/tab0206.png  used on input line 562.
(pdftex.def)             Requested size: 284.52756pt x 146.27702pt.
 [42]
<./pe/pands0209.png, id=1022, 572.89032pt x 405.01312pt>
File: ./pe/pands0209.png Graphic file (type png)
<use ./pe/pands0209.png>
Package pdftex.def Info: ./pe/pands0209.png  used on input line 618.
(pdftex.def)             Requested size: 284.52756pt x 201.15263pt.

Underfull \vbox (badness 3492) has occurred while \output is active []

 [43 <./pe/tab0206.png>]
<./pe/pands0210.png, id=1040, 371.88937pt x 357.58594pt>
File: ./pe/pands0210.png Graphic file (type png)
<use ./pe/pands0210.png>
Package pdftex.def Info: ./pe/pands0210.png  used on input line 633.
(pdftex.def)             Requested size: 236.72592pt x 227.62204pt.

Overfull \hbox (4.87979pt too wide) in paragraph at lines 649--650
[]\T1/lmr/m/n/10 Si $\OML/lmm/m/it/10 X\OT1/lmr/m/n/10 , \OML/lmm/m/it/10 Y$ \T
1/lmr/m/n/10 son v.a's dis-cre-tas y te-ne-mos los even-tos $\OML/lmm/m/it/10 A
 \OT1/zplm/m/n/10 = [] \OT1/lmr/m/n/10 ,  \OML/lmm/m/it/10 B \OT1/zplm/m/n/10 =
 
 []


Underfull \vbox (badness 1629) has occurred while \output is active []

 [44 <./pe/pands0209.png> <./pe/pands0210.png>] [45]
<./pe/pands0217.png, id=1064, 371.13657pt x 368.1253pt>
File: ./pe/pands0217.png Graphic file (type png)
<use ./pe/pands0217.png>
Package pdftex.def Info: ./pe/pands0217.png  used on input line 763.
(pdftex.def)             Requested size: 200.8015pt x 199.16928pt.
) (pe-03 Esperanza Matem√°tica.tex
[46 <./pe/pands0217.png>]
Cap\'{\i }tulo 5.
[47

] [48] [49]
<./pe/pands0301.png, id=1110, 658.71094pt x 360.59718pt>
File: ./pe/pands0301.png Graphic file (type png)
<use ./pe/pands0301.png>
Package pdftex.def Info: ./pe/pands0301.png  used on input line 289.
(pdftex.def)             Requested size: 259.87135pt x 142.26378pt.
 [50] [51 <./pe/pands0301.png>] [52] [53])
(pe-04 Distribuciones.tex [54]
Cap\'{\i }tulo 6.
[55

] [56]
<./pe/distBin01.png, id=1208, 376.40625pt x 256.96pt>
File: ./pe/distBin01.png Graphic file (type png)
<use ./pe/distBin01.png>
Package pdftex.def Info: ./pe/distBin01.png  used on input line 118.
(pdftex.def)             Requested size: 291.75777pt x 199.16928pt.
 [57 <./pe/distBin01.png>] [58]
<./pe/norm1.png, id=1228, 350.30875pt x 251.94125pt>
File: ./pe/norm1.png Graphic file (type png)
<use ./pe/norm1.png>
Package pdftex.def Info: ./pe/norm1.png  used on input line 216.
(pdftex.def)             Requested size: 197.8072pt x 142.26378pt.
<./pe/norm2.png, id=1229, 350.30875pt x 251.94125pt>
File: ./pe/norm2.png Graphic file (type png)
<use ./pe/norm2.png>
Package pdftex.def Info: ./pe/norm2.png  used on input line 228.
(pdftex.def)             Requested size: 197.8072pt x 142.26378pt.
<./pe/norm3.png, id=1230, 350.30875pt x 251.94125pt>
File: ./pe/norm3.png Graphic file (type png)
<use ./pe/norm3.png>
Package pdftex.def Info: ./pe/norm3.png  used on input line 240.
(pdftex.def)             Requested size: 197.8072pt x 142.26378pt.
<./pe/norm4.png, id=1231, 361.35pt x 251.94125pt>
File: ./pe/norm4.png Graphic file (type png)
<use ./pe/norm4.png>
Package pdftex.def Info: ./pe/norm4.png  used on input line 252.
(pdftex.def)             Requested size: 204.04182pt x 142.26378pt.
 [59 <./pe/norm1.png> <./pe/norm2.png>] [60 <./pe/norm3.png> <./pe/norm4.png>]
<./pe/normCDF.png, id=1244, 373.395pt x 256.96pt>
File: ./pe/normCDF.png Graphic file (type png)
<use ./pe/normCDF.png>
Package pdftex.def Info: ./pe/normCDF.png  used on input line 287.
(pdftex.def)             Requested size: 206.7296pt x 142.26378pt.
 [61 <./pe/normCDF.png>]
<./pe/relBinNorm.png, id=1253, 398.48875pt x 256.96pt>
File: ./pe/relBinNorm.png Graphic file (type png)
<use ./pe/relBinNorm.png>
Package pdftex.def Info: ./pe/relBinNorm.png  used on input line 332.
(pdftex.def)             Requested size: 220.62271pt x 142.26378pt.
 [62 <./pe/relBinNorm.png>]
<./pe/distPoisson0.png, id=1263, 385.44pt x 256.96pt>
File: ./pe/distPoisson0.png Graphic file (type png)
<use ./pe/distPoisson0.png>
Package pdftex.def Info: ./pe/distPoisson0.png  used on input line 412.
(pdftex.def)             Requested size: 298.75996pt x 199.16928pt.
<./pe/distPoisson1.png, id=1264, 373.395pt x 256.96pt>
File: ./pe/distPoisson1.png Graphic file (type png)
<use ./pe/distPoisson1.png>
Package pdftex.def Info: ./pe/distPoisson1.png  used on input line 422.
(pdftex.def)             Requested size: 289.4237pt x 199.16928pt.
 [63] [64 <./pe/distPoisson0.png> <./pe/distPoisson1.png>]
<./pe/binVsPoi.png, id=1275, 501.875pt x 348.30125pt>
File: ./pe/binVsPoi.png Graphic file (type png)
<use ./pe/binVsPoi.png>
Package pdftex.def Info: ./pe/binVsPoi.png  used on input line 468.
(pdftex.def)             Requested size: 286.98302pt x 199.16928pt.
 [65]
[66 <./pe/binVsPoi.png>] [67] [68]) (conceptos-estadisticos.tex [69] [70

]
Cap\'{\i }tulo 7.
[71] [72]

LaTeX Warning: Marginpar on page 73 moved.

<./images/Student_densite_best.jpg, id=1352, 921.4425pt x 569.12625pt>
File: ./images/Student_densite_best.jpg Graphic file (type jpg)
<use ./images/Student_densite_best.jpg>
Package pdftex.def Info: ./images/Student_densite_best.jpg  used on input line 
172.
(pdftex.def)             Requested size: 230.33194pt x 142.26378pt.

Overfull \hbox (85.13983pt too wide) in paragraph at lines 176--176
\T1/lmr/m/n/8 https://commons.wikimedia.org/w/index.php?curid=1878902  
 []

<./images/T_distributionCDF.png, id=1353, 289.08pt x 289.08pt>
File: ./images/T_distributionCDF.png Graphic file (type png)
<use ./images/T_distributionCDF.png>
Package pdftex.def Info: ./images/T_distributionCDF.png  used on input line 183
.
(pdftex.def)             Requested size: 142.26357pt x 142.26378pt.

Underfull \hbox (badness 1189) in paragraph at lines 187--187
\T1/lmr/m/n/8 Figura 7.2: De Des-co- 
 []


Overfull \hbox (80.88983pt too wide) in paragraph at lines 187--187
\T1/lmr/m/n/8 https://commons.wikimedia.org/w/index.php?curid=788691  
 []

Package hyperref Info: bookmark level for unknown lstlisting defaults to 0 on i
nput line 189.
[73]
<./images/tCDF.png, id=1372, 373.395pt x 256.96pt>
File: ./images/tCDF.png Graphic file (type png)
<use ./images/tCDF.png>
Package pdftex.def Info: ./images/tCDF.png  used on input line 213.
(pdftex.def)             Requested size: 289.4237pt x 199.16928pt.
<./images/tExample.png, id=1373, 728.7225pt x 362.10281pt>
File: ./images/tExample.png Graphic file (type png)
<use ./images/tExample.png>
Package pdftex.def Info: ./images/tExample.png  used on input line 233.
(pdftex.def)             Requested size: 171.77242pt x 85.35826pt.
 [74 <./images/Student_densite_best.jpg> <./images/T_distributionCDF.png>]
Overfull \hbox (1.7191pt too wide) in paragraph at lines 268--268
|[]\T1/lmr/m/it/12 Intervalos de con-fian-za, ni-ve-les de sig-ni-fi-ca-ciÛn y 
va-lo-res $\OML/lmm/m/it/12 p$| 
 []


Package hyperref Warning: Token not allowed in a PDF string (Unicode):
(hyperref)                removing `math shift' on input line 268.


Package hyperref Warning: Token not allowed in a PDF string (Unicode):
(hyperref)                removing `math shift' on input line 268.

<./images/kum0401.png, id=1391, 460.72125pt x 425.33907pt>
File: ./images/kum0401.png Graphic file (type png)
<use ./images/kum0401.png>
Package pdftex.def Info: ./images/kum0401.png  used on input line 272.
(pdftex.def)             Requested size: 154.09828pt x 142.26378pt.
[75 <./images/tCDF.png> <./images/tExample.png>] [76 <./images/kum0401.png>]
<./images/kum0402.png, id=1420, 511.9125pt x 418.56375pt>
File: ./images/kum0402.png Graphic file (type png)
<use ./images/kum0402.png>
Package pdftex.def Info: ./images/kum0402.png  used on input line 327.
(pdftex.def)             Requested size: 173.98546pt x 142.26378pt.
<./images/kum0403.png, id=1421, 864.98157pt x 443.40656pt>
File: ./images/kum0403.png Graphic file (type png)
<use ./images/kum0403.png>
Package pdftex.def Info: ./images/kum0403.png  used on input line 353.
(pdftex.def)             Requested size: 284.52756pt x 145.851pt.
<./images/kum0404.png, id=1422, 878.53218pt x 430.60875pt>
File: ./images/kum0404.png Graphic file (type png)
<use ./images/kum0404.png>
Package pdftex.def Info: ./images/kum0404.png  used on input line 363.
(pdftex.def)             Requested size: 284.52756pt x 139.45996pt.

[77 <./images/kum0402.png> <./images/kum0403.png>]
Overfull \hbox (1.52162pt too wide) in paragraph at lines 374--374
|[]\T1/lmr/m/it/12 Una guÌa pa-so a pa-so pa-ra rea-li-zar una prue-ba de hi-pÛ
-te-sis| 
 []

[78 <./images/kum0404.png>]
<./images/kum0405.png, id=1444, 501.37312pt x 407.27156pt>
File: ./images/kum0405.png Graphic file (type png)
<use ./images/kum0405.png>
Package pdftex.def Info: ./images/kum0405.png  used on input line 441.
(pdftex.def)             Requested size: 175.1313pt x 142.26378pt.


Package hyperref Warning: Token not allowed in a PDF string (Unicode):
(hyperref)                removing `math shift' on input line 448.


Package hyperref Warning: Token not allowed in a PDF string (Unicode):
(hyperref)                removing `\chi' on input line 448.


Package hyperref Warning: Token not allowed in a PDF string (Unicode):
(hyperref)                removing `math shift' on input line 448.

[79 <./images/kum0405.png>] [80]
<./images/statsChi2.png, id=1462, 389.455pt x 252.945pt>
File: ./images/statsChi2.png Graphic file (type png)
<use ./images/statsChi2.png>
Package pdftex.def Info: ./images/statsChi2.png  used on input line 536.
(pdftex.def)             Requested size: 219.04411pt x 142.26378pt.
<./images/statsChi2Several.png, id=1463, 376.40625pt x 252.945pt>
File: ./images/statsChi2Several.png Graphic file (type png)
<use ./images/statsChi2Several.png>
Package pdftex.def Info: ./images/statsChi2Several.png  used on input line 562.

(pdftex.def)             Requested size: 296.38702pt x 199.16928pt.
 [81 <./images/statsChi2.png>]
<./images/kum0407.png, id=1498, 368.1253pt x 360.59718pt>
File: ./images/kum0407.png Graphic file (type png)
<use ./images/kum0407.png>
Package pdftex.def Info: ./images/kum0407.png  used on input line 573.
(pdftex.def)             Requested size: 145.23096pt x 142.26378pt.
 [82 <./images/statsChi2Several.png> <./images/kum0407.png>]) (regresiones-line
ales.tex [83]
[84

]
Cap\'{\i }tulo 8.
[85] [86] [87]
<./images/actualVsPredicted.png, id=1560, 376.40625pt x 264.99pt>
File: ./images/actualVsPredicted.png Graphic file (type png)
<use ./images/actualVsPredicted.png>
Package pdftex.def Info: ./images/actualVsPredicted.png  used on input line 201
.
(pdftex.def)             Requested size: 284.52756pt x 200.32298pt.
 [88 <./images/actualVsPredicted.png>]
Overfull \hbox (12.76053pt too wide) in paragraph at lines 297--297
|[]\T1/lmr/m/it/12 Encontrando el va-lor op-ti-mo de los co-efi-cien-tes de una
 re-gre-
 []

[89]
<./images/optimalValue.png, id=1633, 375.4025pt x 264.99pt>
File: ./images/optimalValue.png Graphic file (type png)
<use ./images/optimalValue.png>
Package pdftex.def Info: ./images/optimalValue.png  used on input line 381.
(pdftex.def)             Requested size: 284.52756pt x 200.8567pt.
 [90] [91 <./images/optimalValue.png>] [92]
Overfull \hbox (85.80405pt too wide) in paragraph at lines 649--650
[][][][][][] 
 []


Overfull \hbox (85.80405pt too wide) in paragraph at lines 659--660
[][][][][][] 
 []


Overfull \hbox (85.80405pt too wide) in paragraph at lines 661--662
[][][][][][] 
 []


Overfull \hbox (85.80405pt too wide) in paragraph at lines 664--665
[][][][][][] 
 []

[93]
<./images/statsModelExample.png, id=1764, 387.4475pt x 266.9975pt>
File: ./images/statsModelExample.png Graphic file (type png)
<use ./images/statsModelExample.png>
Package pdftex.def Info: ./images/statsModelExample.png  used on input line 705
.
(pdftex.def)             Requested size: 284.52756pt x 196.07579pt.
 [94 <./images/statsModelExample.png>]
LaTeX Font Info:    External font `lmex10' loaded for size
(Font)              <10.95> on input line 835.
LaTeX Font Info:    Font shape `U/msa/m/n' will be
(Font)              scaled to size 11.40997pt on input line 835.
LaTeX Font Info:    Font shape `U/msb/m/n' will be
(Font)              scaled to size 11.40997pt on input line 835.
 [95] [96]
Overfull \hbox (85.80405pt too wide) in paragraph at lines 942--943
[][][][][][] 
 []


Overfull \hbox (85.80405pt too wide) in paragraph at lines 952--953
[][][][][][] 
 []


Overfull \hbox (85.80405pt too wide) in paragraph at lines 954--955
[][][][][][] 
 []


Overfull \hbox (85.80405pt too wide) in paragraph at lines 958--959
[][][][][][] 
 []

[97]
Overfull \hbox (85.80405pt too wide) in paragraph at lines 963--965
[][][][][][] 
 []

[98]
Overfull \hbox (85.80405pt too wide) in paragraph at lines 1029--1030
[][][][][][] 
 []


Overfull \hbox (85.80405pt too wide) in paragraph at lines 1039--1040
[][][][][][] 
 []


Overfull \hbox (85.80405pt too wide) in paragraph at lines 1041--1042
[][][][][][] 
 []


Overfull \hbox (85.80405pt too wide) in paragraph at lines 1045--1046
[][][][][][] 
 []


Overfull \hbox (85.80405pt too wide) in paragraph at lines 1050--1052
[][][][][][] 
 []

[99] [100] [101]
Overfull \hbox (85.80405pt too wide) in paragraph at lines 1271--1272
[][][][][][] 
 []


Overfull \hbox (85.80405pt too wide) in paragraph at lines 1281--1282
[][][][][][] 
 []


Overfull \hbox (85.80405pt too wide) in paragraph at lines 1283--1284
[][][][][][] 
 []


Overfull \hbox (85.80405pt too wide) in paragraph at lines 1287--1288
[][][][][][] 
 []

[102]
Overfull \hbox (85.80405pt too wide) in paragraph at lines 1292--1294
[][][][][][] 
 []


Overfull \hbox (85.80405pt too wide) in paragraph at lines 1302--1303
[][][][][][] 
 []


Overfull \hbox (85.80405pt too wide) in paragraph at lines 1312--1313
[][][][][][] 
 []


Overfull \hbox (85.80405pt too wide) in paragraph at lines 1314--1315
[][][][][][] 
 []


Overfull \hbox (85.80405pt too wide) in paragraph at lines 1318--1319
[][][][][][] 
 []


Overfull \hbox (85.80405pt too wide) in paragraph at lines 1323--1325
[][][][][][] 
 []

[103]
<./images/modelsGuide.png, id=2148, 942.52126pt x 193.47281pt>
File: ./images/modelsGuide.png Graphic file (type png)
<use ./images/modelsGuide.png>
Package pdftex.def Info: ./images/modelsGuide.png  used on input line 1385.
(pdftex.def)             Requested size: 284.52756pt x 58.4054pt.
 [104 <./images/modelsGuide.png>] [105] [106] [107] [108]
<./images/dummies.png, id=2312, 906.38625pt x 366.61969pt>
File: ./images/dummies.png Graphic file (type png)
<use ./images/dummies.png>
Package pdftex.def Info: ./images/dummies.png  used on input line 1850.
(pdftex.def)             Requested size: 284.52756pt x 115.08302pt.

Overfull \hbox (10.36327pt too wide) in paragraph at lines 1856--1856
|\T1/lmr/m/it/10.95 Transformando una va-ria-ble pa-ra ajus-tar-la a una re-la-
ciÛn no li-neal| 
 []

[109 <./images/dummies.png>]
<./images/hpVsMpg.png, id=2343, 387.4475pt x 266.9975pt>
File: ./images/hpVsMpg.png Graphic file (type png)
<use ./images/hpVsMpg.png>
Package pdftex.def Info: ./images/hpVsMpg.png  used on input line 1929.
(pdftex.def)             Requested size: 284.52756pt x 196.07579pt.
 [110 <./images/hpVsMpg.png>]
<./images/hpLR.png, id=2373, 387.4475pt x 266.9975pt>
File: ./images/hpLR.png Graphic file (type png)
<use ./images/hpLR.png>
Package pdftex.def Info: ./images/hpLR.png  used on input line 1979.
(pdftex.def)             Requested size: 284.52756pt x 196.07579pt.
 [111 <./images/hpLR.png>]
<./images/hpNLR.png, id=2411, 373.395pt x 252.945pt>
File: ./images/hpNLR.png Graphic file (type png)
<use ./images/hpNLR.png>
Package pdftex.def Info: ./images/hpNLR.png  used on input line 2040.
(pdftex.def)             Requested size: 284.52756pt x 192.75352pt.
)

Package bibentry Warning: You have used \nobibliography* 
(bibentry)                without a following \bibliography.
(bibentry)                You may not be able to run BibTeX.

[112 <./images/hpNLR.png>] ([000] Estad√≠stica Matem√°tica.aux
LaTeX Info: Redefining \. on input line 22.
LaTeX Info: Redefining \% on input line 22.
)

LaTeX Warning: There were multiply-defined labels.

Package rerunfilecheck Info: File `"[000] Estad√≠stica Matem√°tica".out' has no
t changed.
(rerunfilecheck)             Checksum: EB81FC3A0FA754CD2E128788AF4BC8A2;10333.
 ) 
Here is how much of TeX's memory you used:
 31318 strings out of 479163
 551778 string characters out of 2853998
 1524843 words of memory out of 3000000
 46471 multiletter control sequences out of 15000+600000
 567885 words of font info for 173 fonts, out of 8000000 for 9000
 1141 hyphenation exceptions out of 8191
 94i,16n,94p,514b,1996s stack positions out of 5000i,500n,10000p,200000b,80000s
pdfTeX warning (dest): name{ejemplo.4.1} has been referenced but does not exi
st, replaced by a fixed one

{C:/Users/julih/AppData/Local/Programs/MiKTeX/fonts/enc/dvips/lm/lm-ec.enc}{C:/
Users/julih/AppData/Local/Programs/MiKTeX/fonts/enc/dvips/lm/lm-mathsy.enc}{C:/
Users/julih/AppData/Local/Programs/MiKTeX/fonts/enc/dvips/lm/lm-rm.enc}{C:/User
s/julih/AppData/Local/Programs/MiKTeX/fonts/enc/dvips/lm/lm-mathit.enc}{C:/User
s/julih/AppData/Local/Programs/MiKTeX/fonts/enc/dvips/base/8r.enc}{C:/Users/jul
ih/AppData/Local/Programs/MiKTeX/fonts/enc/dvips/lm/lm-mathex.enc}<C:/Users/jul
ih/AppData/Local/Programs/MiKTeX/fonts/type1/public/amsfonts/cm/cmr10.pfb><C:/U
sers/julih/AppData/Local/Programs/MiKTeX/fonts/type1/public/mathpazo/fplmbb.pfb
><C:/Users/julih/AppData/Local/Programs/MiKTeX/fonts/type1/public/mathpazo/fplm
r.pfb><C:/Users/julih/AppData/Local/Programs/MiKTeX/fonts/type1/public/lm/lmbx1
0.pfb><C:/Users/julih/AppData/Local/Programs/MiKTeX/fonts/type1/public/lm/lmbx5
.pfb><C:/Users/julih/AppData/Local/Programs/MiKTeX/fonts/type1/public/lm/lmcsc1
0.pfb><C:/Users/julih/AppData/Local/Programs/MiKTeX/fonts/type1/public/lm/lmex1
0.pfb><C:/Users/julih/AppData/Local/Programs/MiKTeX/fonts/type1/public/lm/lmmi1
0.pfb><C:/Users/julih/AppData/Local/Programs/MiKTeX/fonts/type1/public/lm/lmmi1
2.pfb><C:/Users/julih/AppData/Local/Programs/MiKTeX/fonts/type1/public/lm/lmmi5
.pfb><C:/Users/julih/AppData/Local/Programs/MiKTeX/fonts/type1/public/lm/lmmi6.
pfb><C:/Users/julih/AppData/Local/Programs/MiKTeX/fonts/type1/public/lm/lmmi8.p
fb><C:/Users/julih/AppData/Local/Programs/MiKTeX/fonts/type1/public/lm/lmr10.pf
b><C:/Users/julih/AppData/Local/Programs/MiKTeX/fonts/type1/public/lm/lmr12.pfb
><C:/Users/julih/AppData/Local/Programs/MiKTeX/fonts/type1/public/lm/lmr5.pfb><
C:/Users/julih/AppData/Local/Programs/MiKTeX/fonts/type1/public/lm/lmr6.pfb><C:
/Users/julih/AppData/Local/Programs/MiKTeX/fonts/type1/public/lm/lmr8.pfb><C:/U
sers/julih/AppData/Local/Programs/MiKTeX/fonts/type1/public/lm/lmr9.pfb><C:/Use
rs/julih/AppData/Local/Programs/MiKTeX/fonts/type1/public/lm/lmri10.pfb><C:/Use
rs/julih/AppData/Local/Programs/MiKTeX/fonts/type1/public/lm/lmri12.pfb><C:/Use
rs/julih/AppData/Local/Programs/MiKTeX/fonts/type1/public/lm/lmri7.pfb><C:/User
s/julih/AppData/Local/Programs/MiKTeX/fonts/type1/public/lm/lmss12.pfb><C:/User
s/julih/AppData/Local/Programs/MiKTeX/fonts/type1/public/lm/lmss17.pfb><C:/User
s/julih/AppData/Local/Programs/MiKTeX/fonts/type1/public/lm/lmsy10.pfb><C:/User
s/julih/AppData/Local/Programs/MiKTeX/fonts/type1/public/lm/lmsy5.pfb><C:/Users
/julih/AppData/Local/Programs/MiKTeX/fonts/type1/public/lm/lmsy6.pfb><C:/Users/
julih/AppData/Local/Programs/MiKTeX/fonts/type1/public/lm/lmsy8.pfb><C:/Users/j
ulih/AppData/Local/Programs/MiKTeX/fonts/type1/public/lm/lmtt10.pfb><C:/Users/j
ulih/AppData/Local/Programs/MiKTeX/fonts/type1/public/lm/lmtt8.pfb><C:/Users/ju
lih/AppData/Local/Programs/MiKTeX/fonts/type1/public/lm/lmtti10.pfb><C:/Users/j
ulih/AppData/Local/Programs/MiKTeX/fonts/type1/urw/palatino/uplr8a.pfb>
Output written on "[000] Estad√≠stica Matem√°tica.pdf" (112 pages, 2112810 byte
s).
PDF statistics:
 2874 PDF objects out of 2984 (max. 8388607)
 1671 named destinations out of 1728 (max. 500000)
 3229 words of extra memory for PDF output out of 10000 (max. 10000000)

