\BOOKMARK [0][-]{chapter.1}{\376\377\000P\000r\000o\000b\000a\000b\000i\000l\000i\000d\000a\000d}{}% 1
\BOOKMARK [1][-]{section.1.1}{\376\377\000N\000o\000t\000a\000c\000i\000\363\000n\000\040\000d\000e\000\040\000c\000o\000n\000j\000u\000n\000t\000o\000s}{chapter.1}% 2
\BOOKMARK [1][-]{section.1.2}{\376\377\000F\000u\000n\000d\000a\000m\000e\000n\000t\000o\000s\000\040\000d\000e\000\040\000p\000r\000o\000b\000a\000b\000i\000l\000i\000d\000a\000d}{chapter.1}% 3
\BOOKMARK [1][-]{section.1.3}{\376\377\000P\000r\000o\000b\000a\000b\000i\000l\000i\000d\000a\000d\000\040\000c\000o\000n\000d\000i\000c\000i\000o\000n\000a\000l}{chapter.1}% 4
\BOOKMARK [1][-]{section.1.4}{\376\377\000T\000e\000o\000r\000e\000m\000a\000\040\000d\000e\000\040\000B\000a\000y\000e\000s}{chapter.1}% 5
\BOOKMARK [1][-]{section.1.5}{\376\377\000P\000r\000o\000b\000l\000e\000m\000a\000s}{chapter.1}% 6
\BOOKMARK [1][-]{section.1.6}{\376\377\000V\000a\000r\000i\000a\000b\000l\000e\000s\000\040\000a\000l\000e\000a\000t\000o\000r\000i\000a\000s\000\040\000d\000i\000s\000c\000r\000e\000t\000a\000s}{chapter.1}% 7
\BOOKMARK [1][-]{section.1.7}{\376\377\000V\000a\000r\000i\000a\000b\000l\000e\000\040\000A\000l\000e\000a\000t\000o\000r\000i\000a\000s\000\040\000C\000o\000n\000t\000i\000n\000u\000a\000s}{chapter.1}% 8
\BOOKMARK [1][-]{section.1.8}{\376\377\000E\000s\000p\000e\000r\000a\000n\000z\000a\000\040\000M\000a\000t\000e\000m\000\341\000t\000i\000c\000a}{chapter.1}% 9
\BOOKMARK [1][-]{section.1.9}{\376\377\000D\000i\000s\000t\000r\000i\000b\000u\000c\000i\000o\000n\000e\000s\000\040\000e\000s\000p\000e\000c\000i\000a\000l\000e\000s}{chapter.1}% 10
\BOOKMARK [0][-]{chapter.2}{\376\377\000E\000s\000t\000a\000d\000\355\000s\000t\000i\000c\000a}{}% 11
\BOOKMARK [1][-]{section.2.1}{\376\377\000M\000e\000d\000i\000d\000a\000s\000\040\000d\000e\000\040\000t\000e\000n\000d\000e\000n\000c\000i\000a\000\040\000c\000e\000n\000t\000r\000a\000l}{chapter.2}% 12
\BOOKMARK [1][-]{section.2.2}{\376\377\000M\000e\000d\000i\000d\000a\000s\000\040\000d\000e\000\040\000d\000i\000s\000p\000e\000r\000s\000i\000\363\000n}{chapter.2}% 13
\BOOKMARK [1][-]{section.2.3}{\376\377\000C\000o\000n\000c\000e\000p\000t\000o\000s\000\040\000m\000\341\000s\000\040\000i\000m\000p\000o\000r\000t\000a\000n\000t\000e\000s}{chapter.2}% 14
\BOOKMARK [1][-]{section.2.4}{\376\377\000M\000u\000e\000s\000t\000r\000e\000o\000\040\000a\000l\000e\000a\000t\000o\000r\000i\000o\000\040\000y\000\040\000t\000e\000o\000r\000e\000m\000a\000\040\000d\000e\000l\000\040\000l\000\355\000m\000i\000t\000e\000\040\000c\000e\000n\000t\000r\000a\000l}{chapter.2}% 15
\BOOKMARK [1][-]{section.2.5}{\376\377\000P\000r\000u\000e\000b\000a\000s\000\040\000d\000e\000\040\000h\000i\000p\000\363\000t\000e\000s\000i\000s}{chapter.2}% 16
\BOOKMARK [1][-]{section.2.6}{\376\377\000E\000s\000t\000a\000d\000\355\000s\000t\000i\000c\000o\000s\000\040\000Z\000\040\000y\000\040\000t}{chapter.2}% 17
\BOOKMARK [1][-]{section.2.7}{\376\377\000I\000n\000t\000e\000r\000v\000a\000l\000o\000s\000\040\000d\000e\000\040\000c\000o\000n\000f\000i\000a\000n\000z\000a\000,\000\040\000n\000i\000v\000e\000l\000e\000s\000\040\000d\000e\000\040\000s\000i\000g\000n\000i\000f\000i\000c\000a\000c\000i\000\363\000n\000\040\000y\000\040\000v\000a\000l\000o\000r\000e\000s\000\040\000p}{chapter.2}% 18
\BOOKMARK [1][-]{section.2.8}{\376\377\000U\000n\000a\000\040\000g\000u\000\355\000a\000\040\000p\000a\000s\000o\000\040\000a\000\040\000p\000a\000s\000o\000\040\000p\000a\000r\000a\000\040\000r\000e\000a\000l\000i\000z\000a\000r\000\040\000u\000n\000a\000\040\000p\000r\000u\000e\000b\000a\000\040\000d\000e\000\040\000h\000i\000p\000\363\000t\000e\000s\000i\000s}{chapter.2}% 19
\BOOKMARK [1][-]{section.2.9}{\376\377\000P\000r\000u\000e\000b\000a\000\040\000-\000c\000u\000a\000d\000r\000a\000d\000a}{chapter.2}% 20
\BOOKMARK [1][-]{section.2.10}{\376\377\000C\000o\000r\000r\000e\000l\000a\000c\000i\000\363\000n}{chapter.2}% 21
\BOOKMARK [0][-]{chapter.3}{\376\377\000R\000e\000g\000r\000e\000s\000i\000o\000n\000e\000s\000\040\000l\000i\000n\000e\000a\000l\000e\000s}{}% 22
\BOOKMARK [1][-]{section.3.1}{\376\377\000I\000n\000t\000r\000o\000d\000u\000c\000c\000i\000\363\000n}{chapter.3}% 23
\BOOKMARK [1][-]{section.3.2}{\376\377\000E\000n\000t\000e\000n\000d\000i\000e\000n\000d\000o\000\040\000l\000a\000s\000\040\000m\000a\000t\000e\000m\000\341\000t\000i\000c\000a\000s\000\040\000d\000e\000t\000r\000\341\000s\000\040\000d\000e\000\040\000l\000a\000\040\000r\000e\000g\000r\000e\000s\000i\000\363\000n\000\040\000l\000i\000n\000e\000a\000l}{chapter.3}% 24
\BOOKMARK [1][-]{section.3.3}{\376\377\000R\000e\000g\000r\000e\000s\000i\000\363\000n\000\040\000l\000i\000n\000e\000a\000l\000\040\000u\000s\000a\000n\000d\000o\000\040\000d\000a\000t\000o\000s\000\040\000s\000i\000m\000u\000l\000a\000d\000o\000s}{chapter.3}% 25
\BOOKMARK [1][-]{section.3.4}{\376\377\000E\000n\000c\000o\000n\000t\000r\000a\000n\000d\000o\000\040\000e\000l\000\040\000v\000a\000l\000o\000r\000\040\000o\000p\000t\000i\000m\000o\000\040\000d\000e\000\040\000l\000o\000s\000\040\000c\000o\000e\000f\000i\000c\000i\000e\000n\000t\000e\000s\000\040\000d\000e\000\040\000u\000n\000a\000\040\000r\000e\000g\000r\000e\000s\000i\000\363\000n\000\040\000l\000i\000n\000e\000a\000l}{chapter.3}% 26
\BOOKMARK [1][-]{section.3.5}{\376\377\000I\000m\000p\000l\000e\000m\000e\000n\000t\000a\000n\000d\000o\000\040\000r\000e\000g\000r\000e\000s\000i\000o\000n\000e\000s\000\040\000l\000i\000n\000e\000a\000l\000e\000s\000\040\000c\000o\000n\000\040\000P\000y\000t\000h\000o\000n}{chapter.3}% 27
\BOOKMARK [1][-]{section.3.6}{\376\377\000R\000e\000g\000r\000e\000s\000i\000\363\000n\000\040\000l\000i\000n\000e\000a\000l\000\040\000m\000\372\000l\000t\000i\000p\000l\000e}{chapter.3}% 28
\BOOKMARK [1][-]{section.3.7}{\376\377\000V\000a\000l\000i\000d\000a\000c\000i\000\363\000n\000\040\000d\000e\000l\000\040\000m\000o\000d\000e\000l\000o}{chapter.3}% 29
\BOOKMARK [1][-]{section.3.8}{\376\377\000R\000e\000s\000u\000m\000e\000n\000\040\000d\000e\000\040\000m\000o\000d\000e\000l\000o\000s}{chapter.3}% 30
\BOOKMARK [1][-]{section.3.9}{\376\377\000R\000e\000g\000r\000e\000s\000i\000\363\000n\000\040\000l\000i\000n\000e\000a\000l\000\040\000c\000o\000n\000\040\000s\000c\000i\000k\000i\000t\000-\000l\000e\000a\000r\000n}{chapter.3}% 31
\BOOKMARK [1][-]{section.3.10}{\376\377\000M\000a\000n\000e\000j\000a\000n\000d\000o\000\040\000o\000t\000r\000o\000s\000\040\000P\000r\000o\000b\000l\000e\000m\000a\000s\000\040\000e\000n\000\040\000l\000i\000n\000e\000a\000l\000e\000s\000\040\000r\000e\000g\000r\000e\000s\000i\000\363\000n}{chapter.3}% 32
