This is pdfTeX, Version 3.141592653-2.6-1.40.23 (MiKTeX 21.8) (preloaded format=pdflatex 2021.10.15)  15 OCT 2021 12:44
entering extended mode
**"./[Modelación Estadística].tex"
([Modelación Estadística].tex
LaTeX2e <2021-06-01> patch level 1
L3 programming layer <2021-08-27>
(C:\Users\julih\AppData\Local\Programs\MiKTeX\tex/latex/tufte-latex\tufte-book.
cls
Document Class: tufte-book 2015/06/21 v3.5.2 Tufte-book class

(C:\Users\julih\AppData\Local\Programs\MiKTeX\tex/latex/tufte-latex\tufte-commo
n.def
File: tufte-common.def 2015/06/21 v3.5.2 Common code for the Tufte-LaTeX styles


(C:\Users\julih\AppData\Local\Programs\MiKTeX\tex/latex/xkeyval\xkeyval.sty
Package: xkeyval 2020/11/20 v2.8 package option processing (HA)

(C:\Users\julih\AppData\Local\Programs\MiKTeX\tex/generic/xkeyval\xkeyval.tex
(C:\Users\julih\AppData\Local\Programs\MiKTeX\tex/generic/xkeyval\xkvutils.tex
\XKV@toks=\toks16
\XKV@tempa@toks=\toks17

(C:\Users\julih\AppData\Local\Programs\MiKTeX\tex/generic/xkeyval\keyval.tex))
\XKV@depth=\count182
File: xkeyval.tex 2014/12/03 v2.7a key=value parser (HA)
)) (C:\Users\julih\AppData\Local\Programs\MiKTeX\tex/latex/xifthen\xifthen.sty
Package: xifthen 2015/11/05 v1.4.0 Extended ifthen features

(C:\Users\julih\AppData\Local\Programs\MiKTeX\tex/latex/tools\calc.sty
Package: calc 2017/05/25 v4.3 Infix arithmetic (KKT,FJ)
\calc@Acount=\count183
\calc@Bcount=\count184
\calc@Adimen=\dimen138
\calc@Bdimen=\dimen139
\calc@Askip=\skip47
\calc@Bskip=\skip48
LaTeX Info: Redefining \setlength on input line 80.
LaTeX Info: Redefining \addtolength on input line 81.
\calc@Ccount=\count185
\calc@Cskip=\skip49
)
(C:\Users\julih\AppData\Local\Programs\MiKTeX\tex/latex/base\ifthen.sty
Package: ifthen 2020/11/24 v1.1c Standard LaTeX ifthen package (DPC)
)
(C:\Users\julih\AppData\Local\Programs\MiKTeX\tex/latex/ifmtarg\ifmtarg.sty
Package: ifmtarg 2018/04/16 v1.2b check for an empty argument
))
(C:\Users\julih\AppData\Local\Programs\MiKTeX\tex/latex/hardwrap\hardwrap.sty
Package: hardwrap 2011/02/12 v0.2 Hard wrap messages

(C:\Users\julih\AppData\Local\Programs\MiKTeX\tex/latex/ifplatform\ifplatform.s
ty
Package: ifplatform 2017/10/13 v0.4a Testing for the operating system
 (C:\Users\julih\AppData\Local\Programs\MiKTeX\tex/latex/tools\shellesc.sty
Package: shellesc 2019/11/08 v1.0c unified shell escape interface for LaTeX
Package shellesc Info: Restricted shell escape enabled on input line 77.
)
(C:\Users\julih\AppData\Local\Programs\MiKTeX\tex/generic/pdftexcmds\pdftexcmds
.sty
Package: pdftexcmds 2020-06-27 v0.33 Utility functions of pdfTeX for LuaTeX (HO
)

(C:\Users\julih\AppData\Local\Programs\MiKTeX\tex/generic/infwarerr\infwarerr.s
ty
Package: infwarerr 2019/12/03 v1.5 Providing info/warning/error messages (HO)
) (C:\Users\julih\AppData\Local\Programs\MiKTeX\tex/generic/iftex\iftex.sty
Package: iftex 2020/03/06 v1.0d TeX engine tests
)
(C:\Users\julih\AppData\Local\Programs\MiKTeX\tex/generic/ltxcmds\ltxcmds.sty
Package: ltxcmds 2020-05-10 v1.25 LaTeX kernel commands for general use (HO)
)
Package pdftexcmds Info: \pdf@primitive is available.
Package pdftexcmds Info: \pdf@ifprimitive is available.
Package pdftexcmds Info: \pdfdraftmode found.
)
(C:\Users\julih\AppData\Local\Programs\MiKTeX\tex/generic/catchfile\catchfile.s
ty
Package: catchfile 2019/12/09 v1.8 Catch the contents of a file (HO)

(C:\Users\julih\AppData\Local\Programs\MiKTeX\tex/generic/etexcmds\etexcmds.sty
Package: etexcmds 2019/12/15 v1.7 Avoid name clashes with e-TeX commands (HO)
)) (C:\Users\julih\AppData\Local\Programs\MiKTeX\tex/generic/iftex\ifluatex.sty
Package: ifluatex 2019/10/25 v1.5 ifluatex legacy package. Use iftex instead.
)

Package ifplatform Warning: 
    shell escape is disabled, so I can only detect \ifwindows.

) (C:\Users\julih\AppData\Local\Programs\MiKTeX\tex/generic/iftex\ifxetex.sty
Package: ifxetex 2019/10/25 v0.7 ifxetex legacy package. Use iftex instead.
)
\hw@charcount=\count186
\hw@wordcount=\count187
\hw@maxprintline=\count188
)
Class tufte-book Info: Loading the base class `book'
(C:\Users\julih\AppData\Local\Programs\MiKTeX\tex/latex/base\book.cls
Document Class: book 2021/02/12 v1.4n Standard LaTeX document class
(C:\Users\julih\AppData\Local\Programs\MiKTeX\tex/latex/base\bk10.clo
File: bk10.clo 2021/02/12 v1.4n Standard LaTeX file (size option)
)
\c@part=\count189
\c@chapter=\count190
\c@section=\count191
\c@subsection=\count192
\c@subsubsection=\count193
\c@paragraph=\count194
\c@subparagraph=\count195
\c@figure=\count196
\c@table=\count197
\abovecaptionskip=\skip50
\belowcaptionskip=\skip51
\bibindent=\dimen140
)
(C:\Users\julih\AppData\Local\Programs\MiKTeX\tex/generic/iftex\ifpdf.sty
Package: ifpdf 2019/10/25 v3.4 ifpdf legacy package. Use iftex instead.
)
(C:\Users\julih\AppData\Local\Programs\MiKTeX\tex/latex/titlesec\titlesec.sty
Package: titlesec 2021/07/05 v2.14 Sectioning titles
\ttl@box=\box50
\beforetitleunit=\skip52
\aftertitleunit=\skip53
\ttl@plus=\dimen141
\ttl@minus=\dimen142
\ttl@toksa=\toks18
\titlewidth=\dimen143
\titlewidthlast=\dimen144
\titlewidthfirst=\dimen145
)
(C:\Users\julih\AppData\Local\Programs\MiKTeX\tex/latex/titlesec\titletoc.sty
Package: titletoc 2021/07/05 v2.14 TOC entries
\ttl@leftsep=\dimen146
)
(C:\Users\julih\AppData\Local\Programs\MiKTeX\tex/latex/hyperref\hyperref.sty
Package: hyperref 2021-06-07 v7.00m Hypertext links for LaTeX

(C:\Users\julih\AppData\Local\Programs\MiKTeX\tex/generic/kvsetkeys\kvsetkeys.s
ty
Package: kvsetkeys 2019/12/15 v1.18 Key value parser (HO)
)
(C:\Users\julih\AppData\Local\Programs\MiKTeX\tex/generic/kvdefinekeys\kvdefine
keys.sty
Package: kvdefinekeys 2019-12-19 v1.6 Define keys (HO)
)
(C:\Users\julih\AppData\Local\Programs\MiKTeX\tex/generic/pdfescape\pdfescape.s
ty
Package: pdfescape 2019/12/09 v1.15 Implements pdfTeX's escape features (HO)
) (C:\Users\julih\AppData\Local\Programs\MiKTeX\tex/latex/hycolor\hycolor.sty
Package: hycolor 2020-01-27 v1.10 Color options for hyperref/bookmark (HO)
)
(C:\Users\julih\AppData\Local\Programs\MiKTeX\tex/latex/letltxmacro\letltxmacro
.sty
Package: letltxmacro 2019/12/03 v1.6 Let assignment for LaTeX macros (HO)
)
(C:\Users\julih\AppData\Local\Programs\MiKTeX\tex/latex/auxhook\auxhook.sty
Package: auxhook 2019-12-17 v1.6 Hooks for auxiliary files (HO)
)
(C:\Users\julih\AppData\Local\Programs\MiKTeX\tex/latex/kvoptions\kvoptions.sty
Package: kvoptions 2020-10-07 v3.14 Key value format for package options (HO)
)
\@linkdim=\dimen147
\Hy@linkcounter=\count198
\Hy@pagecounter=\count199
 (C:\Users\julih\AppData\Local\Programs\MiKTeX\tex/latex/hyperref\pd1enc.def
File: pd1enc.def 2021-06-07 v7.00m Hyperref: PDFDocEncoding definition (HO)
Now handling font encoding PD1 ...
... no UTF-8 mapping file for font encoding PD1
)
(C:\Users\julih\AppData\Local\Programs\MiKTeX\tex/latex/hyperref\hyperref-langp
atches.def
File: hyperref-langpatches.def 2021-06-07 v7.00m Hyperref: patches for babel la
nguages
)
(C:\Users\julih\AppData\Local\Programs\MiKTeX\tex/generic/intcalc\intcalc.sty
Package: intcalc 2019/12/15 v1.3 Expandable calculations with integers (HO)
)
\Hy@SavedSpaceFactor=\count266

(C:\Users\julih\AppData\Local\Programs\MiKTeX\tex/latex/hyperref\puenc.def
File: puenc.def 2021-06-07 v7.00m Hyperref: PDF Unicode definition (HO)
Now handling font encoding PU ...
... no UTF-8 mapping file for font encoding PU
)
Package hyperref Info: Option `unicode' set `true' on input line 4073.
Package hyperref Info: Option `hyperfootnotes' set `false' on input line 4073.
Package hyperref Info: Hyper figures OFF on input line 4192.
Package hyperref Info: Link nesting OFF on input line 4197.
Package hyperref Info: Hyper index ON on input line 4200.
Package hyperref Info: Plain pages OFF on input line 4207.
Package hyperref Info: Backreferencing OFF on input line 4212.
Package hyperref Info: Implicit mode ON; LaTeX internals redefined.
Package hyperref Info: Bookmarks ON on input line 4445.
\c@Hy@tempcnt=\count267

(C:\Users\julih\AppData\Local\Programs\MiKTeX\tex/latex/url\url.sty
\Urlmuskip=\muskip16
Package: url 2013/09/16  ver 3.4  Verb mode for urls, etc.
)
LaTeX Info: Redefining \url on input line 4804.
\XeTeXLinkMargin=\dimen148

(C:\Users\julih\AppData\Local\Programs\MiKTeX\tex/generic/bitset\bitset.sty
Package: bitset 2019/12/09 v1.3 Handle bit-vector datatype (HO)

(C:\Users\julih\AppData\Local\Programs\MiKTeX\tex/generic/bigintcalc\bigintcalc
.sty
Package: bigintcalc 2019/12/15 v1.5 Expandable calculations on big integers (HO
)
))
\Fld@menulength=\count268
\Field@Width=\dimen149
\Fld@charsize=\dimen150
Package hyperref Info: Hyper figures OFF on input line 6076.
Package hyperref Info: Link nesting OFF on input line 6081.
Package hyperref Info: Hyper index ON on input line 6084.
Package hyperref Info: backreferencing OFF on input line 6091.
Package hyperref Info: Link coloring OFF on input line 6096.
Package hyperref Info: Link coloring with OCG OFF on input line 6101.
Package hyperref Info: PDF/A mode OFF on input line 6106.
LaTeX Info: Redefining \ref on input line 6146.
LaTeX Info: Redefining \pageref on input line 6150.

(C:\Users\julih\AppData\Local\Programs\MiKTeX\tex/latex/base\atbegshi-ltx.sty
Package: atbegshi-ltx 2021/01/10 v1.0c Emulation of the original atbegshi
package with kernel methods
)
\Hy@abspage=\count269
\c@Item=\count270
)
Package hyperref Info: Driver (autodetected): hpdftex.
(C:\Users\julih\AppData\Local\Programs\MiKTeX\tex/latex/hyperref\hpdftex.def
File: hpdftex.def 2021-06-07 v7.00m Hyperref driver for pdfTeX

(C:\Users\julih\AppData\Local\Programs\MiKTeX\tex/latex/base\atveryend-ltx.sty
Package: atveryend-ltx 2020/08/19 v1.0a Emulation of the original atvery packag
e
with kernel methods
)
\Fld@listcount=\count271
\c@bookmark@seq@number=\count272

(C:\Users\julih\AppData\Local\Programs\MiKTeX\tex/latex/rerunfilecheck\rerunfil
echeck.sty
Package: rerunfilecheck 2019/12/05 v1.9 Rerun checks for auxiliary files (HO)

(C:\Users\julih\AppData\Local\Programs\MiKTeX\tex/generic/uniquecounter\uniquec
ounter.sty
Package: uniquecounter 2019/12/15 v1.4 Provide unlimited unique counter (HO)
)
Package uniquecounter Info: New unique counter `rerunfilecheck' on input line 2
86.
)
\Hy@SectionHShift=\skip54
)
(C:\Users\julih\AppData\Local\Programs\MiKTeX\tex/latex/ragged2e\ragged2e.sty
Package: ragged2e 2021/02/05 v3.0 ragged2e Package
\CenteringLeftskip=\skip55
\RaggedLeftLeftskip=\skip56
\RaggedRightLeftskip=\skip57
\CenteringRightskip=\skip58
\RaggedLeftRightskip=\skip59
\RaggedRightRightskip=\skip60
\CenteringParfillskip=\skip61
\RaggedLeftParfillskip=\skip62
\RaggedRightParfillskip=\skip63
\JustifyingParfillskip=\skip64
\CenteringParindent=\skip65
\RaggedLeftParindent=\skip66
\RaggedRightParindent=\skip67
\JustifyingParindent=\skip68
)
(C:\Users\julih\AppData\Local\Programs\MiKTeX\tex/latex/geometry\geometry.sty
Package: geometry 2020/01/02 v5.9 Page Geometry

(C:\Users\julih\AppData\Local\Programs\MiKTeX\tex/generic/iftex\ifvtex.sty
Package: ifvtex 2019/10/25 v1.7 ifvtex legacy package. Use iftex instead.
)
\Gm@cnth=\count273
\Gm@cntv=\count274
\c@Gm@tempcnt=\count275
\Gm@bindingoffset=\dimen151
\Gm@wd@mp=\dimen152
\Gm@odd@mp=\dimen153
\Gm@even@mp=\dimen154
\Gm@layoutwidth=\dimen155
\Gm@layoutheight=\dimen156
\Gm@layouthoffset=\dimen157
\Gm@layoutvoffset=\dimen158
\Gm@dimlist=\toks19

(C:\Users\julih\AppData\Local\Programs\MiKTeX\tex/latex/geometry\geometry.cfg))

(C:\Users\julih\AppData\Local\Programs\MiKTeX\tex/latex/changepage\changepage.s
ty
Package: changepage 2009/10/20 v1.0c check page and change page layout
\c@cp@cntr=\count276
\cp@tempcnt=\count277
)
\@tufte@overhang=\skip69
\@tufte@fullwidth=\skip70
\@tufte@caption@fill=\skip71

(C:\Users\julih\AppData\Local\Programs\MiKTeX\tex/latex/paralist\paralist.sty
Package: paralist 2017/01/22 v2.7 Extended list environments
\pltopsep=\skip72
\plpartopsep=\skip73
\plitemsep=\skip74
\plparsep=\skip75
\pl@lab=\toks20
)
(C:\Users\julih\AppData\Local\Programs\MiKTeX\tex/latex/textcase\textcase.sty
Package: textcase 2019/09/14 v1.00 Text only upper/lower case changing (DPC)
)
(C:\Users\julih\AppData\Local\Programs\MiKTeX\tex/latex/microtype\letterspace.s
ty
Package: letterspace 2021/03/14 v2.8c Robust letterspacing (RS)
LaTeX Info: Redefining \lsstyle on input line 346.
LaTeX Info: Redefining \lslig on input line 347.
LaTeX Info: Redefining \textls on input line 372.
\MT@outer@kern=\dimen159
)
(C:\Users\julih\AppData\Local\Programs\MiKTeX\tex/latex/setspace\setspace.sty
Package: setspace 2011/12/19 v6.7a set line spacing
)
(C:\Users\julih\AppData\Local\Programs\MiKTeX\tex/latex/xcolor\xcolor.sty
Package: xcolor 2016/05/11 v2.12 LaTeX color extensions (UK)

(C:\Users\julih\AppData\Local\Programs\MiKTeX\tex/latex/graphics-cfg\color.cfg
File: color.cfg 2016/01/02 v1.6 sample color configuration
)
Package xcolor Info: Package option `usenames' ignored on input line 216.
Package xcolor Info: Driver file: pdftex.def on input line 225.

(C:\Users\julih\AppData\Local\Programs\MiKTeX\tex/latex/graphics-def\pdftex.def
File: pdftex.def 2020/10/05 v1.2a Graphics/color driver for pdftex
)
Package xcolor Info: Model `cmy' substituted by `cmy0' on input line 1348.
Package xcolor Info: Model `hsb' substituted by `rgb' on input line 1352.
Package xcolor Info: Model `RGB' extended on input line 1364.
Package xcolor Info: Model `HTML' substituted by `rgb' on input line 1366.
Package xcolor Info: Model `Hsb' substituted by `hsb' on input line 1367.
Package xcolor Info: Model `tHsb' substituted by `hsb' on input line 1368.
Package xcolor Info: Model `HSB' substituted by `hsb' on input line 1369.
Package xcolor Info: Model `Gray' substituted by `gray' on input line 1370.
Package xcolor Info: Model `wave' substituted by `hsb' on input line 1371.
 (C:\Users\julih\AppData\Local\Programs\MiKTeX\tex/latex/graphics\dvipsnam.def
File: dvipsnam.def 2016/06/17 v3.0m Driver-dependent file (DPC,SPQR)
) (C:\Users\julih\AppData\Local\Programs\MiKTeX\tex/latex/xcolor\svgnam.def
File: svgnam.def 2016/05/11 v2.12 Predefined colors according to SVG 1.1 (UK)
))
(C:\Users\julih\AppData\Local\Programs\MiKTeX\tex/latex/natbib\natbib.sty
Package: natbib 2010/09/13 8.31b (PWD, AO)
\bibhang=\skip76
\bibsep=\skip77
LaTeX Info: Redefining \cite on input line 694.
\c@NAT@ctr=\count278
)
(C:\Users\julih\AppData\Local\Programs\MiKTeX\tex/latex/natbib\bibentry.sty
Package: bibentry 2007/10/30 1.5 (PWD)
)
No file "[Modelación Estadística]".bbl.
\c@@tufte@num@bibkeys=\count279
(C:\Users\julih\AppData\Local\Programs\MiKTeX\tex/latex/sauerj\optparams.sty
Package: optparams 2004/08/14 v0.9 multiple optional parameters in macros
)
\@tufte@sidenote@vertical@offset=\skip78

(C:\Users\julih\AppData\Local\Programs\MiKTeX\tex/latex/placeins\placeins.sty
Package: placeins 2005/04/18  v 2.2
)
\@tufte@margin@floatbox=\box51
\@tufte@figure@box=\box52
\@tufte@caption@box=\box53
\@tufte@caption@vertical@offset=\skip79
\@tufte@float@contents@width=\skip80

(C:\Users\julih\AppData\Local\Programs\MiKTeX\tex/latex/psnfss\mathpazo.sty
Package: mathpazo 2020/03/25 PSNFSS-v9.3 Palatino w/ Pazo Math (D.Puga, WaS) 
\symupright=\mathgroup4
)
(C:\Users\julih\AppData\Local\Programs\MiKTeX\tex/latex/psnfss\helvet.sty
Package: helvet 2020/03/25 PSNFSS-v9.3 (WaS) 
)
(C:\Users\julih\AppData\Local\Programs\MiKTeX\tex/latex/bera\beramono.sty
Package: beramono 2004/01/31 (WaS)
)
(C:\Users\julih\AppData\Local\Programs\MiKTeX\tex/latex/base\fontenc.sty
Package: fontenc 2021/04/29 v2.0v Standard LaTeX package
LaTeX Font Info:    Trying to load font information for T1+pplj on input line 1
12.

(C:\Users\julih\AppData\Local\Programs\MiKTeX\tex/latex/psnfss\t1pplj.fd
File: t1pplj.fd 2004/09/06 font definitions for T1/pplj.
))
(C:\Users\julih\AppData\Local\Programs\MiKTeX\tex/latex/base\textcomp.sty
Package: textcomp 2020/02/02 v2.0n Standard LaTeX package
)
(C:\Users\julih\AppData\Local\Programs\MiKTeX\tex/latex/fancyhdr\fancyhdr.sty
Package: fancyhdr 2021/01/28 v4.0.1 Extensive control of page headers and foote
rs
\f@nch@headwidth=\skip81
\f@nch@O@elh=\skip82
\f@nch@O@erh=\skip83
\f@nch@O@olh=\skip84
\f@nch@O@orh=\skip85
\f@nch@O@elf=\skip86
\f@nch@O@erf=\skip87
\f@nch@O@olf=\skip88
\f@nch@O@orf=\skip89
)
\tufteskipamount=\skip90

(C:\Users\julih\AppData\Local\Programs\MiKTeX\tex/latex/tools\multicol.sty
Package: multicol 2019/12/09 v1.8y multicolumn formatting (FMi)
\c@tracingmulticols=\count280
\mult@box=\box54
\multicol@leftmargin=\dimen160
\c@unbalance=\count281
\c@collectmore=\count282
\doublecol@number=\count283
\multicoltolerance=\count284
\multicolpretolerance=\count285
\full@width=\dimen161
\page@free=\dimen162
\premulticols=\dimen163
\postmulticols=\dimen164
\multicolsep=\skip91
\multicolbaselineskip=\skip92
\partial@page=\box55
\last@line=\box56
\maxbalancingoverflow=\dimen165
\mult@rightbox=\box57
\mult@grightbox=\box58
\mult@gfirstbox=\box59
\mult@firstbox=\box60
\@tempa=\box61
\@tempa=\box62
\@tempa=\box63
\@tempa=\box64
\@tempa=\box65
\@tempa=\box66
\@tempa=\box67
\@tempa=\box68
\@tempa=\box69
\@tempa=\box70
\@tempa=\box71
\@tempa=\box72
\@tempa=\box73
\@tempa=\box74
\@tempa=\box75
\@tempa=\box76
\@tempa=\box77
\@tempa=\box78
\@tempa=\box79
\@tempa=\box80
\@tempa=\box81
\@tempa=\box82
\@tempa=\box83
\@tempa=\box84
\@tempa=\box85
\@tempa=\box86
\@tempa=\box87
\@tempa=\box88
\@tempa=\box89
\@tempa=\box90
\@tempa=\box91
\@tempa=\box92
\@tempa=\box93
\@tempa=\box94
\@tempa=\box95
\@tempa=\box96
\@tempa=\box97
\c@minrows=\count286
\c@columnbadness=\count287
\c@finalcolumnbadness=\count288
\last@try=\dimen166
\multicolovershoot=\dimen167
\multicolundershoot=\dimen168
\mult@nat@firstbox=\box98
\colbreak@box=\box99
\mc@col@check@num=\count289
)))
(_paquetes.tex
(C:\Users\julih\AppData\Local\Programs\MiKTeX\tex/latex/base\fontenc.sty
Package: fontenc 2021/04/29 v2.0v Standard LaTeX package
)
(C:\Users\julih\AppData\Local\Programs\MiKTeX\tex/latex/graphics\graphicx.sty
Package: graphicx 2020/12/05 v1.2c Enhanced LaTeX Graphics (DPC,SPQR)

(C:\Users\julih\AppData\Local\Programs\MiKTeX\tex/latex/graphics\graphics.sty
Package: graphics 2021/03/04 v1.4d Standard LaTeX Graphics (DPC,SPQR)

(C:\Users\julih\AppData\Local\Programs\MiKTeX\tex/latex/graphics\trig.sty
Package: trig 2016/01/03 v1.10 sin cos tan (DPC)
)
(C:\Users\julih\AppData\Local\Programs\MiKTeX\tex/latex/graphics-cfg\graphics.c
fg
File: graphics.cfg 2016/06/04 v1.11 sample graphics configuration
)
Package graphics Info: Driver file: pdftex.def on input line 107.
)
\Gin@req@height=\dimen169
\Gin@req@width=\dimen170
) (C:\Users\julih\AppData\Local\Programs\MiKTeX\tex/latex/base\inputenc.sty
Package: inputenc 2021/02/14 v1.3d Input encoding file
\inpenc@prehook=\toks21
\inpenc@posthook=\toks22
) (C:\Users\julih\AppData\Local\Programs\MiKTeX\tex/generic/babel\babel.sty
Package: babel 2021/07/22 3.63 The Babel package

(C:\Users\julih\AppData\Local\Programs\MiKTeX\tex/generic/babel\babel.def
File: babel.def 2021/07/22 3.63 Babel common definitions
\babel@savecnt=\count290
\U@D=\dimen171
\l@unhyphenated=\language79

(C:\Users\julih\AppData\Local\Programs\MiKTeX\tex/generic/babel\txtbabel.def)
\bbl@readstream=\read2
)
\bbl@dirlevel=\count291

*************************************
* Local config file bblopts.cfg used
*
(C:\Users\julih\AppData\Local\Programs\MiKTeX\tex/latex/arabi\bblopts.cfg
File: bblopts.cfg 2005/09/08 v0.1 add Arabic and Farsi to "declared" options of
 babel
)
(C:\Users\julih\AppData\Local\Programs\MiKTeX\tex/latex/babel-spanish\spanish.l
df
Language: spanish.ldf 2021/05/27 v5.0q Spanish support from the babel system
\es@quottoks=\toks23
\es@quotdepth=\count292
Package babel Info: Making " an active character on input line 570.
)) (C:\Users\julih\AppData\Local\Programs\MiKTeX\tex/latex/base\fontenc.sty
Package: fontenc 2021/04/29 v2.0v Standard LaTeX package
)
(C:\Users\julih\AppData\Local\Programs\MiKTeX\tex/latex/amsmath\amsmath.sty
Package: amsmath 2021/04/20 v2.17j AMS math features
\@mathmargin=\skip93

For additional information on amsmath, use the `?' option.
(C:\Users\julih\AppData\Local\Programs\MiKTeX\tex/latex/amsmath\amstext.sty
Package: amstext 2000/06/29 v2.01 AMS text

(C:\Users\julih\AppData\Local\Programs\MiKTeX\tex/latex/amsmath\amsgen.sty
File: amsgen.sty 1999/11/30 v2.0 generic functions
\@emptytoks=\toks24
\ex@=\dimen172
))
(C:\Users\julih\AppData\Local\Programs\MiKTeX\tex/latex/amsmath\amsbsy.sty
Package: amsbsy 1999/11/29 v1.2d Bold Symbols
\pmbraise@=\dimen173
)
(C:\Users\julih\AppData\Local\Programs\MiKTeX\tex/latex/amsmath\amsopn.sty
Package: amsopn 2016/03/08 v2.02 operator names
)
\inf@bad=\count293
LaTeX Info: Redefining \frac on input line 234.
\uproot@=\count294
\leftroot@=\count295
LaTeX Info: Redefining \overline on input line 399.
\classnum@=\count296
\DOTSCASE@=\count297
LaTeX Info: Redefining \ldots on input line 496.
LaTeX Info: Redefining \dots on input line 499.
LaTeX Info: Redefining \cdots on input line 620.
\Mathstrutbox@=\box100
\strutbox@=\box101
\big@size=\dimen174
LaTeX Font Info:    Redeclaring font encoding OML on input line 743.
LaTeX Font Info:    Redeclaring font encoding OMS on input line 744.
\macc@depth=\count298
\c@MaxMatrixCols=\count299
\dotsspace@=\muskip17
\c@parentequation=\count300
\dspbrk@lvl=\count301
\tag@help=\toks25
\row@=\count302
\column@=\count303
\maxfields@=\count304
\andhelp@=\toks26
\eqnshift@=\dimen175
\alignsep@=\dimen176
\tagshift@=\dimen177
\tagwidth@=\dimen178
\totwidth@=\dimen179
\lineht@=\dimen180
\@envbody=\toks27
\multlinegap=\skip94
\multlinetaggap=\skip95
\mathdisplay@stack=\toks28
LaTeX Info: Redefining \[ on input line 2923.
LaTeX Info: Redefining \] on input line 2924.
)
(C:\Users\julih\AppData\Local\Programs\MiKTeX\tex/latex/amsfonts\amssymb.sty
Package: amssymb 2013/01/14 v3.01 AMS font symbols

(C:\Users\julih\AppData\Local\Programs\MiKTeX\tex/latex/amsfonts\amsfonts.sty
Package: amsfonts 2013/01/14 v3.01 Basic AMSFonts support
\symAMSa=\mathgroup5
\symAMSb=\mathgroup6
LaTeX Font Info:    Redeclaring math symbol \hbar on input line 98.
LaTeX Font Info:    Overwriting math alphabet `\mathfrak' in version `bold'
(Font)                  U/euf/m/n --> U/euf/b/n on input line 106.
)) (C:\Users\julih\AppData\Local\Programs\MiKTeX\tex/latex/jknappen\mathrsfs.st
y
Package: mathrsfs 1996/01/01 Math RSFS package v1.0 (jk)
\symrsfs=\mathgroup7
) (C:\Users\julih\AppData\Local\Programs\MiKTeX\tex/latex/yfonts\yfonts.sty
Package: yfonts 2019/04/04 v1.4 (WaS&NP)
Now handling font encoding LY ...
... no UTF-8 mapping file for font encoding LY
Now handling font encoding LYG ...
... no UTF-8 mapping file for font encoding LYG
LaTeX Info: Composite with undeclared \" in encoding LYG on input line 58.
)
(C:\Users\julih\AppData\Local\Programs\MiKTeX\tex/latex/tools\enumerate.sty
Package: enumerate 2015/07/23 v3.00 enumerate extensions (DPC)
\@enLab=\toks29
)
(C:\Users\julih\AppData\Local\Programs\MiKTeX\tex/latex/mathtools\mathtools.sty
Package: mathtools 2021/04/12 v1.27 mathematical typesetting tools
(C:\Users\julih\AppData\Local\Programs\MiKTeX\tex/latex/mathtools\mhsetup.sty
Package: mhsetup 2021/03/18 v1.4 programming setup (MH)
)
LaTeX Info: Thecontrolsequence`\('isalreadyrobust on input line 130.
LaTeX Info: Thecontrolsequence`\)'isalreadyrobust on input line 130.
LaTeX Info: Thecontrolsequence`\['isalreadyrobust on input line 130.
LaTeX Info: Thecontrolsequence`\]'isalreadyrobust on input line 130.
\g_MT_multlinerow_int=\count305
\l_MT_multwidth_dim=\dimen181
\origjot=\skip96
\l_MT_shortvdotswithinadjustabove_dim=\dimen182
\l_MT_shortvdotswithinadjustbelow_dim=\dimen183
\l_MT_above_intertext_sep=\dimen184
\l_MT_below_intertext_sep=\dimen185
\l_MT_above_shortintertext_sep=\dimen186
\l_MT_below_shortintertext_sep=\dimen187
\xmathstrut@box=\box102
\xmathstrut@dim=\dimen188
) (C:\Users\julih\AppData\Local\Programs\MiKTeX\tex/latex/lm\lmodern.sty
Package: lmodern 2009/10/30 v1.6 Latin Modern Fonts
LaTeX Font Info:    Overwriting symbol font `operators' in version `normal'
(Font)                  OT1/pplx/m/n --> OT1/lmr/m/n on input line 22.
LaTeX Font Info:    Overwriting symbol font `letters' in version `normal'
(Font)                  OML/zplm/m/it --> OML/lmm/m/it on input line 23.
LaTeX Font Info:    Overwriting symbol font `symbols' in version `normal'
(Font)                  OMS/zplm/m/n --> OMS/lmsy/m/n on input line 24.
LaTeX Font Info:    Overwriting symbol font `largesymbols' in version `normal'
(Font)                  OMX/zplm/m/n --> OMX/lmex/m/n on input line 25.
LaTeX Font Info:    Overwriting symbol font `operators' in version `bold'
(Font)                  OT1/pplx/b/n --> OT1/lmr/bx/n on input line 26.
LaTeX Font Info:    Overwriting symbol font `letters' in version `bold'
(Font)                  OML/zplm/b/it --> OML/lmm/b/it on input line 27.
LaTeX Font Info:    Overwriting symbol font `symbols' in version `bold'
(Font)                  OMS/zplm/b/n --> OMS/lmsy/b/n on input line 28.
LaTeX Font Info:    Overwriting symbol font `largesymbols' in version `bold'
(Font)                  OMX/zplm/m/n --> OMX/lmex/m/n on input line 29.
LaTeX Font Info:    Overwriting math alphabet `\mathbf' in version `normal'
(Font)                  OT1/zplm/b/n --> OT1/lmr/bx/n on input line 31.
LaTeX Font Info:    Overwriting math alphabet `\mathsf' in version `normal'
(Font)                  OT1/cmss/m/n --> OT1/lmss/m/n on input line 32.
LaTeX Font Info:    Overwriting math alphabet `\mathit' in version `normal'
(Font)                  OT1/pplx/m/it --> OT1/lmr/m/it on input line 33.
LaTeX Font Info:    Overwriting math alphabet `\mathtt' in version `normal'
(Font)                  OT1/cmtt/m/n --> OT1/lmtt/m/n on input line 34.
LaTeX Font Info:    Overwriting math alphabet `\mathbf' in version `bold'
(Font)                  OT1/zplm/b/n --> OT1/lmr/bx/n on input line 35.
LaTeX Font Info:    Overwriting math alphabet `\mathsf' in version `bold'
(Font)                  OT1/cmss/bx/n --> OT1/lmss/bx/n on input line 36.
LaTeX Font Info:    Overwriting math alphabet `\mathit' in version `bold'
(Font)                  OT1/pplx/b/it --> OT1/lmr/bx/it on input line 37.
LaTeX Font Info:    Overwriting math alphabet `\mathtt' in version `bold'
(Font)                  OT1/cmtt/m/n --> OT1/lmtt/m/n on input line 38.
)
(C:\Users\julih\AppData\Local\Programs\MiKTeX\tex/latex/fancyvrb\fancyvrb.sty
Package: fancyvrb 2021/08/12 v3.8 verbatim text (tvz,hv)
\FV@CodeLineNo=\count306
\FV@InFile=\read3
\FV@TabBox=\box103
\c@FancyVerbLine=\count307
\FV@StepNumber=\count308
\FV@OutFile=\write3
)
(C:\Users\julih\AppData\Local\Programs\MiKTeX\tex/latex/wrapfig\wrapfig.sty
\wrapoverhang=\dimen189
\WF@size=\dimen190
\c@WF@wrappedlines=\count309
\WF@box=\box104
\WF@everypar=\toks30
Package: wrapfig 2003/01/31  v 3.6
)
(C:\Users\julih\AppData\Local\Programs\MiKTeX\tex/latex/floatflt\floatflt.sty
Package: floatflt 1997/07/16 v. 1.31
\c@OptionTest=\count310
\figbox=\box105
\tabbox=\box106
\pagebox=\box107
\ffigcount=\count311
\ftabcount=\count312
\fftest=\count313
\hangcount=\count314
\nosuccesstryfig=\count315
\nosuccesstrytab=\count316
\figgutter=\dimen191
\tabgutter=\dimen192
\htdone=\dimen193
\pageht=\dimen194
\startpageht=\dimen195
\tabbredd=\dimen196
\floatfltwidth=\dimen197
\fltitemwidth=\dimen198
\outputpretest=\toks31
)
(C:\Users\julih\AppData\Local\Programs\MiKTeX\tex/latex/filecontents\fileconten
ts.sty
Package: filecontents 2019/09/20 v1.5 Create an external file from within a LaT
eX document


Package filecontents Warning: This package is obsolete. Disabling it and
(filecontents)                passing control to the filecontents environment
(filecontents)                defined by the LaTeX kernel.

) (C:\Users\julih\AppData\Local\Programs\MiKTeX\tex/latex/booktabs\booktabs.sty
Package: booktabs 2020/01/12 v1.61803398 Publication quality tables
\heavyrulewidth=\dimen199
\lightrulewidth=\dimen256
\cmidrulewidth=\dimen257
\belowrulesep=\dimen258
\belowbottomsep=\dimen259
\aboverulesep=\dimen260
\abovetopsep=\dimen261
\cmidrulesep=\dimen262
\cmidrulekern=\dimen263
\defaultaddspace=\dimen264
\@cmidla=\count317
\@cmidlb=\count318
\@aboverulesep=\dimen265
\@belowrulesep=\dimen266
\@thisruleclass=\count319
\@lastruleclass=\count320
\@thisrulewidth=\dimen267
) (C:\Users\julih\AppData\Local\Programs\MiKTeX\tex/latex/mdframed\mdframed.sty
Package: mdframed 2013/07/01 1.9b: mdframed

(C:\Users\julih\AppData\Local\Programs\MiKTeX\tex/latex/l3packages/xparse\xpars
e.sty
(C:\Users\julih\AppData\Local\Programs\MiKTeX\tex/latex/l3kernel\expl3.sty
Package: expl3 2021-08-27 L3 programming layer (loader) 

(C:\Users\julih\AppData\Local\Programs\MiKTeX\tex/latex/l3backend\l3backend-pdf
tex.def
File: l3backend-pdftex.def 2021-08-04 L3 backend support: PDF output (pdfTeX)
\l__color_backend_stack_int=\count321
\l__pdf_internal_box=\box108
))
Package: xparse 2021-08-27 L3 Experimental document command parser
)
(C:\Users\julih\AppData\Local\Programs\MiKTeX\tex/latex/etoolbox\etoolbox.sty
Package: etoolbox 2020/10/05 v2.5k e-TeX tools for LaTeX (JAW)
\etb@tempcnta=\count322
)
(C:\Users\julih\AppData\Local\Programs\MiKTeX\tex/latex/zref\zref-abspage.sty
Package: zref-abspage 2020-07-03 v2.32 Module abspage for zref (HO)

(C:\Users\julih\AppData\Local\Programs\MiKTeX\tex/latex/zref\zref-base.sty
Package: zref-base 2020-07-03 v2.32 Module base for zref (HO)
Package zref Info: New property list: main on input line 764.
Package zref Info: New property: default on input line 765.
Package zref Info: New property: page on input line 766.
)
\c@abspage=\count323
Package zref Info: New property: abspage on input line 66.
)
(C:\Users\julih\AppData\Local\Programs\MiKTeX\tex/latex/needspace\needspace.sty
Package: needspace 2010/09/12 v1.3d reserve vertical space
)
\mdf@templength=\skip97
\c@mdf@globalstyle@cnt=\count324
\mdf@skipabove@length=\skip98
\mdf@skipbelow@length=\skip99
\mdf@leftmargin@length=\skip100
\mdf@rightmargin@length=\skip101
\mdf@innerleftmargin@length=\skip102
\mdf@innerrightmargin@length=\skip103
\mdf@innertopmargin@length=\skip104
\mdf@innerbottommargin@length=\skip105
\mdf@splittopskip@length=\skip106
\mdf@splitbottomskip@length=\skip107
\mdf@outermargin@length=\skip108
\mdf@innermargin@length=\skip109
\mdf@linewidth@length=\skip110
\mdf@innerlinewidth@length=\skip111
\mdf@middlelinewidth@length=\skip112
\mdf@outerlinewidth@length=\skip113
\mdf@roundcorner@length=\skip114
\mdf@footenotedistance@length=\skip115
\mdf@userdefinedwidth@length=\skip116
\mdf@needspace@length=\skip117
\mdf@frametitleaboveskip@length=\skip118
\mdf@frametitlebelowskip@length=\skip119
\mdf@frametitlerulewidth@length=\skip120
\mdf@frametitleleftmargin@length=\skip121
\mdf@frametitlerightmargin@length=\skip122
\mdf@shadowsize@length=\skip123
\mdf@extratopheight@length=\skip124
\mdf@subtitleabovelinewidth@length=\skip125
\mdf@subtitlebelowlinewidth@length=\skip126
\mdf@subtitleaboveskip@length=\skip127
\mdf@subtitlebelowskip@length=\skip128
\mdf@subtitleinneraboveskip@length=\skip129
\mdf@subtitleinnerbelowskip@length=\skip130
\mdf@subsubtitleabovelinewidth@length=\skip131
\mdf@subsubtitlebelowlinewidth@length=\skip132
\mdf@subsubtitleaboveskip@length=\skip133
\mdf@subsubtitlebelowskip@length=\skip134
\mdf@subsubtitleinneraboveskip@length=\skip135
\mdf@subsubtitleinnerbelowskip@length=\skip136

(C:\Users\julih\AppData\Local\Programs\MiKTeX\tex/latex/mdframed\md-frame-0.mdf
File: md-frame-0.mdf 2013/07/01\ 1.9b: md-frame-0
)
\mdf@frametitlebox=\box109
\mdf@footnotebox=\box110
\mdf@splitbox@one=\box111
\mdf@splitbox@two=\box112
\mdf@splitbox@save=\box113
\mdfsplitboxwidth=\skip137
\mdfsplitboxtotalwidth=\skip138
\mdfsplitboxheight=\skip139
\mdfsplitboxdepth=\skip140
\mdfsplitboxtotalheight=\skip141
\mdfframetitleboxwidth=\skip142
\mdfframetitleboxtotalwidth=\skip143
\mdfframetitleboxheight=\skip144
\mdfframetitleboxdepth=\skip145
\mdfframetitleboxtotalheight=\skip146
\mdffootnoteboxwidth=\skip147
\mdffootnoteboxtotalwidth=\skip148
\mdffootnoteboxheight=\skip149
\mdffootnoteboxdepth=\skip150
\mdffootnoteboxtotalheight=\skip151
\mdftotallinewidth=\skip152
\mdfboundingboxwidth=\skip153
\mdfboundingboxtotalwidth=\skip154
\mdfboundingboxheight=\skip155
\mdfboundingboxdepth=\skip156
\mdfboundingboxtotalheight=\skip157
\mdf@freevspace@length=\skip158
\mdf@horizontalwidthofbox@length=\skip159
\mdf@verticalmarginwhole@length=\skip160
\mdf@horizontalspaceofbox=\skip161
\mdfsubtitleheight=\skip162
\mdfsubsubtitleheight=\skip163
\c@mdfcountframes=\count325

****** mdframed patching \endmdf@trivlist

****** -- success******

\mdf@envdepth=\count326
\c@mdf@env@i=\count327
\c@mdf@env@ii=\count328
\c@mdf@zref@counter=\count329
Package zref Info: New property: mdf@pagevalue on input line 895.
)
(C:\Users\julih\AppData\Local\Programs\MiKTeX\tex/latex/pgf/frontendlayer\tikz.
sty
(C:\Users\julih\AppData\Local\Programs\MiKTeX\tex/latex/pgf/basiclayer\pgf.sty
(C:\Users\julih\AppData\Local\Programs\MiKTeX\tex/latex/pgf/utilities\pgfrcs.st
y
(C:\Users\julih\AppData\Local\Programs\MiKTeX\tex/generic/pgf/utilities\pgfutil
-common.tex
\pgfutil@everybye=\toks32
\pgfutil@tempdima=\dimen268
\pgfutil@tempdimb=\dimen269

(C:\Users\julih\AppData\Local\Programs\MiKTeX\tex/generic/pgf/utilities\pgfutil
-common-lists.tex))
(C:\Users\julih\AppData\Local\Programs\MiKTeX\tex/generic/pgf/utilities\pgfutil
-latex.def
\pgfutil@abb=\box114
)
(C:\Users\julih\AppData\Local\Programs\MiKTeX\tex/generic/pgf/utilities\pgfrcs.
code.tex
(C:\Users\julih\AppData\Local\Programs\MiKTeX\tex/generic/pgf\pgf.revision.tex)
Package: pgfrcs 2021/05/15 v3.1.9a (3.1.9a)
))
Package: pgf 2021/05/15 v3.1.9a (3.1.9a)

(C:\Users\julih\AppData\Local\Programs\MiKTeX\tex/latex/pgf/basiclayer\pgfcore.
sty
(C:\Users\julih\AppData\Local\Programs\MiKTeX\tex/latex/pgf/systemlayer\pgfsys.
sty
(C:\Users\julih\AppData\Local\Programs\MiKTeX\tex/generic/pgf/systemlayer\pgfsy
s.code.tex
Package: pgfsys 2021/05/15 v3.1.9a (3.1.9a)

(C:\Users\julih\AppData\Local\Programs\MiKTeX\tex/generic/pgf/utilities\pgfkeys
.code.tex
\pgfkeys@pathtoks=\toks33
\pgfkeys@temptoks=\toks34

(C:\Users\julih\AppData\Local\Programs\MiKTeX\tex/generic/pgf/utilities\pgfkeys
filtered.code.tex
\pgfkeys@tmptoks=\toks35
))
\pgf@x=\dimen270
\pgf@y=\dimen271
\pgf@xa=\dimen272
\pgf@ya=\dimen273
\pgf@xb=\dimen274
\pgf@yb=\dimen275
\pgf@xc=\dimen276
\pgf@yc=\dimen277
\pgf@xd=\dimen278
\pgf@yd=\dimen279
\w@pgf@writea=\write4
\r@pgf@reada=\read4
\c@pgf@counta=\count330
\c@pgf@countb=\count331
\c@pgf@countc=\count332
\c@pgf@countd=\count333
\t@pgf@toka=\toks36
\t@pgf@tokb=\toks37
\t@pgf@tokc=\toks38
\pgf@sys@id@count=\count334

(C:\Users\julih\AppData\Local\Programs\MiKTeX\tex/generic/pgf/systemlayer\pgf.c
fg
File: pgf.cfg 2021/05/15 v3.1.9a (3.1.9a)
)
Driver file for pgf: pgfsys-pdftex.def

(C:\Users\julih\AppData\Local\Programs\MiKTeX\tex/generic/pgf/systemlayer\pgfsy
s-pdftex.def
File: pgfsys-pdftex.def 2021/05/15 v3.1.9a (3.1.9a)

(C:\Users\julih\AppData\Local\Programs\MiKTeX\tex/generic/pgf/systemlayer\pgfsy
s-common-pdf.def
File: pgfsys-common-pdf.def 2021/05/15 v3.1.9a (3.1.9a)
)))
(C:\Users\julih\AppData\Local\Programs\MiKTeX\tex/generic/pgf/systemlayer\pgfsy
ssoftpath.code.tex
File: pgfsyssoftpath.code.tex 2021/05/15 v3.1.9a (3.1.9a)
\pgfsyssoftpath@smallbuffer@items=\count335
\pgfsyssoftpath@bigbuffer@items=\count336
)
(C:\Users\julih\AppData\Local\Programs\MiKTeX\tex/generic/pgf/systemlayer\pgfsy
sprotocol.code.tex
File: pgfsysprotocol.code.tex 2021/05/15 v3.1.9a (3.1.9a)
))
(C:\Users\julih\AppData\Local\Programs\MiKTeX\tex/generic/pgf/basiclayer\pgfcor
e.code.tex
Package: pgfcore 2021/05/15 v3.1.9a (3.1.9a)

(C:\Users\julih\AppData\Local\Programs\MiKTeX\tex/generic/pgf/math\pgfmath.code
.tex
(C:\Users\julih\AppData\Local\Programs\MiKTeX\tex/generic/pgf/math\pgfmathcalc.
code.tex
(C:\Users\julih\AppData\Local\Programs\MiKTeX\tex/generic/pgf/math\pgfmathutil.
code.tex)
(C:\Users\julih\AppData\Local\Programs\MiKTeX\tex/generic/pgf/math\pgfmathparse
r.code.tex
\pgfmath@dimen=\dimen280
\pgfmath@count=\count337
\pgfmath@box=\box115
\pgfmath@toks=\toks39
\pgfmath@stack@operand=\toks40
\pgfmath@stack@operation=\toks41
)
(C:\Users\julih\AppData\Local\Programs\MiKTeX\tex/generic/pgf/math\pgfmathfunct
ions.code.tex
(C:\Users\julih\AppData\Local\Programs\MiKTeX\tex/generic/pgf/math\pgfmathfunct
ions.basic.code.tex)
(C:\Users\julih\AppData\Local\Programs\MiKTeX\tex/generic/pgf/math\pgfmathfunct
ions.trigonometric.code.tex)
(C:\Users\julih\AppData\Local\Programs\MiKTeX\tex/generic/pgf/math\pgfmathfunct
ions.random.code.tex)
(C:\Users\julih\AppData\Local\Programs\MiKTeX\tex/generic/pgf/math\pgfmathfunct
ions.comparison.code.tex)
(C:\Users\julih\AppData\Local\Programs\MiKTeX\tex/generic/pgf/math\pgfmathfunct
ions.base.code.tex)
(C:\Users\julih\AppData\Local\Programs\MiKTeX\tex/generic/pgf/math\pgfmathfunct
ions.round.code.tex)
(C:\Users\julih\AppData\Local\Programs\MiKTeX\tex/generic/pgf/math\pgfmathfunct
ions.misc.code.tex)
(C:\Users\julih\AppData\Local\Programs\MiKTeX\tex/generic/pgf/math\pgfmathfunct
ions.integerarithmetics.code.tex)))
(C:\Users\julih\AppData\Local\Programs\MiKTeX\tex/generic/pgf/math\pgfmathfloat
.code.tex
\c@pgfmathroundto@lastzeros=\count338
))
(C:\Users\julih\AppData\Local\Programs\MiKTeX\tex/generic/pgf/math\pgfint.code.
tex)
(C:\Users\julih\AppData\Local\Programs\MiKTeX\tex/generic/pgf/basiclayer\pgfcor
epoints.code.tex
File: pgfcorepoints.code.tex 2021/05/15 v3.1.9a (3.1.9a)
\pgf@picminx=\dimen281
\pgf@picmaxx=\dimen282
\pgf@picminy=\dimen283
\pgf@picmaxy=\dimen284
\pgf@pathminx=\dimen285
\pgf@pathmaxx=\dimen286
\pgf@pathminy=\dimen287
\pgf@pathmaxy=\dimen288
\pgf@xx=\dimen289
\pgf@xy=\dimen290
\pgf@yx=\dimen291
\pgf@yy=\dimen292
\pgf@zx=\dimen293
\pgf@zy=\dimen294
)
(C:\Users\julih\AppData\Local\Programs\MiKTeX\tex/generic/pgf/basiclayer\pgfcor
epathconstruct.code.tex
File: pgfcorepathconstruct.code.tex 2021/05/15 v3.1.9a (3.1.9a)
\pgf@path@lastx=\dimen295
\pgf@path@lasty=\dimen296
)
(C:\Users\julih\AppData\Local\Programs\MiKTeX\tex/generic/pgf/basiclayer\pgfcor
epathusage.code.tex
File: pgfcorepathusage.code.tex 2021/05/15 v3.1.9a (3.1.9a)
\pgf@shorten@end@additional=\dimen297
\pgf@shorten@start@additional=\dimen298
)
(C:\Users\julih\AppData\Local\Programs\MiKTeX\tex/generic/pgf/basiclayer\pgfcor
escopes.code.tex
File: pgfcorescopes.code.tex 2021/05/15 v3.1.9a (3.1.9a)
\pgfpic=\box116
\pgf@hbox=\box117
\pgf@layerbox@main=\box118
\pgf@picture@serial@count=\count339
)
(C:\Users\julih\AppData\Local\Programs\MiKTeX\tex/generic/pgf/basiclayer\pgfcor
egraphicstate.code.tex
File: pgfcoregraphicstate.code.tex 2021/05/15 v3.1.9a (3.1.9a)
\pgflinewidth=\dimen299
)
(C:\Users\julih\AppData\Local\Programs\MiKTeX\tex/generic/pgf/basiclayer\pgfcor
etransformations.code.tex
File: pgfcoretransformations.code.tex 2021/05/15 v3.1.9a (3.1.9a)
\pgf@pt@x=\dimen300
\pgf@pt@y=\dimen301
\pgf@pt@temp=\dimen302
)
(C:\Users\julih\AppData\Local\Programs\MiKTeX\tex/generic/pgf/basiclayer\pgfcor
equick.code.tex
File: pgfcorequick.code.tex 2021/05/15 v3.1.9a (3.1.9a)
)
(C:\Users\julih\AppData\Local\Programs\MiKTeX\tex/generic/pgf/basiclayer\pgfcor
eobjects.code.tex
File: pgfcoreobjects.code.tex 2021/05/15 v3.1.9a (3.1.9a)
)
(C:\Users\julih\AppData\Local\Programs\MiKTeX\tex/generic/pgf/basiclayer\pgfcor
epathprocessing.code.tex
File: pgfcorepathprocessing.code.tex 2021/05/15 v3.1.9a (3.1.9a)
)
(C:\Users\julih\AppData\Local\Programs\MiKTeX\tex/generic/pgf/basiclayer\pgfcor
earrows.code.tex
File: pgfcorearrows.code.tex 2021/05/15 v3.1.9a (3.1.9a)
\pgfarrowsep=\dimen303
)
(C:\Users\julih\AppData\Local\Programs\MiKTeX\tex/generic/pgf/basiclayer\pgfcor
eshade.code.tex
File: pgfcoreshade.code.tex 2021/05/15 v3.1.9a (3.1.9a)
\pgf@max=\dimen304
\pgf@sys@shading@range@num=\count340
\pgf@shadingcount=\count341
)
(C:\Users\julih\AppData\Local\Programs\MiKTeX\tex/generic/pgf/basiclayer\pgfcor
eimage.code.tex
File: pgfcoreimage.code.tex 2021/05/15 v3.1.9a (3.1.9a)

(C:\Users\julih\AppData\Local\Programs\MiKTeX\tex/generic/pgf/basiclayer\pgfcor
eexternal.code.tex
File: pgfcoreexternal.code.tex 2021/05/15 v3.1.9a (3.1.9a)
\pgfexternal@startupbox=\box119
))
(C:\Users\julih\AppData\Local\Programs\MiKTeX\tex/generic/pgf/basiclayer\pgfcor
elayers.code.tex
File: pgfcorelayers.code.tex 2021/05/15 v3.1.9a (3.1.9a)
)
(C:\Users\julih\AppData\Local\Programs\MiKTeX\tex/generic/pgf/basiclayer\pgfcor
etransparency.code.tex
File: pgfcoretransparency.code.tex 2021/05/15 v3.1.9a (3.1.9a)
)
(C:\Users\julih\AppData\Local\Programs\MiKTeX\tex/generic/pgf/basiclayer\pgfcor
epatterns.code.tex
File: pgfcorepatterns.code.tex 2021/05/15 v3.1.9a (3.1.9a)
)
(C:\Users\julih\AppData\Local\Programs\MiKTeX\tex/generic/pgf/basiclayer\pgfcor
erdf.code.tex
File: pgfcorerdf.code.tex 2021/05/15 v3.1.9a (3.1.9a)
)))
(C:\Users\julih\AppData\Local\Programs\MiKTeX\tex/generic/pgf/modules\pgfmodule
shapes.code.tex
File: pgfmoduleshapes.code.tex 2021/05/15 v3.1.9a (3.1.9a)
\pgfnodeparttextbox=\box120
)
(C:\Users\julih\AppData\Local\Programs\MiKTeX\tex/generic/pgf/modules\pgfmodule
plot.code.tex
File: pgfmoduleplot.code.tex 2021/05/15 v3.1.9a (3.1.9a)
)
(C:\Users\julih\AppData\Local\Programs\MiKTeX\tex/latex/pgf/compatibility\pgfco
mp-version-0-65.sty
Package: pgfcomp-version-0-65 2021/05/15 v3.1.9a (3.1.9a)
\pgf@nodesepstart=\dimen305
\pgf@nodesepend=\dimen306
)
(C:\Users\julih\AppData\Local\Programs\MiKTeX\tex/latex/pgf/compatibility\pgfco
mp-version-1-18.sty
Package: pgfcomp-version-1-18 2021/05/15 v3.1.9a (3.1.9a)
))
(C:\Users\julih\AppData\Local\Programs\MiKTeX\tex/latex/pgf/utilities\pgffor.st
y
(C:\Users\julih\AppData\Local\Programs\MiKTeX\tex/latex/pgf/utilities\pgfkeys.s
ty
(C:\Users\julih\AppData\Local\Programs\MiKTeX\tex/generic/pgf/utilities\pgfkeys
.code.tex))
(C:\Users\julih\AppData\Local\Programs\MiKTeX\tex/latex/pgf/math\pgfmath.sty
(C:\Users\julih\AppData\Local\Programs\MiKTeX\tex/generic/pgf/math\pgfmath.code
.tex))
(C:\Users\julih\AppData\Local\Programs\MiKTeX\tex/generic/pgf/utilities\pgffor.
code.tex
Package: pgffor 2021/05/15 v3.1.9a (3.1.9a)

(C:\Users\julih\AppData\Local\Programs\MiKTeX\tex/generic/pgf/math\pgfmath.code
.tex)
\pgffor@iter=\dimen307
\pgffor@skip=\dimen308
\pgffor@stack=\toks42
\pgffor@toks=\toks43
))
(C:\Users\julih\AppData\Local\Programs\MiKTeX\tex/generic/pgf/frontendlayer/tik
z\tikz.code.tex
Package: tikz 2021/05/15 v3.1.9a (3.1.9a)

(C:\Users\julih\AppData\Local\Programs\MiKTeX\tex/generic/pgf/libraries\pgflibr
aryplothandlers.code.tex
File: pgflibraryplothandlers.code.tex 2021/05/15 v3.1.9a (3.1.9a)
\pgf@plot@mark@count=\count342
\pgfplotmarksize=\dimen309
)
\tikz@lastx=\dimen310
\tikz@lasty=\dimen311
\tikz@lastxsaved=\dimen312
\tikz@lastysaved=\dimen313
\tikz@lastmovetox=\dimen314
\tikz@lastmovetoy=\dimen315
\tikzleveldistance=\dimen316
\tikzsiblingdistance=\dimen317
\tikz@figbox=\box121
\tikz@figbox@bg=\box122
\tikz@tempbox=\box123
\tikz@tempbox@bg=\box124
\tikztreelevel=\count343
\tikznumberofchildren=\count344
\tikznumberofcurrentchild=\count345
\tikz@fig@count=\count346

(C:\Users\julih\AppData\Local\Programs\MiKTeX\tex/generic/pgf/modules\pgfmodule
matrix.code.tex
File: pgfmodulematrix.code.tex 2021/05/15 v3.1.9a (3.1.9a)
\pgfmatrixcurrentrow=\count347
\pgfmatrixcurrentcolumn=\count348
\pgf@matrix@numberofcolumns=\count349
)
\tikz@expandcount=\count350

(C:\Users\julih\AppData\Local\Programs\MiKTeX\tex/generic/pgf/frontendlayer/tik
z/libraries\tikzlibrarytopaths.code.tex
File: tikzlibrarytopaths.code.tex 2021/05/15 v3.1.9a (3.1.9a)
)))
(C:\Users\julih\AppData\Local\Programs\MiKTeX\tex/latex/amscls\amsthm.sty
Package: amsthm 2020/05/29 v2.20.6
\thm@style=\toks44
\thm@bodyfont=\toks45
\thm@headfont=\toks46
\thm@notefont=\toks47
\thm@headpunct=\toks48
\thm@preskip=\skip164
\thm@postskip=\skip165
\thm@headsep=\skip166
\dth@everypar=\toks49
)
(C:\Users\julih\AppData\Local\Programs\MiKTeX\tex/latex/listings\listings.sty
\lst@mode=\count351
\lst@gtempboxa=\box125
\lst@token=\toks50
\lst@length=\count352
\lst@currlwidth=\dimen318
\lst@column=\count353
\lst@pos=\count354
\lst@lostspace=\dimen319
\lst@width=\dimen320
\lst@newlines=\count355
\lst@lineno=\count356
\lst@maxwidth=\dimen321

(C:\Users\julih\AppData\Local\Programs\MiKTeX\tex/latex/listings\lstmisc.sty
File: lstmisc.sty 2020/03/24 1.8d (Carsten Heinz)
\c@lstnumber=\count357
\lst@skipnumbers=\count358
\lst@framebox=\box126
)
(C:\Users\julih\AppData\Local\Programs\MiKTeX\tex/latex/listings\listings.cfg
File: listings.cfg 2020/03/24 1.8d listings configuration
))
Package: listings 2020/03/24 1.8d (Carsten Heinz)
(C:\Users\julih\AppData\Local\Programs\MiKTeX\tex/latex/units\units.sty
Package: units 1998/08/04 v0.9b Typesetting units

(C:\Users\julih\AppData\Local\Programs\MiKTeX\tex/latex/units\nicefrac.sty
Package: nicefrac 1998/08/04 v0.9b Nice fractions
\L@UnitsRaiseDisplaystyle=\skip167
\L@UnitsRaiseTextstyle=\skip168
\L@UnitsRaiseScriptstyle=\skip169
))
(C:\Users\julih\AppData\Local\Programs\MiKTeX\tex/generic/pgf/frontendlayer/tik
z/libraries\tikzlibrarymatrix.code.tex
File: tikzlibrarymatrix.code.tex 2021/05/15 v3.1.9a (3.1.9a)
)
(C:\Users\julih\AppData\Local\Programs\MiKTeX\tex/generic/pgf/frontendlayer/tik
z/libraries\tikzlibraryarrows.code.tex
File: tikzlibraryarrows.code.tex 2021/05/15 v3.1.9a (3.1.9a)

(C:\Users\julih\AppData\Local\Programs\MiKTeX\tex/generic/pgf/libraries\pgflibr
aryarrows.code.tex
File: pgflibraryarrows.code.tex 2021/05/15 v3.1.9a (3.1.9a)
\arrowsize=\dimen322
))
(C:\Users\julih\AppData\Local\Programs\MiKTeX\tex/generic/pgf/frontendlayer/tik
z/libraries\tikzlibrarydecorations.pathmorphing.code.tex
(C:\Users\julih\AppData\Local\Programs\MiKTeX\tex/generic/pgf/frontendlayer/tik
z/libraries\tikzlibrarydecorations.code.tex
(C:\Users\julih\AppData\Local\Programs\MiKTeX\tex/generic/pgf/modules\pgfmodule
decorations.code.tex
\pgfdecoratedcompleteddistance=\dimen323
\pgfdecoratedremainingdistance=\dimen324
\pgfdecoratedinputsegmentcompleteddistance=\dimen325
\pgfdecoratedinputsegmentremainingdistance=\dimen326
\pgf@decorate@distancetomove=\dimen327
\pgf@decorate@repeatstate=\count359
\pgfdecorationsegmentamplitude=\dimen328
\pgfdecorationsegmentlength=\dimen329
)
\tikz@lib@dec@box=\box127
)
(C:\Users\julih\AppData\Local\Programs\MiKTeX\tex/generic/pgf/libraries/decorat
ions\pgflibrarydecorations.pathmorphing.code.tex))
Package hyperref Info: Option `colorlinks' set `true' on input line 45.

(C:\Users\julih\AppData\Local\Programs\MiKTeX\tex/latex/appendix\appendix.sty
Package: appendix 2020/02/08 v1.2c extra appendix facilities
\c@@pps=\count360
\c@@ppsavesec=\count361
\c@@ppsaveapp=\count362
)
(C:\Users\julih\AppData\Local\Programs\MiKTeX\tex/latex/chngcntr\chngcntr.sty
Package: chngcntr 2018/04/09 v1.1a change counter resetting
Package chngcntr Info: \counterwithout already defined.
(chngcntr)             Quitting chngcntr on input line 21.
)) (C:\Users\julih\AppData\Local\Programs\MiKTeX\tex/latex/lipsum\lipsum.sty
(C:\Users\julih\AppData\Local\Programs\MiKTeX\tex/latex/l3packages/l3keys2e\l3k
eys2e.sty
Package: l3keys2e 2021-08-27 LaTeX2e option processing using LaTeX3 keys
)
Package: lipsum 2021-09-20 v2.7 150 paragraphs of Lorem Ipsum dummy text
\g__lipsum_par_int=\count363
\l__lipsum_a_int=\count364
\l__lipsum_b_int=\count365

(C:\Users\julih\AppData\Local\Programs\MiKTeX\tex/latex/lipsum\lipsum.ltd.tex))
(_tufte.tex) (_comandos.tex) (_entornos.tex

Package amsthm Warning: Unknown theoremstyle `theorem' on input line 5.

\c@teorema=\count366
\c@lema=\count367
\c@proposicion=\count368
\c@problema=\count369
\c@ejemplo=\count370
) (_md_comandos.tex) (_md_entornos.tex
\c@conj=\count371
\c@tdv=\count372
\c@claim=\count373
)
\c@case=\count374
 (_trig_comandos.tex) (_pe_comandos.tex) (_color-listings.tex
(C:\Users\julih\AppData\Local\Programs\MiKTeX\tex/latex/listings\lstlang1.sty
File: lstlang1.sty 2020/03/24 1.8d listings language file
))
LaTeX Font Info:    Trying to load font information for T1+lmr on input line 29
.
(C:\Users\julih\AppData\Local\Programs\MiKTeX\tex/latex/lm\t1lmr.fd
File: t1lmr.fd 2009/10/30 v1.6 Font defs for Latin Modern
)
([Modelación Estadística].aux
LaTeX Info: Redefining \. on input line 23.
LaTeX Info: Redefining \% on input line 23.


LaTeX Warning: Label `key' multiply defined.


LaTeX Warning: Label `eq:3.50' multiply defined.


LaTeX Warning: Label `eq:7.3_' multiply defined.


LaTeX Warning: Label `kum0403' multiply defined.

)
\openout1 = `"[Modelación Estadística].aux"'.

LaTeX Font Info:    Checking defaults for OML/cmm/m/it on input line 29.
LaTeX Font Info:    ... okay on input line 29.
LaTeX Font Info:    Checking defaults for OMS/cmsy/m/n on input line 29.
LaTeX Font Info:    ... okay on input line 29.
LaTeX Font Info:    Checking defaults for OT1/cmr/m/n on input line 29.
LaTeX Font Info:    ... okay on input line 29.
LaTeX Font Info:    Checking defaults for T1/cmr/m/n on input line 29.
LaTeX Font Info:    ... okay on input line 29.
LaTeX Font Info:    Checking defaults for TS1/cmr/m/n on input line 29.
LaTeX Font Info:    ... okay on input line 29.
LaTeX Font Info:    Checking defaults for OMX/cmex/m/n on input line 29.
LaTeX Font Info:    ... okay on input line 29.
LaTeX Font Info:    Checking defaults for U/cmr/m/n on input line 29.
LaTeX Font Info:    ... okay on input line 29.
LaTeX Font Info:    Checking defaults for PD1/pdf/m/n on input line 29.
LaTeX Font Info:    ... okay on input line 29.
LaTeX Font Info:    Checking defaults for PU/pdf/m/n on input line 29.
LaTeX Font Info:    ... okay on input line 29.
LaTeX Font Info:    Checking defaults for LY/yfrak/m/n on input line 29.
LaTeX Font Info:    ... okay on input line 29.
LaTeX Font Info:    Checking defaults for LYG/ygoth/m/n on input line 29.
LaTeX Font Info:    ... okay on input line 29.
Package hyperref Info: Link coloring ON on input line 29.
 (C:\Users\julih\AppData\Local\Programs\MiKTeX\tex/latex/hyperref\nameref.sty
Package: nameref 2021-04-02 v2.47 Cross-referencing by name of section

(C:\Users\julih\AppData\Local\Programs\MiKTeX\tex/latex/refcount\refcount.sty
Package: refcount 2019/12/15 v3.6 Data extraction from label references (HO)
)
(C:\Users\julih\AppData\Local\Programs\MiKTeX\tex/generic/gettitlestring\gettit
lestring.sty
Package: gettitlestring 2019/12/15 v1.6 Cleanup title references (HO)
)
\c@section@level=\count375
)
LaTeX Info: Redefining \ref on input line 29.
LaTeX Info: Redefining \pageref on input line 29.
LaTeX Info: Redefining \nameref on input line 29.
 ([Modelación Estadística].out) ([Modelación Estadística].out)
\@outlinefile=\write5
\openout5 = `"[Modelación Estadística].out"'.


*geometry* driver: auto-detecting
*geometry* detected driver: pdftex
*geometry* verbose mode - [ preamble ] result:
* driver: pdftex
* paper: letterpaper
* layout: <same size as paper>
* layoutoffset:(h,v)=(0.0pt,0.0pt)
* modes: twoside asymmetric 
* h-part:(L,W,R)=(72.26999pt, 312.0pt, 230.02501pt)
* v-part:(T,H,B)=(72.26999pt, 616.0pt, 106.7pt)
* \paperwidth=614.295pt
* \paperheight=794.96999pt
* \textwidth=312.0pt
* \textheight=616.0pt
* \oddsidemargin=0.0pt
* \evensidemargin=0.0pt
* \topmargin=-42.0pt
* \headheight=14.0pt
* \headsep=28.0pt
* \topskip=10.0pt
* \footskip=25.29494pt
* \marginparwidth=144.0pt
* \marginparsep=24.0pt
* \columnsep=10.0pt
* \skip\footins=9.0pt plus 4.0pt minus 2.0pt
* \hoffset=0.0pt
* \voffset=0.0pt
* \mag=1000
* \@twocolumnfalse
* \@twosidetrue
* \@mparswitchfalse
* \@reversemarginfalse
* (1in=72.27pt=25.4mm, 1cm=28.453pt)

\langwohyphens=\language80

(C:\Users\julih\AppData\Local\Programs\MiKTeX\tex/context/base/mkii\supp-pdf.mk
ii
[Loading MPS to PDF converter (version 2006.09.02).]
\scratchcounter=\count376
\scratchdimen=\dimen330
\scratchbox=\box128
\nofMPsegments=\count377
\nofMParguments=\count378
\everyMPshowfont=\toks51
\MPscratchCnt=\count379
\MPscratchDim=\dimen331
\MPnumerator=\count380
\makeMPintoPDFobject=\count381
\everyMPtoPDFconversion=\toks52
)
(C:\Users\julih\AppData\Local\Programs\MiKTeX\tex/latex/epstopdf-pkg\epstopdf-b
ase.sty
Package: epstopdf-base 2020-01-24 v2.11 Base part for package epstopdf
Package epstopdf-base Info: Redefining graphics rule for `.eps' on input line 4
85.

(C:\Users\julih\AppData\Local\Programs\MiKTeX\tex/latex/00miktex\epstopdf-sys.c
fg
File: epstopdf-sys.cfg 2021/03/18 v2.0 Configuration of epstopdf for MiKTeX
))
LaTeX Info: Redefining \. on input line 29.
LaTeX Info: Redefining \% on input line 29.
\c@lstlisting=\count382
LaTeX Font Info:    Trying to load font information for T1+lmss on input line 3
0.
 (C:\Users\julih\AppData\Local\Programs\MiKTeX\tex/latex/lm\t1lmss.fd
File: t1lmss.fd 2009/10/30 v1.6 Font defs for Latin Modern
)
Overfull \hbox (12.86356pt too wide) in paragraph at lines 30--30
[]\T1/lmss/m/n/36/200ls MODELACIN ES-TA-DS- 
 []

[1


{C:/Users/julih/AppData/Local/MiKTeX/pdftex/config/pdftex.map}]
LaTeX Font Info:    Trying to load font information for OT1+lmr on input line 3
1.

(C:\Users\julih\AppData\Local\Programs\MiKTeX\tex/latex/lm\ot1lmr.fd
File: ot1lmr.fd 2009/10/30 v1.6 Font defs for Latin Modern
)
LaTeX Font Info:    Trying to load font information for OML+lmm on input line 3
1.

(C:\Users\julih\AppData\Local\Programs\MiKTeX\tex/latex/lm\omllmm.fd
File: omllmm.fd 2009/10/30 v1.6 Font defs for Latin Modern
)
LaTeX Font Info:    Trying to load font information for OMS+lmsy on input line 
31.

(C:\Users\julih\AppData\Local\Programs\MiKTeX\tex/latex/lm\omslmsy.fd
File: omslmsy.fd 2009/10/30 v1.6 Font defs for Latin Modern
)
LaTeX Font Info:    Trying to load font information for OMX+lmex on input line 
31.

(C:\Users\julih\AppData\Local\Programs\MiKTeX\tex/latex/lm\omxlmex.fd
File: omxlmex.fd 2009/10/30 v1.6 Font defs for Latin Modern
)
LaTeX Font Info:    External font `lmex10' loaded for size
(Font)              <10> on input line 31.
LaTeX Font Info:    External font `lmex10' loaded for size
(Font)              <7.6> on input line 31.
LaTeX Font Info:    External font `lmex10' loaded for size
(Font)              <6> on input line 31.
LaTeX Font Info:    Trying to load font information for OT1+zplm on input line 
31.

(C:\Users\julih\AppData\Local\Programs\MiKTeX\tex/latex/psnfss\ot1zplm.fd
File: ot1zplm.fd 2002/09/08 Fontinst v1.914 font definitions for OT1/zplm.
)
LaTeX Font Info:    Font shape `U/msa/m/n' will be
(Font)              scaled to size 10.42007pt on input line 31.
LaTeX Font Info:    Font shape `U/msa/m/n' will be
(Font)              scaled to size 7.91925pt on input line 31.
LaTeX Font Info:    Font shape `U/msa/m/n' will be
(Font)              scaled to size 6.25204pt on input line 31.
LaTeX Font Info:    Font shape `U/msb/m/n' will be
(Font)              scaled to size 10.42007pt on input line 31.
LaTeX Font Info:    Font shape `U/msb/m/n' will be
(Font)              scaled to size 7.91925pt on input line 31.
LaTeX Font Info:    Font shape `U/msb/m/n' will be
(Font)              scaled to size 6.25204pt on input line 31.
LaTeX Font Info:    Trying to load font information for U+rsfs on input line 31
.

(C:\Users\julih\AppData\Local\Programs\MiKTeX\tex/latex/jknappen\ursfs.fd
File: ursfs.fd 1998/03/24 rsfs font definition file (jk)
)
Underfull \hbox (badness 10000) in paragraph at lines 33--35
[]\T1/lmr/m/n/10 This work is li-cen-sed un-der the Crea-ti-ve Com-mons Re-co-n
o-ci-
 []


Underfull \hbox (badness 10000) in paragraph at lines 33--35
\T1/lmr/m/n/10 mien-to 4.0 In-ter-na-cio-nal Li-cen-se. To view a copy of this 
li-cen-se,
 []

<./licencia/by.png, id=141, 97.0827pt x 33.9669pt>
File: ./licencia/by.png Graphic file (type png)
<use ./licencia/by.png>
Package pdftex.def Info: ./licencia/by.png  used on input line 36.
(pdftex.def)             Requested size: 97.08244pt x 33.96681pt.
[2

 <./licencia/by.png>] ([Modelación Estadística].toc
LaTeX Info: Redefining \. on input line 1.
LaTeX Info: Redefining \% on input line 1.
LaTeX Font Info:    External font `lmex10' loaded for size
(Font)              <12> on input line 75.
LaTeX Font Info:    External font `lmex10' loaded for size
(Font)              <9> on input line 75.
LaTeX Font Info:    External font `lmex10' loaded for size
(Font)              <7> on input line 75.
LaTeX Font Info:    Font shape `U/msa/m/n' will be
(Font)              scaled to size 12.50409pt on input line 75.
LaTeX Font Info:    Font shape `U/msa/m/n' will be
(Font)              scaled to size 9.37807pt on input line 75.
LaTeX Font Info:    Font shape `U/msa/m/n' will be
(Font)              scaled to size 7.29405pt on input line 75.
LaTeX Font Info:    Font shape `U/msb/m/n' will be
(Font)              scaled to size 12.50409pt on input line 75.
LaTeX Font Info:    Font shape `U/msb/m/n' will be
(Font)              scaled to size 9.37807pt on input line 75.
LaTeX Font Info:    Font shape `U/msb/m/n' will be
(Font)              scaled to size 7.29405pt on input line 75.
 [3

]
LaTeX Font Info:    Trying to load font information for T1+lmtt on input line 1
10.

(C:\Users\julih\AppData\Local\Programs\MiKTeX\tex/latex/lm\t1lmtt.fd
File: t1lmtt.fd 2009/10/30 v1.6 Font defs for Latin Modern
))
\tf@toc=\write6
\openout6 = `"[Modelación Estadística].toc"'.

 [4]
Cap\'{\i }tulo 1.
LaTeX Font Info:    External font `lmex10' loaded for size
(Font)              <20.74> on input line 43.
LaTeX Font Info:    External font `lmex10' loaded for size
(Font)              <14.4> on input line 43.
LaTeX Font Info:    Font shape `U/msa/m/n' will be
(Font)              scaled to size 21.61124pt on input line 43.
LaTeX Font Info:    Font shape `U/msa/m/n' will be
(Font)              scaled to size 15.0049pt on input line 43.
LaTeX Font Info:    Font shape `U/msb/m/n' will be
(Font)              scaled to size 21.61124pt on input line 43.
LaTeX Font Info:    Font shape `U/msb/m/n' will be
(Font)              scaled to size 15.0049pt on input line 43.
(medidas_tendencia_central.tex [5

]
Package hyperref Info: bookmark level for unknown lstlisting defaults to 0 on i
nput line 78.

(../code/medida-tendencia-central/ejemplo-2-2/ejemplo_2_2.py)
Overfull \hbox (7.7452pt too wide) in paragraph at lines 81--82
[]\T1/lmr/m/n/10 Si los n-me-ros $\OML/lmm/m/it/10 X[]\OT1/lmr/m/n/10 , \OML/l
mm/m/it/10 X[]\OT1/lmr/m/n/10 , ..., \OML/lmm/m/it/10 X[]$ \T1/lmr/m/n/10 se pr
e-sen-tan con \T1/lmr/m/it/10 fre-cuen-cias $\OML/lmm/m/it/10 f[]\OT1/lmr/m/n/1
0 , \OML/lmm/m/it/10 f[]\OT1/lmr/m/n/10 , ..., \OML/lmm/m/it/10 f[]$ 
 []

(../code/medida-tendencia-central/ejemplo-2-3/ejemplo_2_3.py) [6]
Overfull \hbox (1.92259pt too wide) in paragraph at lines 148--149
[]\T1/lmr/m/n/10 La me-dia-na de la lis-ta de n-me-ros $\OT1/lmr/m/n/10 5, 4, 
3, 8, 6, 2, 5, 2$ 
 []

(../code/medida-tendencia-central/ejemplo-2-5/ejemplo_2_5.py [7]) [8]
LaTeX Font Info:    External font `lmex10' loaded for size
(Font)              <8> on input line 256.
LaTeX Font Info:    External font `lmex10' loaded for size
(Font)              <5> on input line 256.
LaTeX Font Info:    Font shape `U/msa/m/n' will be
(Font)              scaled to size 8.33606pt on input line 256.
LaTeX Font Info:    Font shape `U/msa/m/n' will be
(Font)              scaled to size 5.21004pt on input line 256.
LaTeX Font Info:    Font shape `U/msb/m/n' will be
(Font)              scaled to size 8.33606pt on input line 256.
LaTeX Font Info:    Font shape `U/msb/m/n' will be
(Font)              scaled to size 5.21004pt on input line 256.
 [9]

LaTeX Warning: Marginpar on page 10 moved.

) (medidas_tendencia_central(p).tex
<./images/tab0301.png, id=371, 819.8128pt x 227.34938pt>
File: ./images/tab0301.png Graphic file (type png)
<use ./images/tab0301.png>
Package pdftex.def Info: ./images/tab0301.png  used on input line 44.
(pdftex.def)             Requested size: 284.52756pt x 78.90741pt.

Overfull \hbox (15.52834pt too wide) in paragraph at lines 65--66
[][]\T1/lmr/bx/n/10 Problema 1.1.6. []\T1/lmr/m/n/10 De-mos-trar que la su-ma d
e las des-via-cio-nes $\OML/lmm/m/it/10 d[]\OT1/lmr/m/n/10 , \OML/lmm/m/it/10 d
[]\OT1/lmr/m/n/10 , ..., \OML/lmm/m/it/10 d[]$ 
 []

[10]
Overfull \hbox (20.31367pt too wide) in paragraph at lines 80--81
[][]\T1/lmr/bx/n/10 Problema 1.1.8. []\T1/lmr/m/n/10 Ha-lle la me-dia arit-m-t
i-ca de los n-me-ros 5,8,11,9,12,6,14 
 []

<./images/tab0307.png, id=396, 475.02469pt x 392.21532pt>
File: ./images/tab0307.png Graphic file (type png)
<use ./images/tab0307.png>
Package pdftex.def Info: ./images/tab0307.png  used on input line 98.
(pdftex.def)             Requested size: 172.29893pt x 142.26378pt.
) (medidas_dispersion.tex [11 <./images/tab0301.png> <./images/tab0307.png>]
[12]
Overfull \hbox (128.11221pt too wide) in paragraph at lines 100--100
$[]$\T1/lmr/m/n/8 https://docs.scipy.org/doc/numpy/reference/generated/numpy.st
d.html  
 []


LaTeX Warning: Marginpar on page 13 moved.

[13]
<./images/tab0302.png, id=447, 834.11626pt x 350.05782pt>
File: ./images/tab0302.png Graphic file (type png)
<use ./images/tab0302.png>
Package pdftex.def Info: ./images/tab0302.png  used on input line 154.
(pdftex.def)             Requested size: 284.52756pt x 119.408pt.
<./images/tab0201.png, id=448, 621.07031pt x 350.81062pt>
File: ./images/tab0201.png Graphic file (type png)
<use ./images/tab0201.png>
Package pdftex.def Info: ./images/tab0201.png  used on input line 169.
(pdftex.def)             Requested size: 251.86378pt x 142.26378pt.
 [14 <./images/tab0302.png> <./images/tab0201.png>]
File: ./images/tab0201.png Graphic file (type png)
<use ./images/tab0201.png>
Package pdftex.def Info: ./images/tab0201.png  used on input line 198.
(pdftex.def)             Requested size: 251.86378pt x 142.26378pt.
File: ./images/tab0201.png Graphic file (type png)
<use ./images/tab0201.png>
Package pdftex.def Info: ./images/tab0201.png  used on input line 223.
(pdftex.def)             Requested size: 251.86378pt x 142.26378pt.
<./images/tab0205.png, id=472, 548.80031pt x 405.76593pt>
File: ./images/tab0205.png Graphic file (type png)
<use ./images/tab0205.png>
Package pdftex.def Info: ./images/tab0205.png  used on input line 238.
(pdftex.def)             Requested size: 192.41794pt x 142.26378pt.
) [15] [16 <./images/tab0205.png>]
Cap\'{\i }tulo 2.
(conjuntos.tex
<images/2020-08-15 19_49_02.png, id=490, 239.39438pt x 554.82281pt>
File: images/2020-08-15 19_49_02.png Graphic file (type png)
<use images/2020-08-15 19_49_02.png>
Package pdftex.def Info: images/2020-08-15 19_49_02.png  used on input line 9.
(pdftex.def)             Requested size: 218.39905pt x 506.16791pt.


LaTeX Warning: `h' float specifier changed to `ht'.

[17

]
LaTeX Font Info:    Trying to load font information for U+fplmbb on input line 
49.
 (C:\Users\julih\AppData\Local\Programs\MiKTeX\tex/latex/psnfss\ufplmbb.fd
File: ufplmbb.fd 2003/10/30 Fontinst v1.914 font definitions for U/fplmbb.
)
<images/puzzle-5294291_1280.jpg, id=503, 308.352pt x 205.4877pt>
File: images/puzzle-5294291_1280.jpg Graphic file (type jpg)
<use images/puzzle-5294291_1280.jpg>
Package pdftex.def Info: images/puzzle-5294291_1280.jpg  used on input line 59.

(pdftex.def)             Requested size: 218.39905pt x 145.54297pt.
<images/1280px-Venn_diagram_for_A_union_B.svg.png, id=505, 1284.8pt x 840.13875
pt>
File: images/1280px-Venn_diagram_for_A_union_B.svg.png Graphic file (type png)
<use images/1280px-Venn_diagram_for_A_union_B.svg.png>
Package pdftex.def Info: images/1280px-Venn_diagram_for_A_union_B.svg.png  used
 on input line 68.
(pdftex.def)             Requested size: 218.39905pt x 142.80887pt.
[18] [19]) (conjuntos(p).tex) (fundamentos_de_probabilidad.tex [20]
<./pe/pands0101.png, id=560, 557.83406pt x 392.21532pt>
File: ./pe/pands0101.png Graphic file (type png)
<use ./pe/pands0101.png>
Package pdftex.def Info: ./pe/pands0101.png  used on input line 77.
(pdftex.def)             Requested size: 142.26378pt x 100.02255pt.
 [21]
<./pe/pands0102.png, id=575, 364.36125pt x 296.60812pt>
File: ./pe/pands0102.png Graphic file (type png)
<use ./pe/pands0102.png>
Package pdftex.def Info: ./pe/pands0102.png  used on input line 103.
(pdftex.def)             Requested size: 104.8559pt x 85.35826pt.

[22] [23] [24]) (fundamentos_de_probabilidad(p).tex [25]
<./pe/deck.jpg, id=642, 738.76pt x 304.13625pt>
File: ./pe/deck.jpg Graphic file (type jpg)
<use ./pe/deck.jpg>
Package pdftex.def Info: ./pe/deck.jpg  used on input line 17.
(pdftex.def)             Requested size: 284.52756pt x 117.1369pt.


LaTeX Warning: Marginpar on page 26 moved.


LaTeX Warning: Marginpar on page 26 moved.

[26] [27]) (probabilidad_condicional.tex
<images/Bayes_Theorem_2D.png, id=681, 642.4pt x 562.1pt>
File: images/Bayes_Theorem_2D.png Graphic file (type png)
<use images/Bayes_Theorem_2D.png>
Package pdftex.def Info: images/Bayes_Theorem_2D.png  used on input line 5.
(pdftex.def)             Requested size: 218.39905pt x 191.09431pt.
<./pe/pands0103.png, id=682, 688.07062pt x 376.40625pt>
File: ./pe/pands0103.png Graphic file (type png)
<use ./pe/pands0103.png>
Package pdftex.def Info: ./pe/pands0103.png  used on input line 18.
(pdftex.def)             Requested size: 142.26378pt x 77.82428pt.
 [28] [29]) (teorema_de_bayes.tex
[30] [31]) (teorema_de_bayes(p).tex

LaTeX Warning: Marginpar on page 32 moved.

) (variables_aleatorias_discretas.tex [32] [33]
<./pe/pands0201.png, id=767, 592.46344pt x 473.51906pt>
File: ./pe/pands0201.png Graphic file (type png)
<use ./pe/pands0201.png>
Package pdftex.def Info: ./pe/pands0201.png  used on input line 105.
(pdftex.def)             Requested size: 249.19455pt x 199.16928pt.
<./pe/pands0206.png, id=769, 749.80125pt x 295.85532pt>
File: ./pe/pands0206.png Graphic file (type png)
<use ./pe/pands0206.png>
Package pdftex.def Info: ./pe/pands0206.png  used on input line 144.
(pdftex.def)             Requested size: 284.52756pt x 112.26817pt.
<./pe/pands0207.png, id=771, 784.43062pt x 309.40594pt>
File: ./pe/pands0207.png Graphic file (type png)
<use ./pe/pands0207.png>
Package pdftex.def Info: ./pe/pands0207.png  used on input line 164.
(pdftex.def)             Requested size: 284.52756pt x 112.22641pt.
)
(variables_aleatorias_continuas.tex [34] [35]
<./pe/pands0202.png, id=806, 777.65532pt x 408.02437pt>
File: ./pe/pands0202.png Graphic file (type png)
<use ./pe/pands0202.png>
Package pdftex.def Info: ./pe/pands0202.png  used on input line 154.
(pdftex.def)             Requested size: 271.13922pt x 142.26378pt.
<./pe/pands0203.png, id=807, 715.92468pt x 371.13657pt>
File: ./pe/pands0203.png Graphic file (type png)
<use ./pe/pands0203.png>
Package pdftex.def Info: ./pe/pands0203.png  used on input line 164.
(pdftex.def)             Requested size: 274.42473pt x 142.26378pt.
<./pe/tab0203.png, id=808, 794.97pt x 354.57469pt>
File: ./pe/tab0203.png Graphic file (type png)
<use ./pe/tab0203.png>
Package pdftex.def Info: ./pe/tab0203.png  used on input line 205.
(pdftex.def)             Requested size: 318.96492pt x 142.26378pt.

Overfull \hbox (6.96492pt too wide) in paragraph at lines 205--208
 [][] 
 []

[36]
<./pe/pands0204.png, id=829, 770.12718pt x 366.61969pt>
File: ./pe/pands0204.png Graphic file (type png)
<use ./pe/pands0204.png>
Package pdftex.def Info: ./pe/pands0204.png  used on input line 270.
(pdftex.def)             Requested size: 179.29948pt x 85.35826pt.
 [37] [38]
<./pe/tab0206.png, id=859, 800.9925pt x 411.78844pt>
File: ./pe/tab0206.png Graphic file (type png)
<use ./pe/tab0206.png>
Package pdftex.def Info: ./pe/tab0206.png  used on input line 394.
(pdftex.def)             Requested size: 284.52756pt x 146.27702pt.
 [39]
<./pe/pands0209.png, id=881, 572.89032pt x 405.01312pt>
File: ./pe/pands0209.png Graphic file (type png)
<use ./pe/pands0209.png>
Package pdftex.def Info: ./pe/pands0209.png  used on input line 450.
(pdftex.def)             Requested size: 284.52756pt x 201.15263pt.
<./pe/pands0210.png, id=883, 371.88937pt x 357.58594pt>
File: ./pe/pands0210.png Graphic file (type png)
<use ./pe/pands0210.png>
Package pdftex.def Info: ./pe/pands0210.png  used on input line 465.
(pdftex.def)             Requested size: 236.72592pt x 227.62204pt.
 [40 <./pe/pands0209.png> <./pe/pands0210.png>]
Overfull \hbox (4.87979pt too wide) in paragraph at lines 481--482
[]\T1/lmr/m/n/10 Si $\OML/lmm/m/it/10 X\OT1/lmr/m/n/10 , \OML/lmm/m/it/10 Y$ \T
1/lmr/m/n/10 son v.a's dis-cre-tas y te-ne-mos los even-tos $\OML/lmm/m/it/10 A
 \OT1/zplm/m/n/10 = [] \OT1/lmr/m/n/10 ,  \OML/lmm/m/it/10 B \OT1/zplm/m/n/10 =
 
 []

[41]
<./pe/pands0217.png, id=909, 371.13657pt x 368.1253pt>
File: ./pe/pands0217.png Graphic file (type png)
<use ./pe/pands0217.png>
Package pdftex.def Info: ./pe/pands0217.png  used on input line 595.
(pdftex.def)             Requested size: 200.8015pt x 199.16928pt.
) (esperanza_matematica.tex [42 <./pe/pands0217.png>] [43] [44] [45]
<./pe/pands0301.png, id=981, 658.71094pt x 360.59718pt>
File: ./pe/pands0301.png Graphic file (type png)
<use ./pe/pands0301.png>
Package pdftex.def Info: ./pe/pands0301.png  used on input line 289.
(pdftex.def)             Requested size: 259.87135pt x 142.26378pt.

[46] [47] [48]) (distribuciones_especiales.tex [49] [50]
<./pe/distBin01.png, id=1077, 376.40625pt x 256.96pt>
File: ./pe/distBin01.png Graphic file (type png)
<use ./pe/distBin01.png>
Package pdftex.def Info: ./pe/distBin01.png  used on input line 118.
(pdftex.def)             Requested size: 291.75777pt x 199.16928pt.
 [51] [52]
<./pe/norm1.png, id=1097, 350.30875pt x 251.94125pt>
File: ./pe/norm1.png Graphic file (type png)
<use ./pe/norm1.png>
Package pdftex.def Info: ./pe/norm1.png  used on input line 216.
(pdftex.def)             Requested size: 197.8072pt x 142.26378pt.
<./pe/norm2.png, id=1098, 350.30875pt x 251.94125pt>
File: ./pe/norm2.png Graphic file (type png)
<use ./pe/norm2.png>
Package pdftex.def Info: ./pe/norm2.png  used on input line 228.
(pdftex.def)             Requested size: 197.8072pt x 142.26378pt.
<./pe/norm3.png, id=1099, 350.30875pt x 251.94125pt>
File: ./pe/norm3.png Graphic file (type png)
<use ./pe/norm3.png>
Package pdftex.def Info: ./pe/norm3.png  used on input line 240.
(pdftex.def)             Requested size: 197.8072pt x 142.26378pt.
<./pe/norm4.png, id=1100, 361.35pt x 251.94125pt>
File: ./pe/norm4.png Graphic file (type png)
<use ./pe/norm4.png>
Package pdftex.def Info: ./pe/norm4.png  used on input line 252.
(pdftex.def)             Requested size: 204.04182pt x 142.26378pt.
<./pe/normCDF.png, id=1101, 373.395pt x 256.96pt>
File: ./pe/normCDF.png Graphic file (type png)
<use ./pe/normCDF.png>
Package pdftex.def Info: ./pe/normCDF.png  used on input line 287.
(pdftex.def)             Requested size: 206.7296pt x 142.26378pt.

Underfull \vbox (badness 3271) has occurred while \output is active []

 [53]
<./pe/relBinNorm.png, id=1106, 398.48875pt x 256.96pt>
File: ./pe/relBinNorm.png Graphic file (type png)
<use ./pe/relBinNorm.png>
Package pdftex.def Info: ./pe/relBinNorm.png  used on input line 332.
(pdftex.def)             Requested size: 220.62271pt x 142.26378pt.

[54 <./pe/normCDF.png>] [55 <./pe/relBinNorm.png>]
<./pe/distPoisson0.png, id=1126, 385.44pt x 256.96pt>
File: ./pe/distPoisson0.png Graphic file (type png)
<use ./pe/distPoisson0.png>
Package pdftex.def Info: ./pe/distPoisson0.png  used on input line 412.
(pdftex.def)             Requested size: 298.75996pt x 199.16928pt.
<./pe/distPoisson1.png, id=1127, 373.395pt x 256.96pt>
File: ./pe/distPoisson1.png Graphic file (type png)
<use ./pe/distPoisson1.png>
Package pdftex.def Info: ./pe/distPoisson1.png  used on input line 422.
(pdftex.def)             Requested size: 289.4237pt x 199.16928pt.
 [56]
<./pe/binVsPoi.png, id=1133, 501.875pt x 348.30125pt>
File: ./pe/binVsPoi.png Graphic file (type png)
<use ./pe/binVsPoi.png>
Package pdftex.def Info: ./pe/binVsPoi.png  used on input line 468.
(pdftex.def)             Requested size: 286.98302pt x 199.16928pt.
 [57] [58] [59])
[60] [61 <./images/2020-08-15 19_49_02.png>] [62 <./images/puzzle-5294291_1280.
jpg> <./images/1280px-Venn_diagram_for_A_union_B.svg.png> <./pe/pands0101.png> 
<./pe/pands0102.png>] [63 <./pe/deck.jpg> <./images/Bayes_Theorem_2D.png> <./pe
/pands0103.png>] [64 <./pe/pands0201.png> <./pe/pands0206.png> <./pe/pands0207.
png> <./pe/pands0202.png>] [65 <./pe/pands0203.png> <./pe/tab0203.png> <./pe/pa
nds0204.png> <./pe/tab0206.png>] [66 <./pe/pands0301.png> <./pe/distBin01.png> 
<./pe/norm1.png>] [67 <./pe/norm2.png> <./pe/norm3.png> <./pe/norm4.png>]
[68 <./pe/distPoisson0.png> <./pe/distPoisson1.png>] [69 <./pe/binVsPoi.png>]
[70

]
Cap\'{\i }tulo 3.
(conceptos_estadisticos.tex
LaTeX Font Info:    External font `lmex10' loaded for size
(Font)              <10.95> on input line 23.
LaTeX Font Info:    Font shape `U/msa/m/n' will be
(Font)              scaled to size 11.40997pt on input line 23.
LaTeX Font Info:    Font shape `U/msb/m/n' will be
(Font)              scaled to size 11.40997pt on input line 23.
) (muestreo_aleatorio.tex [71])
(pruebas_de_hipotesis.tex [72]) (estadisticos_z_t.tex [73]

LaTeX Warning: Marginpar on page 74 moved.

<./images/Student_densite_best.jpg, id=1263, 921.4425pt x 569.12625pt>
File: ./images/Student_densite_best.jpg Graphic file (type jpg)
<use ./images/Student_densite_best.jpg>
Package pdftex.def Info: ./images/Student_densite_best.jpg  used on input line 
66.
(pdftex.def)             Requested size: 230.33194pt x 142.26378pt.

Overfull \hbox (85.13983pt too wide) in paragraph at lines 70--70
\T1/lmr/m/n/8 https://commons.wikimedia.org/w/index.php?curid=1878902  
 []

<./images/T_distributionCDF.png, id=1264, 289.08pt x 289.08pt>
File: ./images/T_distributionCDF.png Graphic file (type png)
<use ./images/T_distributionCDF.png>
Package pdftex.def Info: ./images/T_distributionCDF.png  used on input line 77.

(pdftex.def)             Requested size: 142.26357pt x 142.26378pt.

Underfull \hbox (badness 1189) in paragraph at lines 81--81
\T1/lmr/m/n/8 Figura 3.2: De Des-co- 
 []


Overfull \hbox (80.88983pt too wide) in paragraph at lines 81--81
\T1/lmr/m/n/8 https://commons.wikimedia.org/w/index.php?curid=788691  
 []

[74 <./images/Student_densite_best.jpg> <./images/T_distributionCDF.png>]
<./images/tCDF.png, id=1282, 373.395pt x 256.96pt>
File: ./images/tCDF.png Graphic file (type png)
<use ./images/tCDF.png>
Package pdftex.def Info: ./images/tCDF.png  used on input line 107.
(pdftex.def)             Requested size: 289.4237pt x 199.16928pt.
<./images/tExample.png, id=1283, 728.7225pt x 362.10281pt>
File: ./images/tExample.png Graphic file (type png)
<use ./images/tExample.png>
Package pdftex.def Info: ./images/tExample.png  used on input line 127.
(pdftex.def)             Requested size: 171.77242pt x 85.35826pt.

[75 <./images/tCDF.png> <./images/tExample.png>]) (intervalos_de_confianza.tex
Overfull \hbox (1.7191pt too wide) in paragraph at lines 1--1
|[]\T1/lmr/m/it/12 Intervalos de con-fian-za, ni-ve-les de sig-ni-fi-ca-cin y 
va-lo-res $\OML/lmm/m/it/12 p$| 
 []


Package hyperref Warning: Token not allowed in a PDF string (Unicode):
(hyperref)                removing `math shift' on input line 1.


Package hyperref Warning: Token not allowed in a PDF string (Unicode):
(hyperref)                removing `math shift' on input line 1.

<./images/kum0401.png, id=1301, 460.72125pt x 425.33907pt>
File: ./images/kum0401.png Graphic file (type png)
<use ./images/kum0401.png>
Package pdftex.def Info: ./images/kum0401.png  used on input line 5.
(pdftex.def)             Requested size: 154.09828pt x 142.26378pt.
[76 <./images/kum0401.png>]
<./images/kum0402.png, id=1321, 511.9125pt x 418.56375pt>
File: ./images/kum0402.png Graphic file (type png)
<use ./images/kum0402.png>
Package pdftex.def Info: ./images/kum0402.png  used on input line 60.
(pdftex.def)             Requested size: 173.98546pt x 142.26378pt.
 [77 <./images/kum0402.png>]
<./images/kum0403.png, id=1329, 864.98157pt x 443.40656pt>
File: ./images/kum0403.png Graphic file (type png)
<use ./images/kum0403.png>
Package pdftex.def Info: ./images/kum0403.png  used on input line 86.
(pdftex.def)             Requested size: 284.52756pt x 145.851pt.
<./images/kum0404.png, id=1330, 878.53218pt x 430.60875pt>
File: ./images/kum0404.png Graphic file (type png)
<use ./images/kum0404.png>
Package pdftex.def Info: ./images/kum0404.png  used on input line 96.
(pdftex.def)             Requested size: 284.52756pt x 139.45996pt.
)
(guia_prueba_hipotesis.tex
Overfull \hbox (1.52162pt too wide) in paragraph at lines 1--1
|[]\T1/lmr/m/it/12 Una gua pa-so a pa-so pa-ra rea-li-zar una prue-ba de hi-p
-te-sis| 
 []

[78 <./images/kum0403.png> <./images/kum0404.png>] [79]
<./images/kum0405.png, id=1351, 501.37312pt x 407.27156pt>
File: ./images/kum0405.png Graphic file (type png)
<use ./images/kum0405.png>
Package pdftex.def Info: ./images/kum0405.png  used on input line 66.
(pdftex.def)             Requested size: 175.1313pt x 142.26378pt.
) (chi_cuadrada.tex

Package hyperref Warning: Token not allowed in a PDF string (Unicode):
(hyperref)                removing `math shift' on input line 1.


Package hyperref Warning: Token not allowed in a PDF string (Unicode):
(hyperref)                removing `\chi' on input line 1.


Package hyperref Warning: Token not allowed in a PDF string (Unicode):
(hyperref)                removing `math shift' on input line 1.

[80 <./images/kum0405.png>] [81]
<./images/statsChi2.png, id=1370, 389.455pt x 252.945pt>
File: ./images/statsChi2.png Graphic file (type png)
<use ./images/statsChi2.png>
Package pdftex.def Info: ./images/statsChi2.png  used on input line 89.
(pdftex.def)             Requested size: 219.04411pt x 142.26378pt.
<./images/statsChi2Several.png, id=1371, 376.40625pt x 252.945pt>
File: ./images/statsChi2Several.png Graphic file (type png)
<use ./images/statsChi2Several.png>
Package pdftex.def Info: ./images/statsChi2Several.png  used on input line 115.

(pdftex.def)             Requested size: 296.38702pt x 199.16928pt.

Underfull \vbox (badness 10000) has occurred while \output is active []

 [82 <./images/statsChi2.png>]
<./images/kum0407.png, id=1404, 368.1253pt x 360.59718pt>
File: ./images/kum0407.png Graphic file (type png)
<use ./images/kum0407.png>
Package pdftex.def Info: ./images/kum0407.png  used on input line 126.
(pdftex.def)             Requested size: 145.23096pt x 142.26378pt.
 [83 <./images/statsChi2Several.png> <./images/kum0407.png>]) (correlacion.tex 
[84] [85] [86]
<./images/correlationMatrix.png, id=1488, 938.00438pt x 258.9675pt>
File: ./images/correlationMatrix.png Graphic file (type png)
<use ./images/correlationMatrix.png>
Package pdftex.def Info: ./images/correlationMatrix.png  used on input line 144
.
(pdftex.def)             Requested size: 284.52756pt x 78.55226pt.
<./images/tvVsSales.png, id=1489, 373.395pt x 264.99pt>
File: ./images/tvVsSales.png Graphic file (type png)
<use ./images/tvVsSales.png>
Package pdftex.def Info: ./images/tvVsSales.png  used on input line 179.
(pdftex.def)             Requested size: 284.52756pt x 201.93227pt.
<./images/radioVsSales.png, id=1490, 373.395pt x 264.99pt>
File: ./images/radioVsSales.png Graphic file (type png)
<use ./images/radioVsSales.png>
Package pdftex.def Info: ./images/radioVsSales.png  used on input line 185.
(pdftex.def)             Requested size: 284.52756pt x 201.93227pt.
 [87 <./images/correlationMatrix.png> <./images/tvVsSales.png>]
<./images/newsVsSales.png, id=1518, 373.395pt x 264.99pt>
File: ./images/newsVsSales.png Graphic file (type png)
<use ./images/newsVsSales.png>
Package pdftex.def Info: ./images/newsVsSales.png  used on input line 191.
(pdftex.def)             Requested size: 284.52756pt x 201.93227pt.
) [88 <./images/radioVsSales.png> <./images/newsVsSales.png>]
Cap\'{\i }tulo 4.
(regresiones_lineales.tex [89

]) (matematicas_regresiones.tex [90])
(simulacion_regresion.tex [91]
<./images/actualVsPredicted.png, id=1562, 376.40625pt x 264.99pt>
File: ./images/actualVsPredicted.png Graphic file (type png)
<use ./images/actualVsPredicted.png>
Package pdftex.def Info: ./images/actualVsPredicted.png  used on input line 76.

(pdftex.def)             Requested size: 284.52756pt x 200.32298pt.
 [92 <./images/actualVsPredicted.png>] [93])
(valores_optimos.tex
Overfull \hbox (12.76053pt too wide) in paragraph at lines 1--1
|[]\T1/lmr/m/it/12 Encontrando el va-lor op-ti-mo de los co-efi-cien-tes de una
 re-gre-
 []


Overfull \hbox (28.49562pt too wide) in paragraph at lines 3--5
[]\T1/lmr/m/n/10 Regresemos a nues-tro mar-co de da-tos \T1/lmtt/m/n/10 df\T1/l
mr/m/n/10 . La co-lum-na \T1/lmtt/m/n/10 Input_Variable(X) 
 []

[94]
<./images/optimalValue.png, id=1647, 375.4025pt x 264.99pt>
File: ./images/optimalValue.png Graphic file (type png)
<use ./images/optimalValue.png>
Package pdftex.def Info: ./images/optimalValue.png  used on input line 85.
(pdftex.def)             Requested size: 284.52756pt x 200.8567pt.

Underfull \vbox (badness 10000) has occurred while \output is active []

 [95]
[96 <./images/optimalValue.png>] [97]) (implementacion_regresion.tex [98]
Overfull \hbox (54.02022pt too wide) in paragraph at lines 12--13
[]\T1/lmr/m/n/10 El m-to-do \T1/lmtt/m/n/10 ols \T1/lmr/m/n/10 (``or-di-nary l
east squa-res'') y la li-bre-ra \T1/lmtt/m/n/10 statsmodel.formula.api  
 []

[99]
Overfull \hbox (105.80405pt too wide) in paragraph at lines 92--93
[][] 
 []


Overfull \hbox (105.80405pt too wide) in paragraph at lines 102--103
[][] 
 []

[100]
Overfull \hbox (105.80405pt too wide) in paragraph at lines 104--105
[][] 
 []


Overfull \hbox (105.80405pt too wide) in paragraph at lines 107--108
[][] 
 []

<./images/statsModelExample.png, id=1773, 387.4475pt x 266.9975pt>
File: ./images/statsModelExample.png Graphic file (type png)
<use ./images/statsModelExample.png>
Package pdftex.def Info: ./images/statsModelExample.png  used on input line 148
.
(pdftex.def)             Requested size: 284.52756pt x 196.07579pt.

Underfull \vbox (badness 1558) has occurred while \output is active []

 [101])
(regresion_multiple.tex [102 <./images/statsModelExample.png>] [103] [104]
[105]
Overfull \hbox (105.80405pt too wide) in paragraph at lines 199--200
[][] 
 []


Overfull \hbox (105.80405pt too wide) in paragraph at lines 209--210
[][] 
 []


Overfull \hbox (105.80405pt too wide) in paragraph at lines 211--212
[][] 
 []


Overfull \hbox (105.80405pt too wide) in paragraph at lines 215--216
[][] 
 []


Overfull \hbox (105.80405pt too wide) in paragraph at lines 220--221
[][] 
 []

[106] [107]
Overfull \hbox (105.80405pt too wide) in paragraph at lines 286--287
[][] 
 []


Overfull \hbox (105.80405pt too wide) in paragraph at lines 296--297
[][] 
 []


Overfull \hbox (105.80405pt too wide) in paragraph at lines 298--299
[][] 
 []


Overfull \hbox (105.80405pt too wide) in paragraph at lines 302--303
[][] 
 []


Overfull \hbox (105.80405pt too wide) in paragraph at lines 307--308
[][] 
 []

[108] [109] [110]) (validacion_modelo.tex [111] [112]
Overfull \hbox (105.80405pt too wide) in paragraph at lines 66--67
[][] 
 []


Overfull \hbox (105.80405pt too wide) in paragraph at lines 76--77
[][] 
 []


Overfull \hbox (105.80405pt too wide) in paragraph at lines 78--79
[][] 
 []


Overfull \hbox (105.80405pt too wide) in paragraph at lines 82--83
[][] 
 []


Overfull \hbox (105.80405pt too wide) in paragraph at lines 87--88
[][] 
 []

[113]
Overfull \hbox (105.80405pt too wide) in paragraph at lines 97--98
[][] 
 []


Overfull \hbox (105.80405pt too wide) in paragraph at lines 107--108
[][] 
 []


Overfull \hbox (105.80405pt too wide) in paragraph at lines 109--110
[][] 
 []


Overfull \hbox (105.80405pt too wide) in paragraph at lines 113--114
[][] 
 []


Overfull \hbox (105.80405pt too wide) in paragraph at lines 118--119
[][] 
 []

[114]) (resumen_modelo.tex
<./images/modelsGuide.png, id=2178, 942.52126pt x 193.47281pt>
File: ./images/modelsGuide.png Graphic file (type png)
<use ./images/modelsGuide.png>
Package pdftex.def Info: ./images/modelsGuide.png  used on input line 5.
(pdftex.def)             Requested size: 284.52756pt x 58.4054pt.
 [115 <./images/modelsGuide.png>])
(regresion_scikit.tex [116]
Overfull \hbox (26.93262pt too wide) in paragraph at lines 76--77
[]\T1/lmr/m/n/10 Veamos c-mo se pue-de ha-cer una se-lec-cin de fun-cio-nes e
n \T1/lmtt/m/n/10 scikit-learn\T1/lmr/m/n/10 :  
 []


Overfull \hbox (26.12349pt too wide) in paragraph at lines 94--96
[]\T1/lmr/m/n/10 Usamos los m-to-dos de-no-mi-na-dos \T1/lmtt/m/n/10 RFE \T1/l
mr/m/n/10 y \T1/lmtt/m/n/10 SVR \T1/lmr/m/n/10 in-te-gra-dos en \T1/lmtt/m/n/10
 scikit-learn\T1/lmr/m/n/10 . 
 []

[117]) (otros_problemas.tex [118] [119] [120] [121] [122]
<./images/dummies.png, id=2351, 906.38625pt x 366.61969pt>
File: ./images/dummies.png Graphic file (type png)
<use ./images/dummies.png>
Package pdftex.def Info: ./images/dummies.png  used on input line 316.
(pdftex.def)             Requested size: 284.52756pt x 115.08302pt.

Overfull \hbox (10.36327pt too wide) in paragraph at lines 322--322
|\T1/lmr/m/it/10.95 Transformando una va-ria-ble pa-ra ajus-tar-la a una re-la-
cin no li-neal| 
 []

[123 <./images/dummies.png>] [124]
<./images/hpVsMpg.png, id=2402, 387.4475pt x 266.9975pt>
File: ./images/hpVsMpg.png Graphic file (type png)
<use ./images/hpVsMpg.png>
Package pdftex.def Info: ./images/hpVsMpg.png  used on input line 395.
(pdftex.def)             Requested size: 284.52756pt x 196.07579pt.
 [125 <./images/hpVsMpg.png>]
<./images/hpLR.png, id=2425, 387.4475pt x 266.9975pt>
File: ./images/hpLR.png Graphic file (type png)
<use ./images/hpLR.png>
Package pdftex.def Info: ./images/hpLR.png  used on input line 445.
(pdftex.def)             Requested size: 284.52756pt x 196.07579pt.
 [126 <./images/hpLR.png>]
<./images/hpNLR.png, id=2454, 373.395pt x 252.945pt>
File: ./images/hpNLR.png Graphic file (type png)
<use ./images/hpNLR.png>
Package pdftex.def Info: ./images/hpNLR.png  used on input line 506.
(pdftex.def)             Requested size: 284.52756pt x 192.75352pt.
)

Package bibentry Warning: You have used \nobibliography* 
(bibentry)                without a following \bibliography.
(bibentry)                You may not be able to run BibTeX.

[127 <./images/hpNLR.png>] ([Modelación Estadística].aux
LaTeX Info: Redefining \. on input line 23.
LaTeX Info: Redefining \% on input line 23.
)

LaTeX Warning: There were multiply-defined labels.

Package rerunfilecheck Info: File `"[Modelación Estadística]".out' has not ch
anged.
(rerunfilecheck)             Checksum: 62685819FB310C7A5B07F3AA4D0822B6;6771.
 ) 
Here is how much of TeX's memory you used:
 33362 strings out of 478927
 598267 string characters out of 2852534
 1580356 words of memory out of 3000000
 48569 multiletter control sequences out of 15000+600000
 561372 words of font info for 177 fonts, out of 8000000 for 9000
 1141 hyphenation exceptions out of 8191
 94i,16n,98p,521b,2003s stack positions out of 5000i,500n,10000p,200000b,80000s
pdfTeX warning (dest): name{ejemplo.2.6.1} has been referenced but does not e
xist, replaced by a fixed one

{C:/Users/julih/AppData/Local/Programs/MiKTeX/fonts/enc/dvips/lm/lm-ec.enc}{C:/
Users/julih/AppData/Local/Programs/MiKTeX/fonts/enc/dvips/lm/lm-rm.enc}{C:/User
s/julih/AppData/Local/Programs/MiKTeX/fonts/enc/dvips/lm/lm-mathsy.enc}{C:/User
s/julih/AppData/Local/Programs/MiKTeX/fonts/enc/dvips/lm/lm-mathit.enc}{C:/User
s/julih/AppData/Local/Programs/MiKTeX/fonts/enc/dvips/base/8r.enc}{C:/Users/jul
ih/AppData/Local/Programs/MiKTeX/fonts/enc/dvips/lm/lm-mathex.enc}<C:/Users/jul
ih/AppData/Local/Programs/MiKTeX/fonts/type1/public/amsfonts/cm/cmr10.pfb><C:/U
sers/julih/AppData/Local/Programs/MiKTeX/fonts/type1/public/amsfonts/euler/eufm
10.pfb><C:/Users/julih/AppData/Local/Programs/MiKTeX/fonts/type1/public/mathpaz
o/fplmbb.pfb><C:/Users/julih/AppData/Local/Programs/MiKTeX/fonts/type1/public/m
athpazo/fplmr.pfb><C:/Users/julih/AppData/Local/Programs/MiKTeX/fonts/type1/pub
lic/lm/lmbx10.pfb><C:/Users/julih/AppData/Local/Programs/MiKTeX/fonts/type1/pub
lic/lm/lmcsc10.pfb><C:/Users/julih/AppData/Local/Programs/MiKTeX/fonts/type1/pu
blic/lm/lmex10.pfb><C:/Users/julih/AppData/Local/Programs/MiKTeX/fonts/type1/pu
blic/lm/lmmi10.pfb><C:/Users/julih/AppData/Local/Programs/MiKTeX/fonts/type1/pu
blic/lm/lmmi12.pfb><C:/Users/julih/AppData/Local/Programs/MiKTeX/fonts/type1/pu
blic/lm/lmmi6.pfb><C:/Users/julih/AppData/Local/Programs/MiKTeX/fonts/type1/pub
lic/lm/lmmi8.pfb><C:/Users/julih/AppData/Local/Programs/MiKTeX/fonts/type1/publ
ic/lm/lmr10.pfb><C:/Users/julih/AppData/Local/Programs/MiKTeX/fonts/type1/publi
c/lm/lmr12.pfb><C:/Users/julih/AppData/Local/Programs/MiKTeX/fonts/type1/public
/lm/lmr5.pfb><C:/Users/julih/AppData/Local/Programs/MiKTeX/fonts/type1/public/l
m/lmr6.pfb><C:/Users/julih/AppData/Local/Programs/MiKTeX/fonts/type1/public/lm/
lmr8.pfb><C:/Users/julih/AppData/Local/Programs/MiKTeX/fonts/type1/public/lm/lm
r9.pfb><C:/Users/julih/AppData/Local/Programs/MiKTeX/fonts/type1/public/lm/lmri
10.pfb><C:/Users/julih/AppData/Local/Programs/MiKTeX/fonts/type1/public/lm/lmri
12.pfb><C:/Users/julih/AppData/Local/Programs/MiKTeX/fonts/type1/public/lm/lmss
12.pfb><C:/Users/julih/AppData/Local/Programs/MiKTeX/fonts/type1/public/lm/lmss
17.pfb><C:/Users/julih/AppData/Local/Programs/MiKTeX/fonts/type1/public/lm/lmsy
10.pfb><C:/Users/julih/AppData/Local/Programs/MiKTeX/fonts/type1/public/lm/lmsy
6.pfb><C:/Users/julih/AppData/Local/Programs/MiKTeX/fonts/type1/public/lm/lmsy8
.pfb><C:/Users/julih/AppData/Local/Programs/MiKTeX/fonts/type1/public/lm/lmtt10
.pfb><C:/Users/julih/AppData/Local/Programs/MiKTeX/fonts/type1/public/lm/lmtt8.
pfb><C:/Users/julih/AppData/Local/Programs/MiKTeX/fonts/type1/public/lm/lmtti10
.pfb><C:/Users/julih/AppData/Local/Programs/MiKTeX/fonts/type1/urw/palatino/upl
r8a.pfb>
Output written on "[Modelación Estadística].pdf" (127 pages, 2376846 bytes).
PDF statistics:
 2954 PDF objects out of 2984 (max. 8388607)
 1738 named destinations out of 2073 (max. 500000)
 3129 words of extra memory for PDF output out of 10000 (max. 10000000)

